#
# There is insufficient memory for the Java Runtime Environment to continue.
# Native memory allocation (mmap) failed to map 50331648 bytes for G1 virtual space
# Possible reasons:
#   The system is out of physical RAM or swap space
#   The process is running with CompressedOops enabled, and the Java Heap may be blocking the growth of the native heap
# Possible solutions:
#   Reduce memory load on the system
#   Increase physical memory or swap space
#   Check if swap backing store is full
#   Decrease Java heap size (-Xmx/-Xms)
#   Decrease number of Java threads
#   Decrease Java thread stack sizes (-Xss)
#   Set larger code cache with -XX:ReservedCodeCacheSize=
#   JVM is running with Unscaled Compressed Oops mode in which the Java heap is
#     placed in the first 4GB address space. The Java Heap base address is the
#     maximum limit for the native heap growth. Please use -XX:HeapBaseMinAddress
#     to set the Java Heap base and to place the Java Heap above 4GB virtual address.
# This output file may be truncated or incomplete.
#
#  Out of Memory Error (os_windows.cpp:3613), pid=2776, tid=12620
#
# JRE version: OpenJDK Runtime Environment Corretto-17.0.10.7.1 (17.0.10+7) (build 17.0.10+7-LTS)
# Java VM: OpenJDK 64-Bit Server VM Corretto-17.0.10.7.1 (17.0.10+7-LTS, mixed mode, emulated-client, sharing, tiered, compressed oops, compressed class ptrs, g1 gc, windows-amd64)
# No core dump will be written. Minidumps are not enabled by default on client versions of Windows
#

---------------  S U M M A R Y ------------

Command Line: -XX:TieredStopAtLevel=1 -Dspring.output.ansi.enabled=always -Dcom.sun.management.jmxremote -Dspring.jmx.enabled=true -Dspring.liveBeansView.mbeanDomain -Dspring.application.admin.enabled=true -Dmanagement.endpoints.jmx.exposure.include=* -javaagent:C:\Program Files\JetBrains\IntelliJ IDEA 2023.2.3\lib\idea_rt.jar=58344:C:\Program Files\JetBrains\IntelliJ IDEA 2023.2.3\bin -Dfile.encoding=UTF-8 project.FashionApplication

Host: Intel(R) Core(TM) i3-9100F CPU @ 3.60GHz, 4 cores, 7G,  Windows 10 , 64 bit Build 19041 (10.0.19041.3636)
Time: Sun Mar 31 22:23:02 2024 SE Asia Standard Time elapsed time: 5.957943 seconds (0d 0h 0m 5s)

---------------  T H R E A D  ---------------

Current thread (0x0000016d7fc78f10):  VMThread "VM Thread" [stack: 0x00000005cca00000,0x00000005ccb00000] [id=12620]

Stack: [0x00000005cca00000,0x00000005ccb00000]
Native frames: (J=compiled Java code, j=interpreted, Vv=VM code, C=native code)
V  [jvm.dll+0x67d2c9]
V  [jvm.dll+0x834b1a]
V  [jvm.dll+0x8365de]
V  [jvm.dll+0x836c43]
V  [jvm.dll+0x2477ff]
V  [jvm.dll+0x67a109]
V  [jvm.dll+0x66eb7a]
V  [jvm.dll+0x30764b]
V  [jvm.dll+0x30eaf6]
V  [jvm.dll+0x35e83e]
V  [jvm.dll+0x35ea6f]
V  [jvm.dll+0x2de248]
V  [jvm.dll+0x2dc424]
V  [jvm.dll+0x2dba2c]
V  [jvm.dll+0x31faeb]
V  [jvm.dll+0x83b13b]
V  [jvm.dll+0x83be81]
V  [jvm.dll+0x83c39d]
V  [jvm.dll+0x83c774]
V  [jvm.dll+0x83c840]
V  [jvm.dll+0x7e3fda]
V  [jvm.dll+0x67c1b5]
C  [ucrtbase.dll+0x21bb2]
C  [KERNEL32.DLL+0x17344]
C  [ntdll.dll+0x526b1]

VM_Operation (0x00000005cdffb6a0): G1CollectForAllocation, mode: safepoint, requested by thread 0x0000016d4bbd1060


---------------  P R O C E S S  ---------------

Threads class SMR info:
_java_thread_list=0x0000016d4dbaeb60, length=25, elements={
0x0000016d741cacf0, 0x0000016d7fc7cb70, 0x0000016d7fc7d9f0, 0x0000016d7fc92cb0,
0x0000016d7fc93f40, 0x0000016d7fc97a20, 0x0000016d7fc983e0, 0x0000016d7fc99660,
0x0000016d7fc9b430, 0x0000016d4b182850, 0x0000016d4b18aef0, 0x0000016d4b18f420,
0x0000016d4b4f5720, 0x0000016d4b4f6820, 0x0000016d4b7b6610, 0x0000016d4bba7050,
0x0000016d4bbd1060, 0x0000016d4b7d3e20, 0x0000016d4bcb3440, 0x0000016d4c2f8320,
0x0000016d4c2f5080, 0x0000016d4c2f5590, 0x0000016d4c2f6ee0, 0x0000016d4c2f5aa0,
0x0000016d4c2f64c0
}

Java Threads: ( => current thread )
  0x0000016d741cacf0 JavaThread "main" [_thread_blocked, id=1776, stack(0x00000005cc400000,0x00000005cc500000)]
  0x0000016d7fc7cb70 JavaThread "Reference Handler" daemon [_thread_blocked, id=7872, stack(0x00000005ccb00000,0x00000005ccc00000)]
  0x0000016d7fc7d9f0 JavaThread "Finalizer" daemon [_thread_blocked, id=5064, stack(0x00000005ccc00000,0x00000005ccd00000)]
  0x0000016d7fc92cb0 JavaThread "Signal Dispatcher" daemon [_thread_blocked, id=9304, stack(0x00000005ccd00000,0x00000005cce00000)]
  0x0000016d7fc93f40 JavaThread "Attach Listener" daemon [_thread_blocked, id=12864, stack(0x00000005cce00000,0x00000005ccf00000)]
  0x0000016d7fc97a20 JavaThread "Service Thread" daemon [_thread_blocked, id=3692, stack(0x00000005ccf00000,0x00000005cd000000)]
  0x0000016d7fc983e0 JavaThread "Monitor Deflation Thread" daemon [_thread_blocked, id=1900, stack(0x00000005cd000000,0x00000005cd100000)]
  0x0000016d7fc99660 JavaThread "C1 CompilerThread0" daemon [_thread_blocked, id=12476, stack(0x00000005cd100000,0x00000005cd200000)]
  0x0000016d7fc9b430 JavaThread "Sweeper thread" daemon [_thread_blocked, id=9704, stack(0x00000005cd200000,0x00000005cd300000)]
  0x0000016d4b182850 JavaThread "Common-Cleaner" daemon [_thread_blocked, id=6860, stack(0x00000005cd300000,0x00000005cd400000)]
  0x0000016d4b18aef0 JavaThread "C1 CompilerThread1" daemon [_thread_blocked, id=8764, stack(0x00000005cd400000,0x00000005cd500000)]
  0x0000016d4b18f420 JavaThread "C1 CompilerThread2" daemon [_thread_blocked, id=5200, stack(0x00000005cd500000,0x00000005cd600000)]
  0x0000016d4b4f5720 JavaThread "Monitor Ctrl-Break" daemon [_thread_in_native, id=11016, stack(0x00000005cd600000,0x00000005cd700000)]
  0x0000016d4b4f6820 JavaThread "Notification Thread" daemon [_thread_blocked, id=3452, stack(0x00000005cd700000,0x00000005cd800000)]
  0x0000016d4b7b6610 JavaThread "RMI TCP Accept-0" daemon [_thread_in_native, id=6644, stack(0x00000005cd800000,0x00000005cd900000)]
  0x0000016d4bba7050 JavaThread "Thread-0" [_thread_blocked, id=6372, stack(0x00000005cde00000,0x00000005cdf00000)]
  0x0000016d4bbd1060 JavaThread "restartedMain" [_thread_blocked, id=8828, stack(0x00000005cdf00000,0x00000005ce000000)]
  0x0000016d4b7d3e20 JavaThread "RMI TCP Connection(1)-192.168.1.8" daemon [_thread_in_native, id=10068, stack(0x00000005ce000000,0x00000005ce100000)]
  0x0000016d4bcb3440 JavaThread "RMI Scheduler(0)" daemon [_thread_blocked, id=12932, stack(0x00000005ce100000,0x00000005ce200000)]
  0x0000016d4c2f8320 JavaThread "mysql-cj-abandoned-connection-cleanup" daemon [_thread_blocked, id=1380, stack(0x00000005ce200000,0x00000005ce300000)]
  0x0000016d4c2f5080 JavaThread "HikariPool-1 housekeeper" daemon [_thread_blocked, id=1272, stack(0x00000005ce400000,0x00000005ce500000)]
  0x0000016d4c2f5590 JavaThread "Catalina-utility-1" [_thread_blocked, id=3608, stack(0x00000005ce500000,0x00000005ce600000)]
  0x0000016d4c2f6ee0 JavaThread "Catalina-utility-2" [_thread_blocked, id=1684, stack(0x00000005ce600000,0x00000005ce700000)]
  0x0000016d4c2f5aa0 JavaThread "container-0" [_thread_blocked, id=2716, stack(0x00000005ce700000,0x00000005ce800000)]
  0x0000016d4c2f64c0 JavaThread "HikariPool-1 connection adder" daemon [_thread_blocked, id=4312, stack(0x00000005ce800000,0x00000005ce900000)]

Other Threads:
=>0x0000016d7fc78f10 VMThread "VM Thread" [stack: 0x00000005cca00000,0x00000005ccb00000] [id=12620]
  0x0000016d741cbcb0 WatcherThread [stack: 0x00000005cd900000,0x00000005cda00000] [id=9592]
  0x0000016d7421f020 GCTaskThread "GC Thread#0" [stack: 0x00000005cc500000,0x00000005cc600000] [id=1212]
  0x0000016d4b7d3b60 GCTaskThread "GC Thread#1" [stack: 0x00000005cda00000,0x00000005cdb00000] [id=2640]
  0x0000016d4b8a1e20 GCTaskThread "GC Thread#2" [stack: 0x00000005cdb00000,0x00000005cdc00000] [id=1928]
  0x0000016d4b8f6ea0 GCTaskThread "GC Thread#3" [stack: 0x00000005cdc00000,0x00000005cdd00000] [id=9752]
  0x0000016d7208df70 ConcurrentGCThread "G1 Main Marker" [stack: 0x00000005cc600000,0x00000005cc700000] [id=8228]
  0x0000016d7208e990 ConcurrentGCThread "G1 Conc#0" [stack: 0x00000005cc700000,0x00000005cc800000] [id=4692]
  0x0000016d7426e470 ConcurrentGCThread "G1 Refine#0" [stack: 0x00000005cc800000,0x00000005cc900000] [id=6060]
  0x0000016d4b8e15a0 ConcurrentGCThread "G1 Refine#1" [stack: 0x00000005cdd00000,0x00000005cde00000] [id=10396]
  0x0000016d7fb358e0 ConcurrentGCThread "G1 Service" [stack: 0x00000005cc900000,0x00000005cca00000] [id=12512]

Threads with active compile tasks:

VM state: at safepoint (normal execution)

VM Mutex/Monitor currently owned by a thread:  ([mutex/lock_event])
[0x0000016d741c4b30] Threads_lock - owner thread: 0x0000016d7fc78f10
[0x0000016d741c5b80] Heap_lock - owner thread: 0x0000016d4bbd1060

Heap address: 0x0000000080e00000, size: 2034 MB, Compressed Oops mode: 32-bit

CDS archive(s) mapped at: [0x0000016d06000000-0x0000016d06bb0000-0x0000016d06bb0000), size 12255232, SharedBaseAddress: 0x0000016d06000000, ArchiveRelocationMode: 1.
Compressed class space mapped at: 0x0000016d07000000-0x0000016d47000000, reserved size: 1073741824
Narrow klass base: 0x0000016d06000000, Narrow klass shift: 0, Narrow klass range: 0x100000000

GC Precious Log:
 CPUs: 4 total, 4 available
 Memory: 8130M
 Large Page Support: Disabled
 NUMA Support: Disabled
 Compressed Oops: Enabled (32-bit)
 Heap Region Size: 1M
 Heap Min Capacity: 8M
 Heap Initial Capacity: 128M
 Heap Max Capacity: 2034M
 Pre-touch: Disabled
 Parallel Workers: 4
 Concurrent Workers: 1
 Concurrent Refinement Workers: 4
 Periodic GC: Disabled

Heap:
 garbage-first heap   total 81920K, used 31279K [0x0000000080e00000, 0x0000000100000000)
  region size 1024K, 2 young (2048K), 2 survivors (2048K)
 Metaspace       used 61178K, committed 61760K, reserved 1114112K
  class space    used 8815K, committed 9088K, reserved 1048576K

Heap Regions: E=young(eden), S=young(survivor), O=old, HS=humongous(starts), HC=humongous(continues), CS=collection set, F=free, OA=open archive, CA=closed archive, TAMS=top-at-mark-start (previous, next)
|   0|0x0000000080e00000, 0x0000000080f00000, 0x0000000080f00000|100%|HS|  |TAMS 0x0000000080f00000, 0x0000000080f00000| Complete 
|   1|0x0000000080f00000, 0x0000000081000000, 0x0000000081000000|100%| O|  |TAMS 0x0000000081000000, 0x0000000081000000| Untracked 
|   2|0x0000000081000000, 0x0000000081100000, 0x0000000081100000|100%| O|  |TAMS 0x0000000081100000, 0x0000000081100000| Untracked 
|   3|0x0000000081100000, 0x0000000081200000, 0x0000000081200000|100%| O|  |TAMS 0x0000000081200000, 0x0000000081200000| Untracked 
|   4|0x0000000081200000, 0x0000000081300000, 0x0000000081300000|100%| O|  |TAMS 0x0000000081300000, 0x0000000081300000| Untracked 
|   5|0x0000000081300000, 0x0000000081400000, 0x0000000081400000|100%| O|  |TAMS 0x0000000081400000, 0x0000000081400000| Untracked 
|   6|0x0000000081400000, 0x0000000081500000, 0x0000000081500000|100%| O|  |TAMS 0x0000000081500000, 0x0000000081500000| Untracked 
|   7|0x0000000081500000, 0x0000000081600000, 0x0000000081600000|100%| O|  |TAMS 0x0000000081600000, 0x0000000081600000| Untracked 
|   8|0x0000000081600000, 0x0000000081700000, 0x0000000081700000|100%| O|  |TAMS 0x0000000081700000, 0x0000000081700000| Untracked 
|   9|0x0000000081700000, 0x0000000081800000, 0x0000000081800000|100%| O|  |TAMS 0x0000000081800000, 0x0000000081800000| Untracked 
|  10|0x0000000081800000, 0x0000000081900000, 0x0000000081900000|100%| O|  |TAMS 0x0000000081900000, 0x0000000081900000| Untracked 
|  11|0x0000000081900000, 0x0000000081a00000, 0x0000000081a00000|100%| O|  |TAMS 0x0000000081a00000, 0x0000000081a00000| Untracked 
|  12|0x0000000081a00000, 0x0000000081b00000, 0x0000000081b00000|100%| O|  |TAMS 0x0000000081b00000, 0x0000000081b00000| Untracked 
|  13|0x0000000081b00000, 0x0000000081c00000, 0x0000000081c00000|100%| O|  |TAMS 0x0000000081c00000, 0x0000000081c00000| Untracked 
|  14|0x0000000081c00000, 0x0000000081d00000, 0x0000000081d00000|100%| O|  |TAMS 0x0000000081d00000, 0x0000000081d00000| Untracked 
|  15|0x0000000081d00000, 0x0000000081d00000, 0x0000000081e00000|  0%| F|  |TAMS 0x0000000081d00000, 0x0000000081d00000| Untracked 
|  16|0x0000000081e00000, 0x0000000081f00000, 0x0000000081f00000|100%| O|  |TAMS 0x0000000081f00000, 0x0000000081f00000| Untracked 
|  17|0x0000000081f00000, 0x0000000082000000, 0x0000000082000000|100%| O|  |TAMS 0x0000000082000000, 0x0000000082000000| Untracked 
|  18|0x0000000082000000, 0x0000000082100000, 0x0000000082100000|100%| O|  |TAMS 0x0000000082100000, 0x0000000082100000| Untracked 
|  19|0x0000000082100000, 0x0000000082200000, 0x0000000082200000|100%| O|  |TAMS 0x0000000082200000, 0x0000000082200000| Untracked 
|  20|0x0000000082200000, 0x0000000082300000, 0x0000000082300000|100%| O|  |TAMS 0x0000000082300000, 0x0000000082300000| Untracked 
|  21|0x0000000082300000, 0x0000000082400000, 0x0000000082400000|100%| O|  |TAMS 0x0000000082400000, 0x0000000082400000| Untracked 
|  22|0x0000000082400000, 0x0000000082500000, 0x0000000082500000|100%| O|  |TAMS 0x0000000082400000, 0x0000000082500000| Untracked 
|  23|0x0000000082500000, 0x0000000082600000, 0x0000000082600000|100%| O|  |TAMS 0x0000000082600000, 0x0000000082600000| Untracked 
|  24|0x0000000082600000, 0x0000000082700000, 0x0000000082700000|100%| O|  |TAMS 0x0000000082700000, 0x0000000082700000| Untracked 
|  25|0x0000000082700000, 0x0000000082800000, 0x0000000082800000|100%| O|  |TAMS 0x0000000082724800, 0x0000000082800000| Untracked 
|  26|0x0000000082800000, 0x0000000082900000, 0x0000000082900000|100%| O|  |TAMS 0x0000000082800000, 0x0000000082900000| Untracked 
|  27|0x0000000082900000, 0x0000000082a00000, 0x0000000082a00000|100%| O|  |TAMS 0x0000000082900000, 0x0000000082a00000| Untracked 
|  28|0x0000000082a00000, 0x0000000082b00000, 0x0000000082b00000|100%| O|  |TAMS 0x0000000082a00000, 0x0000000082b00000| Untracked 
|  29|0x0000000082b00000, 0x0000000082c00000, 0x0000000082c00000|100%| O|  |TAMS 0x0000000082b00000, 0x0000000082c00000| Untracked 
|  30|0x0000000082c00000, 0x0000000082c84000, 0x0000000082d00000| 51%| O|  |TAMS 0x0000000082c00000, 0x0000000082c84000| Untracked 
|  31|0x0000000082d00000, 0x0000000082d00000, 0x0000000082e00000|  0%| F|  |TAMS 0x0000000082d00000, 0x0000000082d00000| Untracked 
|  32|0x0000000082e00000, 0x0000000082e00000, 0x0000000082f00000|  0%| F|  |TAMS 0x0000000082e00000, 0x0000000082e00000| Untracked 
|  33|0x0000000082f00000, 0x0000000082f00000, 0x0000000083000000|  0%| F|  |TAMS 0x0000000082f00000, 0x0000000082f00000| Untracked 
|  34|0x0000000083000000, 0x0000000083000000, 0x0000000083100000|  0%| F|  |TAMS 0x0000000083000000, 0x0000000083000000| Untracked 
|  35|0x0000000083100000, 0x0000000083100000, 0x0000000083200000|  0%| F|  |TAMS 0x0000000083100000, 0x0000000083100000| Untracked 
|  36|0x0000000083200000, 0x0000000083200000, 0x0000000083300000|  0%| F|  |TAMS 0x0000000083200000, 0x0000000083200000| Untracked 
|  37|0x0000000083300000, 0x0000000083300000, 0x0000000083400000|  0%| F|  |TAMS 0x0000000083300000, 0x0000000083300000| Untracked 
|  38|0x0000000083400000, 0x0000000083400000, 0x0000000083500000|  0%| F|  |TAMS 0x0000000083400000, 0x0000000083400000| Untracked 
|  39|0x0000000083500000, 0x0000000083500000, 0x0000000083600000|  0%| F|  |TAMS 0x0000000083500000, 0x0000000083500000| Untracked 
|  40|0x0000000083600000, 0x0000000083600000, 0x0000000083700000|  0%| F|  |TAMS 0x0000000083600000, 0x0000000083600000| Untracked 
|  41|0x0000000083700000, 0x0000000083700000, 0x0000000083800000|  0%| F|  |TAMS 0x0000000083700000, 0x0000000083700000| Untracked 
|  42|0x0000000083800000, 0x0000000083807cb0, 0x0000000083900000|  3%| S|CS|TAMS 0x0000000083800000, 0x0000000083800000| Complete 
|  43|0x0000000083900000, 0x0000000083a00000, 0x0000000083a00000|100%| S|CS|TAMS 0x0000000083900000, 0x0000000083900000| Complete 
|  44|0x0000000083a00000, 0x0000000083a00000, 0x0000000083b00000|  0%| F|  |TAMS 0x0000000083a00000, 0x0000000083a00000| Untracked 
|  45|0x0000000083b00000, 0x0000000083b00000, 0x0000000083c00000|  0%| F|  |TAMS 0x0000000083b00000, 0x0000000083b00000| Untracked 
|  46|0x0000000083c00000, 0x0000000083c00000, 0x0000000083d00000|  0%| F|  |TAMS 0x0000000083c00000, 0x0000000083c00000| Untracked 
|  47|0x0000000083d00000, 0x0000000083d00000, 0x0000000083e00000|  0%| F|  |TAMS 0x0000000083d00000, 0x0000000083d00000| Untracked 
|  48|0x0000000083e00000, 0x0000000083e00000, 0x0000000083f00000|  0%| F|  |TAMS 0x0000000083e00000, 0x0000000083e00000| Untracked 
|  49|0x0000000083f00000, 0x0000000083f00000, 0x0000000084000000|  0%| F|  |TAMS 0x0000000083f00000, 0x0000000083f00000| Untracked 
|  50|0x0000000084000000, 0x0000000084000000, 0x0000000084100000|  0%| F|  |TAMS 0x0000000084000000, 0x0000000084000000| Untracked 
|  51|0x0000000084100000, 0x0000000084100000, 0x0000000084200000|  0%| F|  |TAMS 0x0000000084100000, 0x0000000084100000| Untracked 
|  52|0x0000000084200000, 0x0000000084200000, 0x0000000084300000|  0%| F|  |TAMS 0x0000000084200000, 0x0000000084200000| Untracked 
|  53|0x0000000084300000, 0x0000000084300000, 0x0000000084400000|  0%| F|  |TAMS 0x0000000084300000, 0x0000000084300000| Untracked 
|  54|0x0000000084400000, 0x0000000084400000, 0x0000000084500000|  0%| F|  |TAMS 0x0000000084400000, 0x0000000084400000| Untracked 
|  55|0x0000000084500000, 0x0000000084500000, 0x0000000084600000|  0%| F|  |TAMS 0x0000000084500000, 0x0000000084500000| Untracked 
|  56|0x0000000084600000, 0x0000000084600000, 0x0000000084700000|  0%| F|  |TAMS 0x0000000084600000, 0x0000000084600000| Untracked 
|  57|0x0000000084700000, 0x0000000084700000, 0x0000000084800000|  0%| F|  |TAMS 0x0000000084700000, 0x0000000084700000| Untracked 
|  58|0x0000000084800000, 0x0000000084800000, 0x0000000084900000|  0%| F|  |TAMS 0x0000000084800000, 0x0000000084800000| Untracked 
|  59|0x0000000084900000, 0x0000000084900000, 0x0000000084a00000|  0%| F|  |TAMS 0x0000000084900000, 0x0000000084900000| Untracked 
|  60|0x0000000084a00000, 0x0000000084a00000, 0x0000000084b00000|  0%| F|  |TAMS 0x0000000084a00000, 0x0000000084a00000| Untracked 
|  61|0x0000000084b00000, 0x0000000084b00000, 0x0000000084c00000|  0%| F|  |TAMS 0x0000000084b00000, 0x0000000084b00000| Untracked 
|  62|0x0000000084c00000, 0x0000000084c00000, 0x0000000084d00000|  0%| F|  |TAMS 0x0000000084c00000, 0x0000000084c00000| Untracked 
|  63|0x0000000084d00000, 0x0000000084d00000, 0x0000000084e00000|  0%| F|  |TAMS 0x0000000084d00000, 0x0000000084d00000| Untracked 
|  64|0x0000000084e00000, 0x0000000084e00000, 0x0000000084f00000|  0%| F|  |TAMS 0x0000000084e00000, 0x0000000084e00000| Untracked 
|  65|0x0000000084f00000, 0x0000000084f00000, 0x0000000085000000|  0%| F|  |TAMS 0x0000000084f00000, 0x0000000084f00000| Untracked 
|  66|0x0000000085000000, 0x0000000085000000, 0x0000000085100000|  0%| F|  |TAMS 0x0000000085000000, 0x0000000085000000| Untracked 
|  67|0x0000000085100000, 0x0000000085100000, 0x0000000085200000|  0%| F|  |TAMS 0x0000000085100000, 0x0000000085100000| Untracked 
|  68|0x0000000085200000, 0x0000000085200000, 0x0000000085300000|  0%| F|  |TAMS 0x0000000085200000, 0x0000000085200000| Untracked 
|  69|0x0000000085300000, 0x0000000085300000, 0x0000000085400000|  0%| F|  |TAMS 0x0000000085300000, 0x0000000085300000| Untracked 
|  70|0x0000000085400000, 0x0000000085400000, 0x0000000085500000|  0%| F|  |TAMS 0x0000000085400000, 0x0000000085400000| Untracked 
|  71|0x0000000085500000, 0x0000000085500000, 0x0000000085600000|  0%| F|  |TAMS 0x0000000085500000, 0x0000000085500000| Untracked 
|  72|0x0000000085600000, 0x0000000085600000, 0x0000000085700000|  0%| F|  |TAMS 0x0000000085600000, 0x0000000085600000| Untracked 
|  73|0x0000000085700000, 0x0000000085700000, 0x0000000085800000|  0%| F|  |TAMS 0x0000000085700000, 0x0000000085700000| Untracked 
|  74|0x0000000085800000, 0x0000000085800000, 0x0000000085900000|  0%| F|  |TAMS 0x0000000085800000, 0x0000000085800000| Untracked 
|  75|0x0000000085900000, 0x0000000085900000, 0x0000000085a00000|  0%| F|  |TAMS 0x0000000085900000, 0x0000000085900000| Untracked 
|  76|0x0000000085a00000, 0x0000000085a00000, 0x0000000085b00000|  0%| F|  |TAMS 0x0000000085a00000, 0x0000000085a00000| Untracked 
|  77|0x0000000085b00000, 0x0000000085b00000, 0x0000000085c00000|  0%| F|  |TAMS 0x0000000085b00000, 0x0000000085b00000| Untracked 
|  78|0x0000000085c00000, 0x0000000085c00000, 0x0000000085d00000|  0%| F|  |TAMS 0x0000000085c00000, 0x0000000085c00000| Untracked 
| 127|0x0000000088d00000, 0x0000000088d00000, 0x0000000088e00000|  0%| F|  |TAMS 0x0000000088d00000, 0x0000000088d00000| Untracked 

Card table byte_map: [0x0000016d7f0d0000,0x0000016d7f4d0000] _byte_map_base: 0x0000016d7ecc9000

Marking Bits (Prev, Next): (CMBitMap*) 0x0000016d7421f680, (CMBitMap*) 0x0000016d7421f640
 Prev Bits: [0x0000016d01fd0000, 0x0000016d03f98000)
 Next Bits: [0x0000016d00000000, 0x0000016d01fc8000)

Polling page: 0x0000016d72170000

Metaspace:

Usage:
  Non-class:     51.14 MB used.
      Class:      8.61 MB used.
       Both:     59.75 MB used.

Virtual space:
  Non-class space:       64.00 MB reserved,      51.44 MB ( 80%) committed,  1 nodes.
      Class space:        1.00 GB reserved,       8.88 MB ( <1%) committed,  1 nodes.
             Both:        1.06 GB reserved,      60.31 MB (  6%) committed. 

Chunk freelists:
   Non-Class:  12.46 MB
       Class:  7.10 MB
        Both:  19.56 MB

MaxMetaspaceSize: unlimited
CompressedClassSpaceSize: 1.00 GB
Initial GC threshold: 21.00 MB
Current GC threshold: 99.62 MB
CDS: on
MetaspaceReclaimPolicy: balanced
 - commit_granule_bytes: 65536.
 - commit_granule_words: 8192.
 - virtual_space_node_default_size: 8388608.
 - enlarge_chunks_in_place: 1.
 - new_chunks_are_fully_committed: 0.
 - uncommit_free_chunks: 1.
 - use_allocation_guard: 0.
 - handle_deallocations: 1.


Internal statistics:

num_allocs_failed_limit: 14.
num_arena_births: 846.
num_arena_deaths: 0.
num_vsnodes_births: 2.
num_vsnodes_deaths: 0.
num_space_committed: 965.
num_space_uncommitted: 0.
num_chunks_returned_to_freelist: 14.
num_chunks_taken_from_freelist: 3125.
num_chunk_merges: 14.
num_chunk_splits: 2273.
num_chunks_enlarged: 1725.
num_inconsistent_stats: 0.

CodeCache: size=49152Kb used=12574Kb max_used=12574Kb free=36577Kb
 bounds [0x0000016d7bcd0000, 0x0000016d7c920000, 0x0000016d7ecd0000]
 total_blobs=7279 nmethods=6626 adapters=577
 compilation: enabled
              stopped_count=0, restarted_count=0
 full_count=0

Compilation events (20 events):
Event: 5.941 Thread 0x0000016d4b18aef0 6617       1       org.springframework.beans.factory.annotation.InitDestroyAnnotationBeanPostProcessor$1::hasDestroyMethods (2 bytes)
Event: 5.941 Thread 0x0000016d4b18aef0 nmethod 6617 0x0000016d7c914f10 code [0x0000016d7c9150a0, 0x0000016d7c915178]
Event: 5.945 Thread 0x0000016d7fc99660 6618       1       org.springframework.core.type.classreading.SimpleMetadataReaderFactory::getMetadataReader (18 bytes)
Event: 5.946 Thread 0x0000016d7fc99660 nmethod 6618 0x0000016d7c915210 code [0x0000016d7c9153c0, 0x0000016d7c915538]
Event: 5.946 Thread 0x0000016d4b18f420 6619       1       org.springframework.beans.factory.config.InstantiationAwareBeanPostProcessor::postProcessProperties (2 bytes)
Event: 5.946 Thread 0x0000016d4b18f420 nmethod 6619 0x0000016d7c915610 code [0x0000016d7c9157a0, 0x0000016d7c915878]
Event: 5.946 Thread 0x0000016d7fc99660 6620       1       org.springframework.beans.factory.support.AbstractAutowireCapableBeanFactory::applyBeanPostProcessorsBeforeInitialization (61 bytes)
Event: 5.946 Thread 0x0000016d7fc99660 nmethod 6620 0x0000016d7c915910 code [0x0000016d7c915ae0, 0x0000016d7c915d18]
Event: 5.948 Thread 0x0000016d4b18f420 6621       1       java.util.regex.Pattern::curly (66 bytes)
Event: 5.948 Thread 0x0000016d4b18f420 nmethod 6621 0x0000016d7c915e90 code [0x0000016d7c916080, 0x0000016d7c916728]
Event: 5.948 Thread 0x0000016d7fc99660 6622       1       java.util.WeakHashMap$KeyIterator::next (8 bytes)
Event: 5.948 Thread 0x0000016d4b18f420 6623       1       java.util.WeakHashMap$EntryIterator::next (5 bytes)
Event: 5.948 Thread 0x0000016d4b18aef0 6624       1       java.util.WeakHashMap$EntryIterator::next (5 bytes)
Event: 5.948 Thread 0x0000016d7fc99660 nmethod 6622 0x0000016d7c916890 code [0x0000016d7c916a20, 0x0000016d7c916b48]
Event: 5.948 Thread 0x0000016d7fc99660 6625       1       org.springframework.data.mapping.model.BasicPersistentEntity::getType (10 bytes)
Event: 5.948 Thread 0x0000016d4b18f420 nmethod 6623 0x0000016d7c916c10 code [0x0000016d7c916da0, 0x0000016d7c916e88]
Event: 5.948 Thread 0x0000016d4b18aef0 nmethod 6624 0x0000016d7c916f10 code [0x0000016d7c9170a0, 0x0000016d7c917188]
Event: 5.948 Thread 0x0000016d4b18f420 6626       1       org.springframework.data.util.ClassTypeInformation::from (17 bytes)
Event: 5.948 Thread 0x0000016d7fc99660 nmethod 6625 0x0000016d7c917210 code [0x0000016d7c9173a0, 0x0000016d7c917488]
Event: 5.949 Thread 0x0000016d4b18f420 nmethod 6626 0x0000016d7c917510 code [0x0000016d7c9176c0, 0x0000016d7c917878]

GC Heap History (20 events):
Event: 3.061 GC heap after
{Heap after GC invocations=9 (full 0):
 garbage-first heap   total 58368K, used 20480K [0x0000000080e00000, 0x0000000100000000)
  region size 1024K, 4 young (4096K), 4 survivors (4096K)
 Metaspace       used 30729K, committed 31168K, reserved 1114112K
  class space    used 4321K, committed 4544K, reserved 1048576K
}
Event: 3.375 GC heap before
{Heap before GC invocations=9 (full 0):
 garbage-first heap   total 58368K, used 41984K [0x0000000080e00000, 0x0000000100000000)
  region size 1024K, 26 young (26624K), 4 survivors (4096K)
 Metaspace       used 34472K, committed 34880K, reserved 1114112K
  class space    used 4746K, committed 4928K, reserved 1048576K
}
Event: 3.380 GC heap after
{Heap after GC invocations=10 (full 0):
 garbage-first heap   total 81920K, used 22702K [0x0000000080e00000, 0x0000000100000000)
  region size 1024K, 3 young (3072K), 3 survivors (3072K)
 Metaspace       used 34472K, committed 34880K, reserved 1114112K
  class space    used 4746K, committed 4928K, reserved 1048576K
}
Event: 3.555 GC heap before
{Heap before GC invocations=10 (full 0):
 garbage-first heap   total 81920K, used 32942K [0x0000000080e00000, 0x0000000100000000)
  region size 1024K, 14 young (14336K), 3 survivors (3072K)
 Metaspace       used 35689K, committed 36160K, reserved 1114112K
  class space    used 4906K, committed 5120K, reserved 1048576K
}
Event: 3.557 GC heap after
{Heap after GC invocations=11 (full 0):
 garbage-first heap   total 81920K, used 23400K [0x0000000080e00000, 0x0000000100000000)
  region size 1024K, 3 young (3072K), 3 survivors (3072K)
 Metaspace       used 35689K, committed 36160K, reserved 1114112K
  class space    used 4906K, committed 5120K, reserved 1048576K
}
Event: 4.267 GC heap before
{Heap before GC invocations=12 (full 0):
 garbage-first heap   total 81920K, used 63336K [0x0000000080e00000, 0x0000000100000000)
  region size 1024K, 42 young (43008K), 3 survivors (3072K)
 Metaspace       used 44475K, committed 45056K, reserved 1114112K
  class space    used 6260K, committed 6528K, reserved 1048576K
}
Event: 4.271 GC heap after
{Heap after GC invocations=13 (full 0):
 garbage-first heap   total 81920K, used 25428K [0x0000000080e00000, 0x0000000100000000)
  region size 1024K, 5 young (5120K), 5 survivors (5120K)
 Metaspace       used 44475K, committed 45056K, reserved 1114112K
  class space    used 6260K, committed 6528K, reserved 1048576K
}
Event: 4.293 GC heap before
{Heap before GC invocations=13 (full 0):
 garbage-first heap   total 81920K, used 26452K [0x0000000080e00000, 0x0000000100000000)
  region size 1024K, 6 young (6144K), 5 survivors (5120K)
 Metaspace       used 44497K, committed 45056K, reserved 1114112K
  class space    used 6264K, committed 6528K, reserved 1048576K
}
Event: 4.297 GC heap after
{Heap after GC invocations=14 (full 0):
 garbage-first heap   total 81920K, used 25318K [0x0000000080e00000, 0x0000000100000000)
  region size 1024K, 1 young (1024K), 1 survivors (1024K)
 Metaspace       used 44497K, committed 45056K, reserved 1114112K
  class space    used 6264K, committed 6528K, reserved 1048576K
}
Event: 4.898 GC heap before
{Heap before GC invocations=14 (full 0):
 garbage-first heap   total 81920K, used 63206K [0x0000000080e00000, 0x0000000100000000)
  region size 1024K, 38 young (38912K), 1 survivors (1024K)
 Metaspace       used 52919K, committed 53504K, reserved 1114112K
  class space    used 7625K, committed 7872K, reserved 1048576K
}
Event: 4.900 GC heap after
{Heap after GC invocations=15 (full 0):
 garbage-first heap   total 81920K, used 26363K [0x0000000080e00000, 0x0000000100000000)
  region size 1024K, 2 young (2048K), 2 survivors (2048K)
 Metaspace       used 52919K, committed 53504K, reserved 1114112K
  class space    used 7625K, committed 7872K, reserved 1048576K
}
Event: 5.342 GC heap before
{Heap before GC invocations=15 (full 0):
 garbage-first heap   total 81920K, used 64251K [0x0000000080e00000, 0x0000000100000000)
  region size 1024K, 39 young (39936K), 2 survivors (2048K)
 Metaspace       used 57849K, committed 58368K, reserved 1114112K
  class space    used 8302K, committed 8576K, reserved 1048576K
}
Event: 5.346 GC heap after
{Heap after GC invocations=16 (full 0):
 garbage-first heap   total 81920K, used 28307K [0x0000000080e00000, 0x0000000100000000)
  region size 1024K, 4 young (4096K), 4 survivors (4096K)
 Metaspace       used 57849K, committed 58368K, reserved 1114112K
  class space    used 8302K, committed 8576K, reserved 1048576K
}
Event: 5.626 GC heap before
{Heap before GC invocations=16 (full 0):
 garbage-first heap   total 81920K, used 61075K [0x0000000080e00000, 0x0000000100000000)
  region size 1024K, 37 young (37888K), 4 survivors (4096K)
 Metaspace       used 60233K, committed 60800K, reserved 1114112K
  class space    used 8685K, committed 8960K, reserved 1048576K
}
Event: 5.631 GC heap after
{Heap after GC invocations=17 (full 0):
 garbage-first heap   total 81920K, used 29753K [0x0000000080e00000, 0x0000000100000000)
  region size 1024K, 4 young (4096K), 4 survivors (4096K)
 Metaspace       used 60233K, committed 60800K, reserved 1114112K
  class space    used 8685K, committed 8960K, reserved 1048576K
}
Event: 5.783 GC heap before
{Heap before GC invocations=18 (full 0):
 garbage-first heap   total 81920K, used 65593K [0x0000000080e00000, 0x0000000100000000)
  region size 1024K, 39 young (39936K), 4 survivors (4096K)
 Metaspace       used 60723K, committed 61312K, reserved 1114112K
  class space    used 8767K, committed 9024K, reserved 1048576K
}
Event: 5.787 GC heap after
{Heap after GC invocations=19 (full 0):
 garbage-first heap   total 81920K, used 30600K [0x0000000080e00000, 0x0000000100000000)
  region size 1024K, 3 young (3072K), 3 survivors (3072K)
 Metaspace       used 60723K, committed 61312K, reserved 1114112K
  class space    used 8767K, committed 9024K, reserved 1048576K
}
Event: 5.798 GC heap before
{Heap before GC invocations=19 (full 0):
 garbage-first heap   total 81920K, used 31624K [0x0000000080e00000, 0x0000000100000000)
  region size 1024K, 4 young (4096K), 3 survivors (3072K)
 Metaspace       used 60754K, committed 61312K, reserved 1114112K
  class space    used 8769K, committed 9024K, reserved 1048576K
}
Event: 5.800 GC heap after
{Heap after GC invocations=20 (full 0):
 garbage-first heap   total 81920K, used 30670K [0x0000000080e00000, 0x0000000100000000)
  region size 1024K, 1 young (1024K), 1 survivors (1024K)
 Metaspace       used 60754K, committed 61312K, reserved 1114112K
  class space    used 8769K, committed 9024K, reserved 1048576K
}
Event: 5.954 GC heap before
{Heap before GC invocations=20 (full 0):
 garbage-first heap   total 81920K, used 66510K [0x0000000080e00000, 0x0000000100000000)
  region size 1024K, 36 young (36864K), 1 survivors (1024K)
 Metaspace       used 61178K, committed 61760K, reserved 1114112K
  class space    used 8815K, committed 9088K, reserved 1048576K
}

Dll operation events (14 events):
Event: 0.047 Loaded shared library C:\Users\TranAnh computer\.jdks\corretto-17.0.10\bin\java.dll
Event: 0.119 Loaded shared library C:\Users\TranAnh computer\.jdks\corretto-17.0.10\bin\jsvml.dll
Event: 0.292 Loaded shared library C:\Users\TranAnh computer\.jdks\corretto-17.0.10\bin\zip.dll
Event: 0.294 Loaded shared library C:\Users\TranAnh computer\.jdks\corretto-17.0.10\bin\instrument.dll
Event: 0.300 Loaded shared library C:\Users\TranAnh computer\.jdks\corretto-17.0.10\bin\net.dll
Event: 0.302 Loaded shared library C:\Users\TranAnh computer\.jdks\corretto-17.0.10\bin\nio.dll
Event: 0.305 Loaded shared library C:\Users\TranAnh computer\.jdks\corretto-17.0.10\bin\zip.dll
Event: 0.501 Loaded shared library C:\Program Files\JetBrains\IntelliJ IDEA 2023.2.3\bin\breakgen64.dll
Event: 0.504 Loaded shared library C:\Users\TranAnh computer\.jdks\corretto-17.0.10\bin\jimage.dll
Event: 0.509 Loaded shared library C:\Users\TranAnh computer\.jdks\corretto-17.0.10\bin\extnet.dll
Event: 0.521 Loaded shared library C:\Users\TranAnh computer\.jdks\corretto-17.0.10\bin\management.dll
Event: 0.532 Loaded shared library C:\Users\TranAnh computer\.jdks\corretto-17.0.10\bin\management_ext.dll
Event: 0.713 Loaded shared library C:\Users\TranAnh computer\.jdks\corretto-17.0.10\bin\verify.dll
Event: 3.052 Loaded shared library C:\Users\TranAnh computer\.jdks\corretto-17.0.10\bin\sunmscapi.dll

Deoptimization events (4 events):
Event: 5.269 Thread 0x0000016d4bbd1060 DEOPT PACKING pc=0x0000016d7c23ae22 sp=0x00000005cdffb9c0
Event: 5.269 Thread 0x0000016d4bbd1060 DEOPT UNPACKING pc=0x0000016d7bd27143 sp=0x00000005cdffaec8 mode 3
Event: 5.354 Thread 0x0000016d4bbd1060 DEOPT PACKING pc=0x0000016d7c2241a4 sp=0x00000005cdffbfb0
Event: 5.354 Thread 0x0000016d4bbd1060 DEOPT UNPACKING pc=0x0000016d7bd27143 sp=0x00000005cdffb508 mode 0

Classes unloaded (0 events):
No events

Classes redefined (0 events):
No events

Internal exceptions (20 events):
Event: 5.467 Thread 0x0000016d4bbd1060 Exception <a 'java/lang/IncompatibleClassChangeError'{0x0000000084c35790}: Found class java.lang.Object, but interface was expected> (0x0000000084c35790) 
thrown [s\src\hotspot\share\interpreter\linkResolver.cpp, line 826]
Event: 5.503 Thread 0x0000016d4bbd1060 Exception <a 'java/lang/NoSuchMethodError'{0x0000000084bcf118}: 'java.lang.Object java.lang.invoke.DirectMethodHandle$Holder.invokeStatic(java.lang.Object, int, java.lang.Object)'> (0x0000000084bcf118) 
thrown [s\src\hotspot\share\interpreter\linkResolver.cpp, line 759]
Event: 5.507 Thread 0x0000016d4bbd1060 Exception <a 'java/lang/reflect/InvocationTargetException'{0x0000000084a04040}> (0x0000000084a04040) 
thrown [s\src\hotspot\share\runtime\reflection.cpp, line 1121]
Event: 5.509 Thread 0x0000016d4bbd1060 Exception <a 'java/lang/reflect/InvocationTargetException'{0x0000000084a145b8}> (0x0000000084a145b8) 
thrown [s\src\hotspot\share\runtime\reflection.cpp, line 1121]
Event: 5.527 Thread 0x0000016d4bbd1060 Exception <a 'java/lang/reflect/InvocationTargetException'{0x0000000084aed3b8}> (0x0000000084aed3b8) 
thrown [s\src\hotspot\share\runtime\reflection.cpp, line 1121]
Event: 5.530 Thread 0x0000016d4bbd1060 Exception <a 'java/lang/reflect/InvocationTargetException'{0x0000000084904bd8}> (0x0000000084904bd8) 
thrown [s\src\hotspot\share\runtime\reflection.cpp, line 1121]
Event: 5.534 Thread 0x0000016d4bbd1060 Exception <a 'java/lang/reflect/InvocationTargetException'{0x0000000084930978}> (0x0000000084930978) 
thrown [s\src\hotspot\share\runtime\reflection.cpp, line 1121]
Event: 5.536 Thread 0x0000016d4bbd1060 Exception <a 'java/lang/reflect/InvocationTargetException'{0x0000000084943a98}> (0x0000000084943a98) 
thrown [s\src\hotspot\share\runtime\reflection.cpp, line 1121]
Event: 5.541 Thread 0x0000016d4bbd1060 Exception <a 'java/lang/reflect/InvocationTargetException'{0x0000000084975fd0}> (0x0000000084975fd0) 
thrown [s\src\hotspot\share\runtime\reflection.cpp, line 1121]
Event: 5.542 Thread 0x0000016d4bbd1060 Exception <a 'java/lang/reflect/InvocationTargetException'{0x00000000849809a0}> (0x00000000849809a0) 
thrown [s\src\hotspot\share\runtime\reflection.cpp, line 1121]
Event: 5.567 Thread 0x0000016d4bbd1060 Exception <a 'java/io/FileNotFoundException'{0x00000000847f76f8}> (0x00000000847f76f8) 
thrown [s\src\hotspot\share\prims\jni.cpp, line 516]
Event: 5.568 Thread 0x0000016d4bbd1060 Exception <a 'java/io/FileNotFoundException'{0x0000000084604768}> (0x0000000084604768) 
thrown [s\src\hotspot\share\prims\jni.cpp, line 516]
Event: 5.609 Thread 0x0000016d4bbd1060 Exception <a 'java/lang/reflect/InvocationTargetException'{0x0000000083f14dd0}> (0x0000000083f14dd0) 
thrown [s\src\hotspot\share\runtime\reflection.cpp, line 1121]
Event: 5.609 Thread 0x0000016d4bbd1060 Exception <a 'java/lang/reflect/InvocationTargetException'{0x0000000083f1c108}> (0x0000000083f1c108) 
thrown [s\src\hotspot\share\runtime\reflection.cpp, line 1121]
Event: 5.703 Thread 0x0000016d4bbd1060 Exception <a 'java/lang/reflect/InvocationTargetException'{0x0000000085255940}> (0x0000000085255940) 
thrown [s\src\hotspot\share\runtime\reflection.cpp, line 1121]
Event: 5.707 Thread 0x0000016d4bbd1060 Exception <a 'java/lang/reflect/InvocationTargetException'{0x00000000852772f0}> (0x00000000852772f0) 
thrown [s\src\hotspot\share\runtime\reflection.cpp, line 1121]
Event: 5.709 Thread 0x0000016d4bbd1060 Exception <a 'java/lang/reflect/InvocationTargetException'{0x0000000085287830}> (0x0000000085287830) 
thrown [s\src\hotspot\share\runtime\reflection.cpp, line 1121]
Event: 5.709 Thread 0x0000016d4bbd1060 Exception <a 'java/lang/reflect/InvocationTargetException'{0x00000000852924c0}> (0x00000000852924c0) 
thrown [s\src\hotspot\share\runtime\reflection.cpp, line 1121]
Event: 5.710 Thread 0x0000016d4bbd1060 Exception <a 'java/lang/reflect/InvocationTargetException'{0x000000008529cae8}> (0x000000008529cae8) 
thrown [s\src\hotspot\share\runtime\reflection.cpp, line 1121]
Event: 5.801 Thread 0x0000016d4b7d3e20 Exception <a 'java/lang/reflect/InvocationTargetException'{0x0000000088d03760}> (0x0000000088d03760) 
thrown [s\src\hotspot\share\runtime\reflection.cpp, line 1121]

VM Operations (20 events):
Event: 5.347 Executing VM operation: G1CollectForAllocation done
Event: 5.354 Executing VM operation: HandshakeAllThreads
Event: 5.354 Executing VM operation: HandshakeAllThreads done
Event: 5.426 Executing VM operation: HandshakeAllThreads
Event: 5.426 Executing VM operation: HandshakeAllThreads done
Event: 5.427 Executing VM operation: HandshakeAllThreads
Event: 5.427 Executing VM operation: HandshakeAllThreads done
Event: 5.626 Executing VM operation: CollectForMetadataAllocation
Event: 5.631 Executing VM operation: CollectForMetadataAllocation done
Event: 5.654 Executing VM operation: CollectForMetadataAllocation
Event: 5.654 Executing VM operation: CollectForMetadataAllocation done
Event: 5.664 Executing VM operation: G1PauseRemark
Event: 5.667 Executing VM operation: G1PauseRemark done
Event: 5.681 Executing VM operation: G1PauseCleanup
Event: 5.682 Executing VM operation: G1PauseCleanup done
Event: 5.783 Executing VM operation: G1CollectForAllocation
Event: 5.787 Executing VM operation: G1CollectForAllocation done
Event: 5.798 Executing VM operation: G1CollectForAllocation
Event: 5.800 Executing VM operation: G1CollectForAllocation done
Event: 5.954 Executing VM operation: G1CollectForAllocation

Events (20 events):
Event: 5.567 loading class java/io/FileReader
Event: 5.567 loading class java/io/FileReader done
Event: 5.589 loading class sun/reflect/ReflectionFactory
Event: 5.589 loading class sun/reflect/ReflectionFactory done
Event: 5.589 loading class sun/reflect/ReflectionFactory$1
Event: 5.589 loading class sun/reflect/ReflectionFactory$1 done
Event: 5.589 loading class java/io/OptionalDataException
Event: 5.589 loading class java/io/OptionalDataException done
Event: 5.676 loading class java/util/WeakHashMap$KeyIterator
Event: 5.676 loading class java/util/WeakHashMap$HashIterator
Event: 5.676 loading class java/util/WeakHashMap$HashIterator done
Event: 5.676 loading class java/util/WeakHashMap$KeyIterator done
Event: 5.676 loading class java/util/WeakHashMap$EntrySet
Event: 5.676 loading class java/util/WeakHashMap$EntrySet done
Event: 5.676 loading class java/util/WeakHashMap$EntryIterator
Event: 5.676 loading class java/util/WeakHashMap$EntryIterator done
Event: 5.796 Thread 0x0000016d4c2f7900 Thread added: 0x0000016d4c2f7900
Event: 5.802 Thread 0x0000016d4c2f7900 Thread exited: 0x0000016d4c2f7900
Event: 5.827 loading class java/lang/UnknownError
Event: 5.827 loading class java/lang/UnknownError done


Dynamic libraries:
0x00007ff704ae0000 - 0x00007ff704aee000 	C:\Users\TranAnh computer\.jdks\corretto-17.0.10\bin\java.exe
0x00007ffd813f0000 - 0x00007ffd815e8000 	C:\WINDOWS\SYSTEM32\ntdll.dll
0x00007ffd80290000 - 0x00007ffd8034d000 	C:\WINDOWS\System32\KERNEL32.DLL
0x00007ffd7ed60000 - 0x00007ffd7f056000 	C:\WINDOWS\System32\KERNELBASE.dll
0x00007ffd7f120000 - 0x00007ffd7f220000 	C:\WINDOWS\System32\ucrtbase.dll
0x00007ffd609c0000 - 0x00007ffd609db000 	C:\Users\TranAnh computer\.jdks\corretto-17.0.10\bin\VCRUNTIME140.dll
0x00007ffd60a00000 - 0x00007ffd60a17000 	C:\Users\TranAnh computer\.jdks\corretto-17.0.10\bin\jli.dll
0x00007ffd803b0000 - 0x00007ffd8054e000 	C:\WINDOWS\System32\USER32.dll
0x00007ffd7eaa0000 - 0x00007ffd7eac2000 	C:\WINDOWS\System32\win32u.dll
0x00007ffd80920000 - 0x00007ffd8094b000 	C:\WINDOWS\System32\GDI32.dll
0x00007ffd7ebf0000 - 0x00007ffd7ed07000 	C:\WINDOWS\System32\gdi32full.dll
0x00007ffd715b0000 - 0x00007ffd7184a000 	C:\WINDOWS\WinSxS\amd64_microsoft.windows.common-controls_6595b64144ccf1df_6.0.19041.3636_none_60b6a03d71f818d5\COMCTL32.dll
0x00007ffd7f380000 - 0x00007ffd7f41d000 	C:\WINDOWS\System32\msvcp_win.dll
0x00007ffd80fe0000 - 0x00007ffd8107e000 	C:\WINDOWS\System32\msvcrt.dll
0x00007ffd7f970000 - 0x00007ffd7f9a2000 	C:\WINDOWS\System32\IMM32.DLL
0x00007ffd65100000 - 0x00007ffd6510c000 	C:\Users\TranAnh computer\.jdks\corretto-17.0.10\bin\vcruntime140_1.dll
0x00007ffd4f690000 - 0x00007ffd4f71d000 	C:\Users\TranAnh computer\.jdks\corretto-17.0.10\bin\msvcp140.dll
0x00007ffd29a40000 - 0x00007ffd2a6a2000 	C:\Users\TranAnh computer\.jdks\corretto-17.0.10\bin\server\jvm.dll
0x00007ffd80aa0000 - 0x00007ffd80b50000 	C:\WINDOWS\System32\ADVAPI32.dll
0x00007ffd81080000 - 0x00007ffd81120000 	C:\WINDOWS\System32\sechost.dll
0x00007ffd7f840000 - 0x00007ffd7f965000 	C:\WINDOWS\System32\RPCRT4.dll
0x00007ffd7f0f0000 - 0x00007ffd7f117000 	C:\WINDOWS\System32\bcrypt.dll
0x00007ffd7e3a0000 - 0x00007ffd7e3eb000 	C:\WINDOWS\SYSTEM32\POWRPROF.dll
0x00007ffd64ce0000 - 0x00007ffd64ce9000 	C:\WINDOWS\SYSTEM32\WSOCK32.dll
0x00007ffd78640000 - 0x00007ffd7864a000 	C:\WINDOWS\SYSTEM32\VERSION.dll
0x00007ffd73f70000 - 0x00007ffd73f97000 	C:\WINDOWS\SYSTEM32\WINMM.dll
0x00007ffd80550000 - 0x00007ffd805bb000 	C:\WINDOWS\System32\WS2_32.dll
0x00007ffd7e380000 - 0x00007ffd7e392000 	C:\WINDOWS\SYSTEM32\UMPDC.dll
0x00007ffd7c930000 - 0x00007ffd7c942000 	C:\WINDOWS\SYSTEM32\kernel.appcore.dll
0x00007ffd613e0000 - 0x00007ffd613ea000 	C:\Users\TranAnh computer\.jdks\corretto-17.0.10\bin\jimage.dll
0x00007ffd73570000 - 0x00007ffd73754000 	C:\WINDOWS\SYSTEM32\DBGHELP.DLL
0x00007ffd62f40000 - 0x00007ffd62f74000 	C:\WINDOWS\SYSTEM32\dbgcore.DLL
0x00007ffd7f060000 - 0x00007ffd7f0e2000 	C:\WINDOWS\System32\bcryptPrimitives.dll
0x00007ffd79d90000 - 0x00007ffd79d9e000 	C:\Users\TranAnh computer\.jdks\corretto-17.0.10\bin\instrument.dll
0x00007ffd601a0000 - 0x00007ffd601c5000 	C:\Users\TranAnh computer\.jdks\corretto-17.0.10\bin\java.dll
0x00007ffd49ad0000 - 0x00007ffd49ba7000 	C:\Users\TranAnh computer\.jdks\corretto-17.0.10\bin\jsvml.dll
0x00007ffd7fb20000 - 0x00007ffd8028b000 	C:\WINDOWS\System32\SHELL32.dll
0x00007ffd7cb30000 - 0x00007ffd7d2ce000 	C:\WINDOWS\SYSTEM32\windows.storage.dll
0x00007ffd805c0000 - 0x00007ffd80913000 	C:\WINDOWS\System32\combase.dll
0x00007ffd7e3f0000 - 0x00007ffd7e41e000 	C:\WINDOWS\SYSTEM32\Wldp.dll
0x00007ffd809d0000 - 0x00007ffd80a9d000 	C:\WINDOWS\System32\OLEAUT32.dll
0x00007ffd7f790000 - 0x00007ffd7f83d000 	C:\WINDOWS\System32\SHCORE.dll
0x00007ffd80970000 - 0x00007ffd809c5000 	C:\WINDOWS\System32\shlwapi.dll
0x00007ffd7e9d0000 - 0x00007ffd7e9f5000 	C:\WINDOWS\SYSTEM32\profapi.dll
0x00007ffd4f650000 - 0x00007ffd4f668000 	C:\Users\TranAnh computer\.jdks\corretto-17.0.10\bin\zip.dll
0x00007ffd609a0000 - 0x00007ffd609b9000 	C:\Users\TranAnh computer\.jdks\corretto-17.0.10\bin\net.dll
0x00007ffd77ef0000 - 0x00007ffd77ffa000 	C:\WINDOWS\SYSTEM32\WINHTTP.dll
0x00007ffd7e100000 - 0x00007ffd7e16a000 	C:\WINDOWS\system32\mswsock.dll
0x00007ffd4f670000 - 0x00007ffd4f686000 	C:\Users\TranAnh computer\.jdks\corretto-17.0.10\bin\nio.dll
0x00007ffd6d060000 - 0x00007ffd6d07a000 	C:\Program Files\JetBrains\IntelliJ IDEA 2023.2.3\bin\breakgen64.dll
0x00007ffd60c80000 - 0x00007ffd60c89000 	C:\Users\TranAnh computer\.jdks\corretto-17.0.10\bin\extnet.dll
0x00007ffd7de50000 - 0x00007ffd7df1b000 	C:\WINDOWS\SYSTEM32\DNSAPI.dll
0x00007ffd7de10000 - 0x00007ffd7de4b000 	C:\WINDOWS\SYSTEM32\IPHLPAPI.DLL
0x00007ffd7f4b0000 - 0x00007ffd7f4b8000 	C:\WINDOWS\System32\NSI.dll
0x00007ffd734b0000 - 0x00007ffd734ba000 	C:\Windows\System32\rasadhlp.dll
0x00007ffd6d080000 - 0x00007ffd6d100000 	C:\WINDOWS\System32\fwpuclnt.dll
0x00007ffd76990000 - 0x00007ffd76999000 	C:\Users\TranAnh computer\.jdks\corretto-17.0.10\bin\management.dll
0x00007ffd6f2d0000 - 0x00007ffd6f2db000 	C:\Users\TranAnh computer\.jdks\corretto-17.0.10\bin\management_ext.dll
0x00007ffd80b60000 - 0x00007ffd80b68000 	C:\WINDOWS\System32\PSAPI.DLL
0x00007ffd7e430000 - 0x00007ffd7e448000 	C:\WINDOWS\SYSTEM32\CRYPTSP.dll
0x00007ffd7da50000 - 0x00007ffd7da84000 	C:\WINDOWS\system32\rsaenh.dll
0x00007ffd7e950000 - 0x00007ffd7e97e000 	C:\WINDOWS\SYSTEM32\USERENV.dll
0x00007ffd7e2f0000 - 0x00007ffd7e2fc000 	C:\WINDOWS\SYSTEM32\CRYPTBASE.dll
0x00007ffd78b70000 - 0x00007ffd78b87000 	C:\WINDOWS\SYSTEM32\dhcpcsvc6.DLL
0x00007ffd78b00000 - 0x00007ffd78b1d000 	C:\WINDOWS\SYSTEM32\dhcpcsvc.DLL
0x00007ffd61700000 - 0x00007ffd61717000 	C:\WINDOWS\system32\napinsp.dll
0x00007ffd616e0000 - 0x00007ffd616fb000 	C:\WINDOWS\system32\pnrpnsp.dll
0x00007ffd616c0000 - 0x00007ffd616d5000 	C:\WINDOWS\system32\wshbth.dll
0x00007ffd7a3f0000 - 0x00007ffd7a40d000 	C:\WINDOWS\system32\NLAapi.dll
0x00007ffd616a0000 - 0x00007ffd616b2000 	C:\WINDOWS\System32\winrnr.dll
0x00007ffd4f620000 - 0x00007ffd4f630000 	C:\Users\TranAnh computer\.jdks\corretto-17.0.10\bin\verify.dll
0x00007ffd6c910000 - 0x00007ffd6c91e000 	C:\Users\TranAnh computer\.jdks\corretto-17.0.10\bin\sunmscapi.dll
0x00007ffd7f220000 - 0x00007ffd7f37d000 	C:\WINDOWS\System32\CRYPT32.dll
0x00007ffd7e540000 - 0x00007ffd7e568000 	C:\WINDOWS\SYSTEM32\ncrypt.dll
0x00007ffd7e500000 - 0x00007ffd7e53b000 	C:\WINDOWS\SYSTEM32\NTASN1.dll

dbghelp: loaded successfully - version: 4.0.5 - missing functions: none
symbol engine: initialized successfully - sym options: 0x614 - pdb path: .;C:\Users\TranAnh computer\.jdks\corretto-17.0.10\bin;C:\WINDOWS\SYSTEM32;C:\WINDOWS\WinSxS\amd64_microsoft.windows.common-controls_6595b64144ccf1df_6.0.19041.3636_none_60b6a03d71f818d5;C:\Users\TranAnh computer\.jdks\corretto-17.0.10\bin\server;C:\Program Files\JetBrains\IntelliJ IDEA 2023.2.3\bin

VM Arguments:
jvm_args: -XX:TieredStopAtLevel=1 -Dspring.output.ansi.enabled=always -Dcom.sun.management.jmxremote -Dspring.jmx.enabled=true -Dspring.liveBeansView.mbeanDomain -Dspring.application.admin.enabled=true -Dmanagement.endpoints.jmx.exposure.include=* -javaagent:C:\Program Files\JetBrains\IntelliJ IDEA 2023.2.3\lib\idea_rt.jar=58344:C:\Program Files\JetBrains\IntelliJ IDEA 2023.2.3\bin -Dfile.encoding=UTF-8 
java_command: project.FashionApplication
java_class_path (initial): C:\coder\IdeaProjects\fashion\target\classes;C:\Users\TranAnh computer\.m2\repository\org\springframework\boot\spring-boot-starter-data-jpa\3.1.5\spring-boot-starter-data-jpa-3.1.5.jar;C:\Users\TranAnh computer\.m2\repository\org\springframework\boot\spring-boot-starter-aop\3.1.5\spring-boot-starter-aop-3.1.5.jar;C:\Users\TranAnh computer\.m2\repository\org\aspectj\aspectjweaver\1.9.20\aspectjweaver-1.9.20.jar;C:\Users\TranAnh computer\.m2\repository\org\springframework\boot\spring-boot-starter-jdbc\3.1.5\spring-boot-starter-jdbc-3.1.5.jar;C:\Users\TranAnh computer\.m2\repository\com\zaxxer\HikariCP\5.0.1\HikariCP-5.0.1.jar;C:\Users\TranAnh computer\.m2\repository\org\springframework\spring-jdbc\6.0.13\spring-jdbc-6.0.13.jar;C:\Users\TranAnh computer\.m2\repository\org\springframework\data\spring-data-jpa\3.1.5\spring-data-jpa-3.1.5.jar;C:\Users\TranAnh computer\.m2\repository\org\springframework\data\spring-data-commons\3.1.5\spring-data-commons-3.1.5.jar;C:\Users\TranAnh computer\.m2\repository\org\springframework\spring-orm\6.0.13\spring-orm-6.0.13.jar;C:\Users\TranAnh computer\.m2\repository\org\springframework\spring-tx\6.0.13\spring-tx-6.0.13.jar;C:\Users\TranAnh computer\.m2\repository\jakarta\annotation\jakarta.annotation-api\2.1.1\jakarta.annotation-api-2.1.1.jar;C:\Users\TranAnh computer\.m2\repository\org\springframework\spring-aspects\6.0.13\spring-aspects-6.0.13.jar;C:\Users\TranAnh computer\.m2\repository\org\springframework\boot\spring-boot-starter-thymeleaf\3.1.5\spring-boot-starter-thymeleaf-3.1.5.jar;C:\Users\TranAnh computer\.m2\repository\org\springframework\boot\spring-boot-starter\3.1.5\spring-boot-starter-3.1.5.jar;C:\Users\TranAnh computer\.m2\repository\org\springframework\boot\spring-boot-starter-logging\3.1.5\spring-boot-starter-logging-3.1.5.jar;C:\Users\TranAnh computer\.m2\repository\ch\qos\logback\logback-classic\1.4.11\logback-classic-1.4.11.jar;C:\Users\TranAnh computer\.m2\repository\ch\qos\logback\logba
Launcher Type: SUN_STANDARD

[Global flags]
     intx CICompilerCount                          = 3                                         {product} {ergonomic}
     uint ConcGCThreads                            = 1                                         {product} {ergonomic}
     uint G1ConcRefinementThreads                  = 4                                         {product} {ergonomic}
   size_t G1HeapRegionSize                         = 1048576                                   {product} {ergonomic}
    uintx GCDrainStackTargetSize                   = 64                                        {product} {ergonomic}
   size_t InitialHeapSize                          = 134217728                                 {product} {ergonomic}
     bool ManagementServer                         = true                                      {product} {command line}
   size_t MarkStackSize                            = 4194304                                   {product} {ergonomic}
   size_t MaxHeapSize                              = 2132803584                                {product} {ergonomic}
   size_t MaxNewSize                               = 1279262720                                {product} {ergonomic}
   size_t MinHeapDeltaBytes                        = 1048576                                   {product} {ergonomic}
   size_t MinHeapSize                              = 8388608                                   {product} {ergonomic}
    uintx NonProfiledCodeHeapSize                  = 0                                      {pd product} {ergonomic}
     bool ProfileInterpreter                       = false                                  {pd product} {command line}
    uintx ProfiledCodeHeapSize                     = 0                                      {pd product} {ergonomic}
   size_t SoftMaxHeapSize                          = 2132803584                             {manageable} {ergonomic}
     intx TieredStopAtLevel                        = 1                                         {product} {command line}
     bool UseCompressedClassPointers               = true                           {product lp64_product} {ergonomic}
     bool UseCompressedOops                        = true                           {product lp64_product} {ergonomic}
     bool UseG1GC                                  = true                                      {product} {ergonomic}
     bool UseLargePagesIndividualAllocation        = false                                  {pd product} {ergonomic}

Logging:
Log output configuration:
 #0: stdout all=warning uptime,level,tags
 #1: stderr all=off uptime,level,tags

Environment Variables:
PATH=C:\WINDOWS\system32;C:\WINDOWS;C:\WINDOWS\System32\Wbem;C:\WINDOWS\System32\WindowsPowerShell\v1.0\;C:\WINDOWS\System32\OpenSSH\;C:\Program Files\Git\cmd;C:\Program Files\Microsoft SQL Server\150\Tools\Binn\;C:\Program Files\Microsoft SQL Server\Client SDK\ODBC\170\Tools\Binn\;C:\Program Files\dotnet\;C:\Program Files\Docker\Docker\resources\bin;C:\Users\TranAnh computer\AppData\Local\Microsoft\WindowsApps;;C:\Users\TranAnh computer\AppData\Local\Programs\Microsoft VS Code\bin;C:\Users\TranAnh computer\.dotnet\tools;C:\Users\TranAnh computer\AppData\Local\Programs\Azure Data Studio\bin
USERNAME=TranAnh computer
OS=Windows_NT
PROCESSOR_IDENTIFIER=Intel64 Family 6 Model 158 Stepping 11, GenuineIntel
TMP=C:\Users\TRANAN~1\AppData\Local\Temp
TEMP=C:\Users\TRANAN~1\AppData\Local\Temp



Periodic native trim disabled


---------------  S Y S T E M  ---------------

OS:
 Windows 10 , 64 bit Build 19041 (10.0.19041.3636)
OS uptime: 0 days 0:22 hours
Hyper-V role detected

CPU: total 4 (initial active 4) (4 cores per cpu, 1 threads per core) family 6 model 158 stepping 11 microcode 0xb4, cx8, cmov, fxsr, mmx, 3dnowpref, sse, sse2, sse3, ssse3, sse4.1, sse4.2, popcnt, lzcnt, tsc, tscinvbit, avx, avx2, aes, erms, clmul, bmi1, bmi2, adx, fma, vzeroupper, clflush, clflushopt, hv
Processor Information for all 4 processors :
  Max Mhz: 3600, Current Mhz: 3600, Mhz Limit: 3600

Memory: 4k page, system-wide physical 8130M (529M free)
TotalPageFile size 12130M (AvailPageFile size 25M)
current process WorkingSet (physical memory assigned to process): 221M, peak: 221M
current process commit charge ("private bytes"): 254M, peak: 302M

vm_info: OpenJDK 64-Bit Server VM (17.0.10+7-LTS) for windows-amd64 JRE (17.0.10+7-LTS), built on Jan 10 2024 22:11:07 by "Administrator" with MS VC++ 16.10 / 16.11 (VS2019)

END.
