#
# There is insufficient memory for the Java Runtime Environment to continue.
# Native memory allocation (mmap) failed to map 20971520 bytes for G1 virtual space
# Possible reasons:
#   The system is out of physical RAM or swap space
#   The process is running with CompressedOops enabled, and the Java Heap may be blocking the growth of the native heap
# Possible solutions:
#   Reduce memory load on the system
#   Increase physical memory or swap space
#   Check if swap backing store is full
#   Decrease Java heap size (-Xmx/-Xms)
#   Decrease number of Java threads
#   Decrease Java thread stack sizes (-Xss)
#   Set larger code cache with -XX:ReservedCodeCacheSize=
#   JVM is running with Unscaled Compressed Oops mode in which the Java heap is
#     placed in the first 4GB address space. The Java Heap base address is the
#     maximum limit for the native heap growth. Please use -XX:HeapBaseMinAddress
#     to set the Java Heap base and to place the Java Heap above 4GB virtual address.
# This output file may be truncated or incomplete.
#
#  Out of Memory Error (os_windows.cpp:3613), pid=2380, tid=11448
#
# JRE version: OpenJDK Runtime Environment Corretto-17.0.9.8.1 (17.0.9+8) (build 17.0.9+8-LTS)
# Java VM: OpenJDK 64-Bit Server VM Corretto-17.0.9.8.1 (17.0.9+8-LTS, mixed mode, emulated-client, sharing, tiered, compressed oops, compressed class ptrs, g1 gc, windows-amd64)
# No core dump will be written. Minidumps are not enabled by default on client versions of Windows
#

---------------  S U M M A R Y ------------

Command Line: -XX:TieredStopAtLevel=1 -Dspring.output.ansi.enabled=always -Dcom.sun.management.jmxremote -Dspring.jmx.enabled=true -Dspring.liveBeansView.mbeanDomain -Dspring.application.admin.enabled=true -Dmanagement.endpoints.jmx.exposure.include=* -javaagent:C:\Program Files\JetBrains\IntelliJ IDEA 2023.2.3\lib\idea_rt.jar=59844:C:\Program Files\JetBrains\IntelliJ IDEA 2023.2.3\bin -Dfile.encoding=UTF-8 project.fashion.FashionApplication

Host: Intel(R) Core(TM) i3-9100F CPU @ 3.60GHz, 4 cores, 7G,  Windows 10 , 64 bit Build 19041 (10.0.19041.3636)
Time: Sat Dec 30 22:53:39 2023 SE Asia Standard Time elapsed time: 2187.144509 seconds (0d 0h 36m 27s)

---------------  T H R E A D  ---------------

Current thread (0x000002bdf81736e0):  VMThread "VM Thread" [stack: 0x000000c6d9500000,0x000000c6d9600000] [id=11448]

Stack: [0x000000c6d9500000,0x000000c6d9600000]
Native frames: (J=compiled Java code, j=interpreted, Vv=VM code, C=native code)
V  [jvm.dll+0x67cb49]
V  [jvm.dll+0x8344da]
V  [jvm.dll+0x835f9e]
V  [jvm.dll+0x836603]
V  [jvm.dll+0x247b5f]
V  [jvm.dll+0x679969]
V  [jvm.dll+0x66e2ba]
V  [jvm.dll+0x307a5b]
V  [jvm.dll+0x30ef06]
V  [jvm.dll+0x35ecee]
V  [jvm.dll+0x35ef1f]
V  [jvm.dll+0x2de658]
V  [jvm.dll+0x2dc834]
V  [jvm.dll+0x2dbe3c]
V  [jvm.dll+0x31fedb]
V  [jvm.dll+0x83aafb]
V  [jvm.dll+0x83b841]
V  [jvm.dll+0x83bd5d]
V  [jvm.dll+0x83c134]
V  [jvm.dll+0x83c200]
V  [jvm.dll+0x7e396a]
V  [jvm.dll+0x67ba35]
C  [ucrtbase.dll+0x21bb2]
C  [KERNEL32.DLL+0x17344]
C  [ntdll.dll+0x526b1]

VM_Operation (0x000000c6daefd2d0): G1CollectForAllocation, mode: safepoint, requested by thread 0x000002bdff111610


---------------  P R O C E S S  ---------------

Threads class SMR info:
_java_thread_list=0x000002bdf8be7d60, length=32, elements={
0x000002bdf8178fb0, 0x000002bdf8179e30, 0x000002bdf81896c0, 0x000002bdf818a540,
0x000002bdf818f030, 0x000002bdf8193a00, 0x000002bdf81a0ce0, 0x000002bdf81c16f0,
0x000002bdf839c740, 0x000002bdf86f8440, 0x000002bdf86f9930, 0x000002bdf8957470,
0x000002bdf8b0b760, 0x000002bdfd73c960, 0x000002bdfd73a5f0, 0x000002bdf8a6b060,
0x000002bdf8a6c9b0, 0x000002bdff10c000, 0x000002bdff112a50, 0x000002bdff112030,
0x000002bdff112540, 0x000002bdff10d950, 0x000002bdc51b0dc0, 0x000002bdc51a2df0,
0x000002bdff10cf30, 0x000002bdff111610, 0x000002bdff111100, 0x000002bdff1106e0,
0x000002bdff111b20, 0x000002bdff10d440, 0x000002bdff10e880, 0x000002bdff10ed90
}

Java Threads: ( => current thread )
  0x000002bdf8178fb0 JavaThread "Reference Handler" daemon [_thread_blocked, id=14324, stack(0x000000c6d9600000,0x000000c6d9700000)]
  0x000002bdf8179e30 JavaThread "Finalizer" daemon [_thread_blocked, id=5660, stack(0x000000c6d9700000,0x000000c6d9800000)]
  0x000002bdf81896c0 JavaThread "Signal Dispatcher" daemon [_thread_blocked, id=11532, stack(0x000000c6d9800000,0x000000c6d9900000)]
  0x000002bdf818a540 JavaThread "Attach Listener" daemon [_thread_blocked, id=9948, stack(0x000000c6d9900000,0x000000c6d9a00000)]
  0x000002bdf818f030 JavaThread "Service Thread" daemon [_thread_blocked, id=5100, stack(0x000000c6d9a00000,0x000000c6d9b00000)]
  0x000002bdf8193a00 JavaThread "Monitor Deflation Thread" daemon [_thread_blocked, id=2856, stack(0x000000c6d9b00000,0x000000c6d9c00000)]
  0x000002bdf81a0ce0 JavaThread "C1 CompilerThread0" daemon [_thread_blocked, id=14096, stack(0x000000c6d9c00000,0x000000c6d9d00000)]
  0x000002bdf81c16f0 JavaThread "Sweeper thread" daemon [_thread_blocked, id=2020, stack(0x000000c6d9d00000,0x000000c6d9e00000)]
  0x000002bdf839c740 JavaThread "Common-Cleaner" daemon [_thread_blocked, id=13424, stack(0x000000c6d9e00000,0x000000c6d9f00000)]
  0x000002bdf86f8440 JavaThread "Monitor Ctrl-Break" daemon [_thread_in_native, id=11560, stack(0x000000c6da100000,0x000000c6da200000)]
  0x000002bdf86f9930 JavaThread "Notification Thread" daemon [_thread_blocked, id=12096, stack(0x000000c6da200000,0x000000c6da300000)]
  0x000002bdf8957470 JavaThread "RMI TCP Accept-0" daemon [_thread_in_native, id=10928, stack(0x000000c6da300000,0x000000c6da400000)]
  0x000002bdf8b0b760 JavaThread "RMI Scheduler(0)" daemon [_thread_blocked, id=3220, stack(0x000000c6daa00000,0x000000c6dab00000)]
  0x000002bdfd73c960 JavaThread "mysql-cj-abandoned-connection-cleanup" daemon [_thread_blocked, id=5868, stack(0x000000c6dad00000,0x000000c6dae00000)]
  0x000002bdfd73a5f0 JavaThread "Live Reload Server" daemon [_thread_in_native, id=12112, stack(0x000000c6db600000,0x000000c6db700000)]
  0x000002bdf8a6b060 JavaThread "DestroyJavaVM" [_thread_blocked, id=1612, stack(0x000000c6d8f00000,0x000000c6d9000000)]
  0x000002bdf8a6c9b0 JavaThread "File Watcher" daemon [_thread_blocked, id=6916, stack(0x000000c6d8e00000,0x000000c6d8f00000)]
  0x000002bdff10c000 JavaThread "File Watcher" daemon [_thread_blocked, id=11396, stack(0x000000c6da900000,0x000000c6daa00000)]
  0x000002bdff112a50 JavaThread "File Watcher" daemon [_thread_blocked, id=2584, stack(0x000000c6dab00000,0x000000c6dac00000)]
  0x000002bdff112030 JavaThread "File Watcher" daemon [_thread_blocked, id=5520, stack(0x000000c6dac00000,0x000000c6dad00000)]
  0x000002bdff112540 JavaThread "File Watcher" daemon [_thread_blocked, id=708, stack(0x000000c6da000000,0x000000c6da100000)]
  0x000002bdff10d950 JavaThread "File Watcher" daemon [_thread_blocked, id=9132, stack(0x000000c6daf00000,0x000000c6db000000)]
  0x000002bdc51b0dc0 JavaThread "C1 CompilerThread1" daemon [_thread_blocked, id=7076, stack(0x000000c6db300000,0x000000c6db400000)]
  0x000002bdc51a2df0 JavaThread "C1 CompilerThread2" daemon [_thread_blocked, id=4744, stack(0x000000c6db400000,0x000000c6db500000)]
  0x000002bdff10cf30 JavaThread "Thread-73" [_thread_blocked, id=6472, stack(0x000000c6d8c00000,0x000000c6d8d00000)]
  0x000002bdff111610 JavaThread "restartedMain" [_thread_blocked, id=12120, stack(0x000000c6dae00000,0x000000c6daf00000)]
  0x000002bdff111100 JavaThread "HikariPool-21 housekeeper" daemon [_thread_blocked, id=1584, stack(0x000000c6d9f00000,0x000000c6da000000)]
  0x000002bdff1106e0 JavaThread "Catalina-utility-1" [_thread_blocked, id=12432, stack(0x000000c6db000000,0x000000c6db100000)]
  0x000002bdff111b20 JavaThread "Catalina-utility-2" [_thread_blocked, id=8116, stack(0x000000c6db100000,0x000000c6db200000)]
  0x000002bdff10d440 JavaThread "container-6" [_thread_blocked, id=12208, stack(0x000000c6db200000,0x000000c6db300000)]
  0x000002bdff10e880 JavaThread "HikariPool-21 connection adder" daemon [_thread_blocked, id=8264, stack(0x000000c6db500000,0x000000c6db600000)]
  0x000002bdff10ed90 JavaThread "File Watcher" daemon [_thread_blocked, id=8856, stack(0x000000c6db700000,0x000000c6db800000)]

Other Threads:
=>0x000002bdf81736e0 VMThread "VM Thread" [stack: 0x000000c6d9500000,0x000000c6d9600000] [id=11448]
  0x000002bde4827160 WatcherThread [stack: 0x000000c6da400000,0x000000c6da500000] [id=6060]
  0x000002bde4880cc0 GCTaskThread "GC Thread#0" [stack: 0x000000c6d9000000,0x000000c6d9100000] [id=14248]
  0x000002bdf89ce050 GCTaskThread "GC Thread#1" [stack: 0x000000c6da500000,0x000000c6da600000] [id=10384]
  0x000002bdf8983160 GCTaskThread "GC Thread#2" [stack: 0x000000c6da600000,0x000000c6da700000] [id=12244]
  0x000002bdf89f0f80 GCTaskThread "GC Thread#3" [stack: 0x000000c6da700000,0x000000c6da800000] [id=4196]
  0x000002bde4892a60 ConcurrentGCThread "G1 Main Marker" [stack: 0x000000c6d9100000,0x000000c6d9200000] [id=4848]
  0x000002bde4893c20 ConcurrentGCThread "G1 Conc#0" [stack: 0x000000c6d9200000,0x000000c6d9300000] [id=14268]
  0x000002bde48dd7c0 ConcurrentGCThread "G1 Refine#0" [stack: 0x000000c6d9300000,0x000000c6d9400000] [id=10248]
  0x000002bdf896c9d0 ConcurrentGCThread "G1 Refine#1" [stack: 0x000000c6da800000,0x000000c6da900000] [id=9176]
  0x000002bdf8032720 ConcurrentGCThread "G1 Service" [stack: 0x000000c6d9400000,0x000000c6d9500000] [id=9272]

Threads with active compile tasks:

VM state: at safepoint (normal execution)

VM Mutex/Monitor currently owned by a thread:  ([mutex/lock_event])
[0x000002bde48206b0] Threads_lock - owner thread: 0x000002bdf81736e0
[0x000002bde4821820] Heap_lock - owner thread: 0x000002bdff111610

Heap address: 0x0000000080e00000, size: 2034 MB, Compressed Oops mode: 32-bit

CDS archive(s) mapped at: [0x000002bd80000000-0x000002bd80ba0000-0x000002bd80ba0000), size 12189696, SharedBaseAddress: 0x000002bd80000000, ArchiveRelocationMode: 1.
Compressed class space mapped at: 0x000002bd81000000-0x000002bdc1000000, reserved size: 1073741824
Narrow klass base: 0x000002bd80000000, Narrow klass shift: 0, Narrow klass range: 0x100000000

GC Precious Log:
 CPUs: 4 total, 4 available
 Memory: 8130M
 Large Page Support: Disabled
 NUMA Support: Disabled
 Compressed Oops: Enabled (32-bit)
 Heap Region Size: 1M
 Heap Min Capacity: 8M
 Heap Initial Capacity: 128M
 Heap Max Capacity: 2034M
 Pre-touch: Disabled
 Parallel Workers: 4
 Concurrent Workers: 1
 Concurrent Refinement Workers: 4
 Periodic GC: Disabled

Heap:
 garbage-first heap   total 102400K, used 38335K [0x0000000080e00000, 0x0000000100000000)
  region size 1024K, 4 young (4096K), 4 survivors (4096K)
 Metaspace       used 78710K, committed 79872K, reserved 1179648K
  class space    used 10801K, committed 11584K, reserved 1048576K

Heap Regions: E=young(eden), S=young(survivor), O=old, HS=humongous(starts), HC=humongous(continues), CS=collection set, F=free, OA=open archive, CA=closed archive, TAMS=top-at-mark-start (previous, next)
|   0|0x0000000080e00000, 0x0000000080f00000, 0x0000000080f00000|100%|HS|  |TAMS 0x0000000080f00000, 0x0000000080e00000| Untracked 
|   1|0x0000000080f00000, 0x0000000080ffffd8, 0x0000000081000000| 99%| O|  |TAMS 0x0000000080ffffd8, 0x0000000080f00000| Untracked 
|   2|0x0000000081000000, 0x0000000081100000, 0x0000000081100000|100%| O|  |TAMS 0x0000000081100000, 0x0000000081000000| Untracked 
|   3|0x0000000081100000, 0x00000000811ffff8, 0x0000000081200000| 99%| O|  |TAMS 0x00000000811ffff8, 0x0000000081100000| Untracked 
|   4|0x0000000081200000, 0x0000000081300000, 0x0000000081300000|100%| O|  |TAMS 0x0000000081300000, 0x0000000081200000| Untracked 
|   5|0x0000000081300000, 0x00000000813fe0b0, 0x0000000081400000| 99%| O|  |TAMS 0x00000000813fe0b0, 0x0000000081300000| Untracked 
|   6|0x0000000081400000, 0x00000000814fffa0, 0x0000000081500000| 99%| O|  |TAMS 0x00000000814fffa0, 0x0000000081400000| Untracked 
|   7|0x0000000081500000, 0x00000000815ffff8, 0x0000000081600000| 99%| O|  |TAMS 0x00000000815ffff8, 0x0000000081500000| Untracked 
|   8|0x0000000081600000, 0x00000000816ffff8, 0x0000000081700000| 99%| O|  |TAMS 0x00000000816ffff8, 0x0000000081600000| Untracked 
|   9|0x0000000081700000, 0x00000000817fffa0, 0x0000000081800000| 99%| O|  |TAMS 0x00000000817fffa0, 0x0000000081700000| Untracked 
|  10|0x0000000081800000, 0x00000000818ffff8, 0x0000000081900000| 99%| O|  |TAMS 0x00000000818ffff8, 0x0000000081800000| Untracked 
|  11|0x0000000081900000, 0x00000000819ff1f8, 0x0000000081a00000| 99%| O|  |TAMS 0x00000000819ff1f8, 0x0000000081900000| Untracked 
|  12|0x0000000081a00000, 0x0000000081affff0, 0x0000000081b00000| 99%| O|  |TAMS 0x0000000081affff0, 0x0000000081a00000| Untracked 
|  13|0x0000000081b00000, 0x0000000081bfff98, 0x0000000081c00000| 99%| O|  |TAMS 0x0000000081bfff98, 0x0000000081b00000| Untracked 
|  14|0x0000000081c00000, 0x0000000081cfffb8, 0x0000000081d00000| 99%| O|  |TAMS 0x0000000081cfffb8, 0x0000000081c00000| Untracked 
|  15|0x0000000081d00000, 0x0000000081e00000, 0x0000000081e00000|100%| O|  |TAMS 0x0000000081e00000, 0x0000000081d00000| Untracked 
|  16|0x0000000081e00000, 0x0000000081effff8, 0x0000000081f00000| 99%| O|  |TAMS 0x0000000081effff8, 0x0000000081e00000| Untracked 
|  17|0x0000000081f00000, 0x0000000081fffff0, 0x0000000082000000| 99%| O|  |TAMS 0x0000000081fffff0, 0x0000000081f00000| Untracked 
|  18|0x0000000082000000, 0x00000000820fffc8, 0x0000000082100000| 99%| O|  |TAMS 0x00000000820fffc8, 0x0000000082000000| Untracked 
|  19|0x0000000082100000, 0x00000000821fffe8, 0x0000000082200000| 99%| O|  |TAMS 0x00000000821fffe8, 0x0000000082100000| Untracked 
|  20|0x0000000082200000, 0x00000000822ffff0, 0x0000000082300000| 99%| O|  |TAMS 0x00000000822ffff0, 0x0000000082200000| Untracked 
|  21|0x0000000082300000, 0x00000000823ffff0, 0x0000000082400000| 99%| O|  |TAMS 0x0000000082300000, 0x0000000082300000| Untracked 
|  22|0x0000000082400000, 0x00000000824fffb0, 0x0000000082500000| 99%| O|  |TAMS 0x0000000082400000, 0x0000000082400000| Untracked 
|  23|0x0000000082500000, 0x00000000825fd390, 0x0000000082600000| 98%| O|  |TAMS 0x0000000082500000, 0x0000000082500000| Untracked 
|  24|0x0000000082600000, 0x0000000082690f98, 0x0000000082700000| 56%| O|  |TAMS 0x0000000082600000, 0x0000000082600000| Untracked 
|  25|0x0000000082700000, 0x00000000827ffff0, 0x0000000082800000| 99%| O|  |TAMS 0x0000000082700000, 0x0000000082700000| Untracked 
|  26|0x0000000082800000, 0x0000000082900000, 0x0000000082900000|100%| O|  |TAMS 0x0000000082800000, 0x0000000082800000| Untracked 
|  27|0x0000000082900000, 0x0000000082a00000, 0x0000000082a00000|100%| O|  |TAMS 0x0000000082900000, 0x0000000082900000| Untracked 
|  28|0x0000000082a00000, 0x0000000082b00000, 0x0000000082b00000|100%| O|  |TAMS 0x0000000082a00000, 0x0000000082a00000| Untracked 
|  29|0x0000000082b00000, 0x0000000082bffff0, 0x0000000082c00000| 99%| O|  |TAMS 0x0000000082b00000, 0x0000000082b00000| Untracked 
|  30|0x0000000082c00000, 0x0000000082c02928, 0x0000000082d00000|  1%| O|  |TAMS 0x0000000082c00000, 0x0000000082c00000| Untracked 
|  31|0x0000000082d00000, 0x0000000082e00000, 0x0000000082e00000|100%| O|  |TAMS 0x0000000082d00000, 0x0000000082d00000| Untracked 
|  32|0x0000000082e00000, 0x0000000082f00000, 0x0000000082f00000|100%| O|  |TAMS 0x0000000082e00000, 0x0000000082e00000| Untracked 
|  33|0x0000000082f00000, 0x0000000082f639c8, 0x0000000083000000| 38%| O|  |TAMS 0x0000000082f00000, 0x0000000082f00000| Untracked 
|  34|0x0000000083000000, 0x0000000083100000, 0x0000000083100000|100%| O|  |TAMS 0x0000000083000000, 0x0000000083000000| Untracked 
|  35|0x0000000083100000, 0x0000000083200000, 0x0000000083200000|100%| O|  |TAMS 0x0000000083100000, 0x0000000083100000| Untracked 
|  36|0x0000000083200000, 0x0000000083229600, 0x0000000083300000| 16%| O|  |TAMS 0x0000000083200000, 0x0000000083200000| Untracked 
|  37|0x0000000083300000, 0x0000000083300000, 0x0000000083400000|  0%| F|  |TAMS 0x0000000083300000, 0x0000000083300000| Untracked 
|  38|0x0000000083400000, 0x0000000083400000, 0x0000000083500000|  0%| F|  |TAMS 0x0000000083400000, 0x0000000083400000| Untracked 
|  39|0x0000000083500000, 0x0000000083500000, 0x0000000083600000|  0%| F|  |TAMS 0x0000000083500000, 0x0000000083500000| Untracked 
|  40|0x0000000083600000, 0x0000000083600000, 0x0000000083700000|  0%| F|  |TAMS 0x0000000083600000, 0x0000000083600000| Untracked 
|  41|0x0000000083700000, 0x0000000083700000, 0x0000000083800000|  0%| F|  |TAMS 0x0000000083700000, 0x0000000083700000| Untracked 
|  42|0x0000000083800000, 0x0000000083800000, 0x0000000083900000|  0%| F|  |TAMS 0x0000000083800000, 0x0000000083800000| Untracked 
|  43|0x0000000083900000, 0x0000000083900000, 0x0000000083a00000|  0%| F|  |TAMS 0x0000000083900000, 0x0000000083900000| Untracked 
|  44|0x0000000083a00000, 0x0000000083a00000, 0x0000000083b00000|  0%| F|  |TAMS 0x0000000083a00000, 0x0000000083a00000| Untracked 
|  45|0x0000000083b00000, 0x0000000083b00000, 0x0000000083c00000|  0%| F|  |TAMS 0x0000000083b00000, 0x0000000083b00000| Untracked 
|  46|0x0000000083c00000, 0x0000000083c00000, 0x0000000083d00000|  0%| F|  |TAMS 0x0000000083c00000, 0x0000000083c00000| Untracked 
|  47|0x0000000083d00000, 0x0000000083d55160, 0x0000000083e00000| 33%| S|CS|TAMS 0x0000000083d00000, 0x0000000083d00000| Complete 
|  48|0x0000000083e00000, 0x0000000083f00000, 0x0000000083f00000|100%| S|CS|TAMS 0x0000000083e00000, 0x0000000083e00000| Complete 
|  49|0x0000000083f00000, 0x0000000084000000, 0x0000000084000000|100%| S|CS|TAMS 0x0000000083f00000, 0x0000000083f00000| Complete 
|  50|0x0000000084000000, 0x0000000084100000, 0x0000000084100000|100%| S|CS|TAMS 0x0000000084000000, 0x0000000084000000| Complete 
|  51|0x0000000084100000, 0x0000000084100000, 0x0000000084200000|  0%| F|  |TAMS 0x0000000084100000, 0x0000000084100000| Untracked 
|  52|0x0000000084200000, 0x0000000084200000, 0x0000000084300000|  0%| F|  |TAMS 0x0000000084200000, 0x0000000084200000| Untracked 
|  53|0x0000000084300000, 0x0000000084300000, 0x0000000084400000|  0%| F|  |TAMS 0x0000000084300000, 0x0000000084300000| Untracked 
|  54|0x0000000084400000, 0x0000000084400000, 0x0000000084500000|  0%| F|  |TAMS 0x0000000084400000, 0x0000000084400000| Untracked 
|  55|0x0000000084500000, 0x0000000084500000, 0x0000000084600000|  0%| F|  |TAMS 0x0000000084500000, 0x0000000084500000| Untracked 
|  56|0x0000000084600000, 0x0000000084600000, 0x0000000084700000|  0%| F|  |TAMS 0x0000000084600000, 0x0000000084600000| Untracked 
|  57|0x0000000084700000, 0x0000000084700000, 0x0000000084800000|  0%| F|  |TAMS 0x0000000084700000, 0x0000000084700000| Untracked 
|  58|0x0000000084800000, 0x0000000084800000, 0x0000000084900000|  0%| F|  |TAMS 0x0000000084800000, 0x0000000084800000| Untracked 
|  59|0x0000000084900000, 0x0000000084900000, 0x0000000084a00000|  0%| F|  |TAMS 0x0000000084900000, 0x0000000084900000| Untracked 
|  60|0x0000000084a00000, 0x0000000084a00000, 0x0000000084b00000|  0%| F|  |TAMS 0x0000000084a00000, 0x0000000084a00000| Untracked 
|  61|0x0000000084b00000, 0x0000000084b00000, 0x0000000084c00000|  0%| F|  |TAMS 0x0000000084b00000, 0x0000000084b00000| Untracked 
|  62|0x0000000084c00000, 0x0000000084c00000, 0x0000000084d00000|  0%| F|  |TAMS 0x0000000084c00000, 0x0000000084c00000| Untracked 
|  63|0x0000000084d00000, 0x0000000084d00000, 0x0000000084e00000|  0%| F|  |TAMS 0x0000000084d00000, 0x0000000084d00000| Untracked 
|  64|0x0000000084e00000, 0x0000000084e00000, 0x0000000084f00000|  0%| F|  |TAMS 0x0000000084e00000, 0x0000000084e00000| Untracked 
|  65|0x0000000084f00000, 0x0000000084f00000, 0x0000000085000000|  0%| F|  |TAMS 0x0000000084f00000, 0x0000000084f00000| Untracked 
|  66|0x0000000085000000, 0x0000000085000000, 0x0000000085100000|  0%| F|  |TAMS 0x0000000085000000, 0x0000000085000000| Untracked 
|  67|0x0000000085100000, 0x0000000085100000, 0x0000000085200000|  0%| F|  |TAMS 0x0000000085100000, 0x0000000085100000| Untracked 
|  68|0x0000000085200000, 0x0000000085200000, 0x0000000085300000|  0%| F|  |TAMS 0x0000000085200000, 0x0000000085200000| Untracked 
|  69|0x0000000085300000, 0x0000000085300000, 0x0000000085400000|  0%| F|  |TAMS 0x0000000085300000, 0x0000000085300000| Untracked 
|  70|0x0000000085400000, 0x0000000085400000, 0x0000000085500000|  0%| F|  |TAMS 0x0000000085400000, 0x0000000085400000| Untracked 
|  71|0x0000000085500000, 0x0000000085500000, 0x0000000085600000|  0%| F|  |TAMS 0x0000000085500000, 0x0000000085500000| Untracked 
|  72|0x0000000085600000, 0x0000000085600000, 0x0000000085700000|  0%| F|  |TAMS 0x0000000085600000, 0x0000000085600000| Untracked 
|  73|0x0000000085700000, 0x0000000085700000, 0x0000000085800000|  0%| F|  |TAMS 0x0000000085700000, 0x0000000085700000| Untracked 
|  74|0x0000000085800000, 0x0000000085800000, 0x0000000085900000|  0%| F|  |TAMS 0x0000000085800000, 0x0000000085800000| Untracked 
|  75|0x0000000085900000, 0x0000000085900000, 0x0000000085a00000|  0%| F|  |TAMS 0x0000000085900000, 0x0000000085900000| Untracked 
|  76|0x0000000085a00000, 0x0000000085a00000, 0x0000000085b00000|  0%| F|  |TAMS 0x0000000085a00000, 0x0000000085a00000| Untracked 
|  77|0x0000000085b00000, 0x0000000085b00000, 0x0000000085c00000|  0%| F|  |TAMS 0x0000000085b00000, 0x0000000085b00000| Untracked 
|  78|0x0000000085c00000, 0x0000000085c00000, 0x0000000085d00000|  0%| F|  |TAMS 0x0000000085c00000, 0x0000000085c00000| Untracked 
|  79|0x0000000085d00000, 0x0000000085d00000, 0x0000000085e00000|  0%| F|  |TAMS 0x0000000085d00000, 0x0000000085d00000| Untracked 
|  80|0x0000000085e00000, 0x0000000085e00000, 0x0000000085f00000|  0%| F|  |TAMS 0x0000000085e00000, 0x0000000085e00000| Untracked 
|  81|0x0000000085f00000, 0x0000000085f00000, 0x0000000086000000|  0%| F|  |TAMS 0x0000000085f00000, 0x0000000085f00000| Untracked 
|  82|0x0000000086000000, 0x0000000086000000, 0x0000000086100000|  0%| F|  |TAMS 0x0000000086000000, 0x0000000086000000| Untracked 
|  83|0x0000000086100000, 0x0000000086100000, 0x0000000086200000|  0%| F|  |TAMS 0x0000000086100000, 0x0000000086100000| Untracked 
|  84|0x0000000086200000, 0x0000000086200000, 0x0000000086300000|  0%| F|  |TAMS 0x0000000086200000, 0x0000000086200000| Untracked 
|  85|0x0000000086300000, 0x0000000086300000, 0x0000000086400000|  0%| F|  |TAMS 0x0000000086300000, 0x0000000086300000| Untracked 
|  86|0x0000000086400000, 0x0000000086400000, 0x0000000086500000|  0%| F|  |TAMS 0x0000000086400000, 0x0000000086400000| Untracked 
|  87|0x0000000086500000, 0x0000000086500000, 0x0000000086600000|  0%| F|  |TAMS 0x0000000086500000, 0x0000000086500000| Untracked 
|  88|0x0000000086600000, 0x0000000086600000, 0x0000000086700000|  0%| F|  |TAMS 0x0000000086600000, 0x0000000086600000| Untracked 
|  89|0x0000000086700000, 0x0000000086700000, 0x0000000086800000|  0%| F|  |TAMS 0x0000000086700000, 0x0000000086700000| Untracked 
|  90|0x0000000086800000, 0x0000000086800000, 0x0000000086900000|  0%| F|  |TAMS 0x0000000086800000, 0x0000000086800000| Untracked 
|  91|0x0000000086900000, 0x0000000086900000, 0x0000000086a00000|  0%| F|  |TAMS 0x0000000086900000, 0x0000000086900000| Untracked 
|  92|0x0000000086a00000, 0x0000000086a00000, 0x0000000086b00000|  0%| F|  |TAMS 0x0000000086a00000, 0x0000000086a00000| Untracked 
|  93|0x0000000086b00000, 0x0000000086b00000, 0x0000000086c00000|  0%| F|  |TAMS 0x0000000086b00000, 0x0000000086b00000| Untracked 
|  94|0x0000000086c00000, 0x0000000086c00000, 0x0000000086d00000|  0%| F|  |TAMS 0x0000000086c00000, 0x0000000086c00000| Untracked 
|  95|0x0000000086d00000, 0x0000000086d00000, 0x0000000086e00000|  0%| F|  |TAMS 0x0000000086d00000, 0x0000000086d00000| Untracked 
|  96|0x0000000086e00000, 0x0000000086e00000, 0x0000000086f00000|  0%| F|  |TAMS 0x0000000086e00000, 0x0000000086e00000| Untracked 
|  97|0x0000000086f00000, 0x0000000086f00000, 0x0000000087000000|  0%| F|  |TAMS 0x0000000086f00000, 0x0000000086f00000| Untracked 
|  98|0x0000000087000000, 0x0000000087000000, 0x0000000087100000|  0%| F|  |TAMS 0x0000000087000000, 0x0000000087000000| Untracked 
|  99|0x0000000087100000, 0x0000000087100000, 0x0000000087200000|  0%| F|  |TAMS 0x0000000087100000, 0x0000000087100000| Untracked 

Card table byte_map: [0x000002bdf13c0000,0x000002bdf17c0000] _byte_map_base: 0x000002bdf0fb9000

Marking Bits (Prev, Next): (CMBitMap*) 0x000002bde4881320, (CMBitMap*) 0x000002bde48812e0
 Prev Bits: [0x000002bdf3b90000, 0x000002bdf5b58000)
 Next Bits: [0x000002bdf1bc0000, 0x000002bdf3b88000)

Polling page: 0x000002bde48e0000

Metaspace:

Usage:
  Non-class:     66.32 MB used.
      Class:     10.55 MB used.
       Both:     76.87 MB used.

Virtual space:
  Non-class space:      128.00 MB reserved,      66.69 MB ( 52%) committed,  2 nodes.
      Class space:        1.00 GB reserved,      11.31 MB (  1%) committed,  1 nodes.
             Both:        1.12 GB reserved,      78.00 MB (  7%) committed. 

Chunk freelists:
   Non-Class:  13.04 MB
       Class:  5.17 MB
        Both:  18.21 MB

MaxMetaspaceSize: unlimited
CompressedClassSpaceSize: 1.00 GB
Initial GC threshold: 21.00 MB
Current GC threshold: 134.50 MB
CDS: on
MetaspaceReclaimPolicy: balanced
 - commit_granule_bytes: 65536.
 - commit_granule_words: 8192.
 - virtual_space_node_default_size: 8388608.
 - enlarge_chunks_in_place: 1.
 - new_chunks_are_fully_committed: 0.
 - uncommit_free_chunks: 1.
 - use_allocation_guard: 0.
 - handle_deallocations: 1.


Internal statistics:

num_allocs_failed_limit: 9.
num_arena_births: 2454.
num_arena_deaths: 1482.
num_vsnodes_births: 3.
num_vsnodes_deaths: 0.
num_space_committed: 1378.
num_space_uncommitted: 130.
num_chunks_returned_to_freelist: 3495.
num_chunks_taken_from_freelist: 7841.
num_chunk_merges: 727.
num_chunk_splits: 3840.
num_chunks_enlarged: 2523.
num_inconsistent_stats: 0.

CodeCache: size=49152Kb used=31530Kb max_used=31530Kb free=17621Kb
 bounds [0x000002bdedb20000, 0x000002bdef9f0000, 0x000002bdf0b20000]
 total_blobs=18273 nmethods=17588 adapters=609
 compilation: enabled
              stopped_count=0, restarted_count=0
 full_count=0

Compilation events (20 events):
Event: 2187.028 Thread 0x000002bdc51a2df0 nmethod 17579 0x000002bdef84e890 code [0x000002bdef84ea20, 0x000002bdef84eb28]
Event: 2187.029 Thread 0x000002bdc51a2df0 17580       1       com.fasterxml.jackson.databind.module.SimpleModule::getModuleName (5 bytes)
Event: 2187.029 Thread 0x000002bdc51a2df0 nmethod 17580 0x000002bdef84e590 code [0x000002bdef84e720, 0x000002bdef84e7f8]
Event: 2187.029 Thread 0x000002bdc51b0dc0 nmethod 17578 0x000002bdef84d510 code [0x000002bdef84d7a0, 0x000002bdef84e0e8]
Event: 2187.029 Thread 0x000002bdc51b0dc0 17581       1       com.fasterxml.jackson.databind.module.SimpleModule::version (5 bytes)
Event: 2187.029 Thread 0x000002bdc51b0dc0 nmethod 17581 0x000002bdef84d210 code [0x000002bdef84d3a0, 0x000002bdef84d478]
Event: 2187.033 Thread 0x000002bdf81a0ce0 17582       1       org.springframework.boot.context.properties.PropertyMapper::from (11 bytes)
Event: 2187.033 Thread 0x000002bdc51b0dc0 17583       1       org.springframework.boot.context.properties.PropertyMapper$$Lambda$655/0x000002bd813bbc80::<init> (10 bytes)
Event: 2187.033 Thread 0x000002bdc51b0dc0 nmethod 17583 0x000002bdef84cf10 code [0x000002bdef84d0a0, 0x000002bdef84d1b8]
Event: 2187.033 Thread 0x000002bdf81a0ce0 nmethod 17582 0x000002bdef84c390 code [0x000002bdef84c580, 0x000002bdef84cc28]
Event: 2187.050 Thread 0x000002bdf81a0ce0 17584       1       org.springframework.web.servlet.handler.AbstractHandlerMapping::adaptInterceptor (55 bytes)
Event: 2187.051 Thread 0x000002bdf81a0ce0 nmethod 17584 0x000002bdef84ba90 code [0x000002bdef84bc80, 0x000002bdef84c198]
Event: 2187.091 Thread 0x000002bdf81a0ce0 17585       1       org.springframework.beans.factory.support.DefaultListableBeanFactory$DependencyObjectProvider::orderedStream (6 bytes)
Event: 2187.091 Thread 0x000002bdf81a0ce0 nmethod 17585 0x000002bdef84b790 code [0x000002bdef84b920, 0x000002bdef84ba08]
Event: 2187.093 Thread 0x000002bdc51a2df0 17586       1       org.springframework.beans.factory.support.DefaultListableBeanFactory::adaptOrderComparator (37 bytes)
Event: 2187.093 Thread 0x000002bdc51a2df0 nmethod 17586 0x000002bdef84ac90 code [0x000002bdef84ae80, 0x000002bdef84b488]
Event: 2187.114 Thread 0x000002bdf81a0ce0 17588       1       org.springframework.core.convert.TypeDescriptor::getMapValueTypeDescriptor (31 bytes)
Event: 2187.114 Thread 0x000002bdc51a2df0 17587       1       org.springframework.core.convert.TypeDescriptor::getMapKeyTypeDescriptor (31 bytes)
Event: 2187.114 Thread 0x000002bdc51a2df0 nmethod 17587 0x000002bdef84a310 code [0x000002bdef84a520, 0x000002bdef84a978]
Event: 2187.114 Thread 0x000002bdf81a0ce0 nmethod 17588 0x000002bdef849990 code [0x000002bdef849ba0, 0x000002bdef849ff8]

GC Heap History (20 events):
Event: 2162.269 GC heap after
{Heap after GC invocations=116 (full 12):
 garbage-first heap   total 107520K, used 37929K [0x0000000080e00000, 0x0000000100000000)
  region size 1024K, 4 young (4096K), 4 survivors (4096K)
 Metaspace       used 78715K, committed 80256K, reserved 1179648K
  class space    used 10801K, committed 11584K, reserved 1048576K
}
Event: 2180.486 GC heap before
{Heap before GC invocations=116 (full 12):
 garbage-first heap   total 107520K, used 54313K [0x0000000080e00000, 0x0000000100000000)
  region size 1024K, 21 young (21504K), 4 survivors (4096K)
 Metaspace       used 78718K, committed 80256K, reserved 1179648K
  class space    used 10802K, committed 11584K, reserved 1048576K
}
Event: 2180.538 GC heap after
{Heap after GC invocations=117 (full 13):
 garbage-first heap   total 89088K, used 25571K [0x0000000080e00000, 0x0000000100000000)
  region size 1024K, 0 young (0K), 0 survivors (0K)
 Metaspace       used 77299K, committed 79552K, reserved 1179648K
  class space    used 10673K, committed 11584K, reserved 1048576K
}
Event: 2181.093 GC heap before
{Heap before GC invocations=117 (full 13):
 garbage-first heap   total 89088K, used 72675K [0x0000000080e00000, 0x0000000100000000)
  region size 1024K, 47 young (48128K), 0 survivors (0K)
 Metaspace       used 77625K, committed 79552K, reserved 1179648K
  class space    used 10710K, committed 11584K, reserved 1048576K
}
Event: 2181.096 GC heap after
{Heap after GC invocations=118 (full 13):
 garbage-first heap   total 89088K, used 30142K [0x0000000080e00000, 0x0000000100000000)
  region size 1024K, 5 young (5120K), 5 survivors (5120K)
 Metaspace       used 77625K, committed 79552K, reserved 1179648K
  class space    used 10710K, committed 11584K, reserved 1048576K
}
Event: 2181.426 GC heap before
{Heap before GC invocations=118 (full 13):
 garbage-first heap   total 89088K, used 72126K [0x0000000080e00000, 0x0000000100000000)
  region size 1024K, 46 young (47104K), 5 survivors (5120K)
 Metaspace       used 77977K, committed 79552K, reserved 1179648K
  class space    used 10741K, committed 11584K, reserved 1048576K
}
Event: 2181.431 GC heap after
{Heap after GC invocations=119 (full 13):
 garbage-first heap   total 89088K, used 33175K [0x0000000080e00000, 0x0000000100000000)
  region size 1024K, 4 young (4096K), 4 survivors (4096K)
 Metaspace       used 77977K, committed 79552K, reserved 1179648K
  class space    used 10741K, committed 11584K, reserved 1048576K
}
Event: 2181.620 GC heap before
{Heap before GC invocations=119 (full 13):
 garbage-first heap   total 89088K, used 70039K [0x0000000080e00000, 0x0000000100000000)
  region size 1024K, 40 young (40960K), 4 survivors (4096K)
 Metaspace       used 78144K, committed 79552K, reserved 1179648K
  class space    used 10755K, committed 11584K, reserved 1048576K
}
Event: 2181.623 GC heap after
{Heap after GC invocations=120 (full 13):
 garbage-first heap   total 107520K, used 34248K [0x0000000080e00000, 0x0000000100000000)
  region size 1024K, 2 young (2048K), 2 survivors (2048K)
 Metaspace       used 78144K, committed 79552K, reserved 1179648K
  class space    used 10755K, committed 11584K, reserved 1048576K
}
Event: 2181.882 GC heap before
{Heap before GC invocations=120 (full 13):
 garbage-first heap   total 107520K, used 84424K [0x0000000080e00000, 0x0000000100000000)
  region size 1024K, 51 young (52224K), 2 survivors (2048K)
 Metaspace       used 78621K, committed 79808K, reserved 1179648K
  class space    used 10786K, committed 11584K, reserved 1048576K
}
Event: 2181.884 GC heap after
{Heap after GC invocations=121 (full 13):
 garbage-first heap   total 107520K, used 35741K [0x0000000080e00000, 0x0000000100000000)
  region size 1024K, 3 young (3072K), 3 survivors (3072K)
 Metaspace       used 78621K, committed 79808K, reserved 1179648K
  class space    used 10786K, committed 11584K, reserved 1048576K
}
Event: 2185.643 GC heap before
{Heap before GC invocations=121 (full 13):
 garbage-first heap   total 107520K, used 62365K [0x0000000080e00000, 0x0000000100000000)
  region size 1024K, 30 young (30720K), 3 survivors (3072K)
 Metaspace       used 78624K, committed 79808K, reserved 1179648K
  class space    used 10786K, committed 11584K, reserved 1048576K
}
Event: 2185.698 GC heap after
{Heap after GC invocations=122 (full 14):
 garbage-first heap   total 102400K, used 28613K [0x0000000080e00000, 0x0000000100000000)
  region size 1024K, 0 young (0K), 0 survivors (0K)
 Metaspace       used 77316K, committed 79808K, reserved 1179648K
  class space    used 10678K, committed 11584K, reserved 1048576K
}
Event: 2186.327 GC heap before
{Heap before GC invocations=122 (full 14):
 garbage-first heap   total 102400K, used 80837K [0x0000000080e00000, 0x0000000100000000)
  region size 1024K, 52 young (53248K), 0 survivors (0K)
 Metaspace       used 77639K, committed 79808K, reserved 1179648K
  class space    used 10715K, committed 11584K, reserved 1048576K
}
Event: 2186.330 GC heap after
{Heap after GC invocations=123 (full 14):
 garbage-first heap   total 102400K, used 32593K [0x0000000080e00000, 0x0000000100000000)
  region size 1024K, 4 young (4096K), 4 survivors (4096K)
 Metaspace       used 77639K, committed 79808K, reserved 1179648K
  class space    used 10715K, committed 11584K, reserved 1048576K
}
Event: 2186.596 GC heap before
{Heap before GC invocations=123 (full 14):
 garbage-first heap   total 102400K, used 81745K [0x0000000080e00000, 0x0000000100000000)
  region size 1024K, 52 young (53248K), 4 survivors (4096K)
 Metaspace       used 78116K, committed 79808K, reserved 1179648K
  class space    used 10761K, committed 11584K, reserved 1048576K
}
Event: 2186.601 GC heap after
{Heap after GC invocations=124 (full 14):
 garbage-first heap   total 102400K, used 35423K [0x0000000080e00000, 0x0000000100000000)
  region size 1024K, 4 young (4096K), 4 survivors (4096K)
 Metaspace       used 78116K, committed 79808K, reserved 1179648K
  class space    used 10761K, committed 11584K, reserved 1048576K
}
Event: 2186.807 GC heap before
{Heap before GC invocations=124 (full 14):
 garbage-first heap   total 102400K, used 80479K [0x0000000080e00000, 0x0000000100000000)
  region size 1024K, 48 young (49152K), 4 survivors (4096K)
 Metaspace       used 78424K, committed 79808K, reserved 1179648K
  class space    used 10781K, committed 11584K, reserved 1048576K
}
Event: 2186.809 GC heap after
{Heap after GC invocations=125 (full 14):
 garbage-first heap   total 102400K, used 36269K [0x0000000080e00000, 0x0000000100000000)
  region size 1024K, 4 young (4096K), 4 survivors (4096K)
 Metaspace       used 78424K, committed 79808K, reserved 1179648K
  class space    used 10781K, committed 11584K, reserved 1048576K
}
Event: 2187.137 GC heap before
{Heap before GC invocations=125 (full 14):
 garbage-first heap   total 102400K, used 82349K [0x0000000080e00000, 0x0000000100000000)
  region size 1024K, 49 young (50176K), 4 survivors (4096K)
 Metaspace       used 78710K, committed 79872K, reserved 1179648K
  class space    used 10801K, committed 11584K, reserved 1048576K
}

Dll operation events (13 events):
Event: 0.054 Loaded shared library C:\Users\TranAnh computer\.jdks\corretto-17.0.9-1\bin\java.dll
Event: 0.071 Loaded shared library C:\Users\TranAnh computer\.jdks\corretto-17.0.9-1\bin\jsvml.dll
Event: 0.136 Loaded shared library C:\Users\TranAnh computer\.jdks\corretto-17.0.9-1\bin\zip.dll
Event: 0.139 Loaded shared library C:\Users\TranAnh computer\.jdks\corretto-17.0.9-1\bin\instrument.dll
Event: 0.144 Loaded shared library C:\Users\TranAnh computer\.jdks\corretto-17.0.9-1\bin\net.dll
Event: 0.145 Loaded shared library C:\Users\TranAnh computer\.jdks\corretto-17.0.9-1\bin\nio.dll
Event: 0.146 Loaded shared library C:\Users\TranAnh computer\.jdks\corretto-17.0.9-1\bin\zip.dll
Event: 0.695 Loaded shared library C:\Program Files\JetBrains\IntelliJ IDEA 2023.2.3\bin\breakgen64.dll
Event: 0.708 Loaded shared library C:\Users\TranAnh computer\.jdks\corretto-17.0.9-1\bin\jimage.dll
Event: 0.720 Loaded shared library C:\Users\TranAnh computer\.jdks\corretto-17.0.9-1\bin\management.dll
Event: 0.733 Loaded shared library C:\Users\TranAnh computer\.jdks\corretto-17.0.9-1\bin\management_ext.dll
Event: 3.009 Loaded shared library C:\Users\TranAnh computer\.jdks\corretto-17.0.9-1\bin\sunmscapi.dll
Event: 3.718 Loaded shared library C:\Users\TranAnh computer\.jdks\corretto-17.0.9-1\bin\verify.dll

Deoptimization events (14 events):
Event: 1.652 Thread 0x000002bdf8d2c420 DEOPT PACKING pc=0x000002bdee061b19 sp=0x000000c6dacfce40
Event: 1.652 Thread 0x000002bdf8d2c420 DEOPT UNPACKING pc=0x000002bdedb77143 sp=0x000000c6dacfc320 mode 3
Event: 1.791 Thread 0x000002bdf8d2c420 DEOPT PACKING pc=0x000002bdee0af655 sp=0x000000c6dacfd320
Event: 1.791 Thread 0x000002bdf8d2c420 DEOPT UNPACKING pc=0x000002bdedb77143 sp=0x000000c6dacfc7c8 mode 3
Event: 1.869 Thread 0x000002bdf8d2c420 DEOPT PACKING pc=0x000002bdee0a639d sp=0x000000c6dacfdc10
Event: 1.869 Thread 0x000002bdf8d2c420 DEOPT UNPACKING pc=0x000002bdedb77143 sp=0x000000c6dacfd178 mode 3
Event: 2.619 Thread 0x000002bdf8d2c420 DEOPT PACKING pc=0x000002bdee2a7719 sp=0x000000c6dacfd7e0
Event: 2.619 Thread 0x000002bdf8d2c420 DEOPT UNPACKING pc=0x000002bdedb77143 sp=0x000000c6dacfccc0 mode 3
Event: 4.944 Thread 0x000002bdf8d2c420 DEOPT PACKING pc=0x000002bdee0ca622 sp=0x000000c6dacfba80
Event: 4.944 Thread 0x000002bdf8d2c420 DEOPT UNPACKING pc=0x000002bdedb77143 sp=0x000000c6dacfaf88 mode 3
Event: 5.024 Thread 0x000002bdf8d2c420 DEOPT PACKING pc=0x000002bdee079da4 sp=0x000000c6dacfc0a0
Event: 5.024 Thread 0x000002bdf8d2c420 DEOPT UNPACKING pc=0x000002bdedb77143 sp=0x000000c6dacfb5f8 mode 0
Event: 524.913 Thread 0x000002bdf8a6b570 DEOPT PACKING pc=0x000002bdee9592c4 sp=0x000000c6d9ffd380
Event: 524.913 Thread 0x000002bdf8a6b570 DEOPT UNPACKING pc=0x000002bdedb77143 sp=0x000000c6d9ffc818 mode 3

Classes unloaded (20 events):
Event: 2185.657 Thread 0x000002bdf81736e0 Unloading class 0x000002bd81b26d50 'project/fashion/admin/model/service/ImgSizeService'
Event: 2185.657 Thread 0x000002bdf81736e0 Unloading class 0x000002bd81b26b08 'project/fashion/admin/model/service/ImgProductService'
Event: 2185.657 Thread 0x000002bdf81736e0 Unloading class 0x000002bd81b268f0 'project/fashion/admin/model/service/HistoryService'
Event: 2185.657 Thread 0x000002bdf81736e0 Unloading class 0x000002bd81b266c8 'project/fashion/admin/model/service/CustomUserDetailService'
Event: 2185.657 Thread 0x000002bdf81736e0 Unloading class 0x000002bd81b264a8 'project/fashion/admin/model/service/ColorService'
Event: 2185.657 Thread 0x000002bdf81736e0 Unloading class 0x000002bd81b26250 'project/fashion/admin/model/service/CategoryService'
Event: 2185.657 Thread 0x000002bdf81736e0 Unloading class 0x000002bd81b26000 'project/fashion/admin/model/service/AccountService'
Event: 2185.657 Thread 0x000002bdf81736e0 Unloading class 0x000002bd81aead08 'project/fashion/admin/controllerError/CtlError'
Event: 2185.657 Thread 0x000002bdf81736e0 Unloading class 0x000002bd81aeaad8 'project/fashion/admin/controllerAdmin/CtlAdminProductDetail'
Event: 2185.657 Thread 0x000002bdf81736e0 Unloading class 0x000002bd81aea8a0 'project/fashion/admin/controllerAdmin/CtlAdminProduct'
Event: 2185.657 Thread 0x000002bdf81736e0 Unloading class 0x000002bd81aea698 'project/fashion/admin/controllerAdmin/CtlAdminLogin'
Event: 2185.657 Thread 0x000002bdf81736e0 Unloading class 0x000002bd81aea458 'project/fashion/admin/controllerAdmin/CtlAdminInvoiceDetail'
Event: 2185.657 Thread 0x000002bdf81736e0 Unloading class 0x000002bd81aea228 'project/fashion/admin/controllerAdmin/CtlAdminImgProduct'
Event: 2185.657 Thread 0x000002bdf81736e0 Unloading class 0x000002bd81aea000 'project/fashion/admin/controllerAdmin/CtlAdminColor'
Event: 2185.657 Thread 0x000002bdf81736e0 Unloading class 0x000002bd81b32c58 'project/fashion/admin/controllerAdmin/CtlAdminCategory'
Event: 2185.657 Thread 0x000002bdf81736e0 Unloading class 0x000002bd81b32a10 'project/fashion/admin/controllerAdmin/CtlAdminAccount'
Event: 2185.657 Thread 0x000002bdf81736e0 Unloading class 0x000002bd81b32800 'project/fashion/admin/controllerAdmin/CtlAdmin'
Event: 2185.657 Thread 0x000002bdf81736e0 Unloading class 0x000002bd81abe410 'project/fashion/admin/config/WebConfig'
Event: 2185.657 Thread 0x000002bdf81736e0 Unloading class 0x000002bd81abe200 'project/fashion/admin/config/SecurityConfig'
Event: 2185.657 Thread 0x000002bdf81736e0 Unloading class 0x000002bd81abe000 'project/fashion/FashionApplication'

Classes redefined (0 events):
No events

Internal exceptions (20 events):
Event: 2181.564 Thread 0x000002bdf8a6d3d0 Exception <a 'java/lang/reflect/InvocationTargetException'{0x0000000084c11e88}> (0x0000000084c11e88) 
thrown [s\src\hotspot\share\runtime\reflection.cpp, line 1121]
Event: 2181.564 Thread 0x000002bdf8a6d3d0 Exception <a 'java/lang/reflect/InvocationTargetException'{0x0000000084c1bfd8}> (0x0000000084c1bfd8) 
thrown [s\src\hotspot\share\runtime\reflection.cpp, line 1121]
Event: 2181.900 Thread 0x000002bdf8a6d3d0 Exception <a 'sun/nio/fs/WindowsException'{0x00000000875e2250}> (0x00000000875e2250) 
thrown [s\src\hotspot\share\prims\jni.cpp, line 516]
Event: 2185.638 Thread 0x000002bdf8a6ddf0 Exception <a 'java/lang/InterruptedException'{0x0000000085dc2740}: sleep interrupted> (0x0000000085dc2740) 
thrown [s\src\hotspot\share\prims\jvm.cpp, line 3064]
Event: 2185.715 Thread 0x000002bdff111610 Exception <a 'sun/nio/fs/WindowsException'{0x00000000871d6178}> (0x00000000871d6178) 
thrown [s\src\hotspot\share\prims\jni.cpp, line 516]
Event: 2185.767 Thread 0x000002bdff111610 Exception <a 'sun/nio/fs/WindowsException'{0x0000000086e2d520}> (0x0000000086e2d520) 
thrown [s\src\hotspot\share\prims\jni.cpp, line 516]
Event: 2186.070 Thread 0x000002bdff111610 Exception <a 'sun/nio/fs/WindowsException'{0x00000000858a05d0}> (0x00000000858a05d0) 
thrown [s\src\hotspot\share\prims\jni.cpp, line 516]
Event: 2186.095 Thread 0x000002bdff111610 Exception <a 'sun/nio/fs/WindowsException'{0x0000000085676f70}> (0x0000000085676f70) 
thrown [s\src\hotspot\share\prims\jni.cpp, line 516]
Event: 2186.165 Thread 0x000002bdff111610 Exception <a 'java/lang/NoClassDefFoundError'{0x0000000084f2e920}: org/flywaydb/core/Flyway> (0x0000000084f2e920) 
thrown [s\src\hotspot\share\oops\constantPool.cpp, line 835]
Event: 2186.165 Thread 0x000002bdff111610 Exception <a 'java/lang/NoClassDefFoundError'{0x0000000084f2ef70}: liquibase/integration/spring/SpringLiquibase> (0x0000000084f2ef70) 
thrown [s\src\hotspot\share\oops\constantPool.cpp, line 835]
Event: 2186.169 Thread 0x000002bdff111610 Exception <a 'java/lang/NoClassDefFoundError'{0x0000000084fc42c0}: org/jooq/DSLContext> (0x0000000084fc42c0) 
thrown [s\src\hotspot\share\oops\constantPool.cpp, line 835]
Event: 2186.170 Thread 0x000002bdff111610 Exception <a 'java/lang/NoClassDefFoundError'{0x0000000084fdf3c0}: org/springframework/batch/core/repository/JobRepository> (0x0000000084fdf3c0) 
thrown [s\src\hotspot\share\oops\constantPool.cpp, line 835]
Event: 2186.170 Thread 0x000002bdff111610 Exception <a 'java/lang/NoClassDefFoundError'{0x0000000084fdfa08}: org/quartz/Scheduler> (0x0000000084fdfa08) 
thrown [s\src\hotspot\share\oops\constantPool.cpp, line 835]
Event: 2186.170 Thread 0x000002bdff111610 Exception <a 'java/lang/NoClassDefFoundError'{0x0000000084fe0078}: org/springframework/session/jdbc/JdbcIndexedSessionRepository> (0x0000000084fe0078) 
thrown [s\src\hotspot\share\oops\constantPool.cpp, line 835]
Event: 2186.230 Thread 0x000002bdff111610 Exception <a 'sun/nio/fs/WindowsException'{0x00000000846b30a0}> (0x00000000846b30a0) 
thrown [s\src\hotspot\share\prims\jni.cpp, line 516]
Event: 2186.231 Thread 0x000002bdff111610 Exception <a 'sun/nio/fs/WindowsException'{0x00000000846b37c8}> (0x00000000846b37c8) 
thrown [s\src\hotspot\share\prims\jni.cpp, line 516]
Event: 2186.231 Thread 0x000002bdff111610 Exception <a 'sun/nio/fs/WindowsException'{0x00000000846b3ec0}> (0x00000000846b3ec0) 
thrown [s\src\hotspot\share\prims\jni.cpp, line 516]
Event: 2186.265 Thread 0x000002bdff111610 Exception <a 'java/io/FileNotFoundException'{0x00000000846fb138}> (0x00000000846fb138) 
thrown [s\src\hotspot\share\prims\jni.cpp, line 516]
Event: 2186.335 Thread 0x000002bdff111610 Exception <a 'sun/nio/fs/WindowsException'{0x000000008716ac60}> (0x000000008716ac60) 
thrown [s\src\hotspot\share\prims\jni.cpp, line 516]
Event: 2187.006 Thread 0x000002bdff111610 Exception <a 'sun/nio/fs/WindowsException'{0x00000000855a95e0}> (0x00000000855a95e0) 
thrown [s\src\hotspot\share\prims\jni.cpp, line 516]

VM Operations (20 events):
Event: 2162.269 Executing VM operation: G1CollectForAllocation done
Event: 2180.486 Executing VM operation: G1CollectFull
Event: 2180.538 Executing VM operation: G1CollectFull done
Event: 2181.093 Executing VM operation: G1CollectForAllocation
Event: 2181.096 Executing VM operation: G1CollectForAllocation done
Event: 2181.425 Executing VM operation: G1CollectForAllocation
Event: 2181.431 Executing VM operation: G1CollectForAllocation done
Event: 2181.620 Executing VM operation: G1CollectForAllocation
Event: 2181.623 Executing VM operation: G1CollectForAllocation done
Event: 2181.881 Executing VM operation: G1CollectForAllocation
Event: 2181.884 Executing VM operation: G1CollectForAllocation done
Event: 2185.642 Executing VM operation: G1CollectFull
Event: 2185.699 Executing VM operation: G1CollectFull done
Event: 2186.327 Executing VM operation: G1CollectForAllocation
Event: 2186.330 Executing VM operation: G1CollectForAllocation done
Event: 2186.596 Executing VM operation: G1CollectForAllocation
Event: 2186.601 Executing VM operation: G1CollectForAllocation done
Event: 2186.807 Executing VM operation: G1CollectForAllocation
Event: 2186.809 Executing VM operation: G1CollectForAllocation done
Event: 2187.137 Executing VM operation: G1CollectForAllocation

Events (20 events):
Event: 2185.638 Thread 0x000002bdff10b5e0 Thread exited: 0x000002bdff10b5e0
Event: 2185.638 Thread 0x000002bdff10ca20 Thread exited: 0x000002bdff10ca20
Event: 2185.638 Thread 0x000002bdf8a6d8e0 Thread exited: 0x000002bdf8a6d8e0
Event: 2185.638 Thread 0x000002bdf8a6bf90 Thread exited: 0x000002bdf8a6bf90
Event: 2185.638 Thread 0x000002bdf8a6ddf0 Thread exited: 0x000002bdf8a6ddf0
Event: 2185.641 Thread 0x000002bdff111b20 Thread added: 0x000002bdff111b20
Event: 2185.641 Thread 0x000002bdff10c510 Thread exited: 0x000002bdff10c510
Event: 2185.641 Thread 0x000002bdf8a6b570 Thread exited: 0x000002bdf8a6b570
Event: 2185.642 Thread 0x000002bdff111b20 Thread exited: 0x000002bdff111b20
Event: 2185.699 Thread 0x000002bdff10c510 Thread added: 0x000002bdff10c510
Event: 2185.700 Thread 0x000002bdff111610 Thread added: 0x000002bdff111610
Event: 2185.700 Thread 0x000002bdff10c510 Thread exited: 0x000002bdff10c510
Event: 2185.861 Thread 0x000002bdff10e880 Thread added: 0x000002bdff10e880
Event: 2185.887 Thread 0x000002bdff10e880 Thread exited: 0x000002bdff10e880
Event: 2186.295 Thread 0x000002bdff111100 Thread added: 0x000002bdff111100
Event: 2186.314 Thread 0x000002bdff1106e0 Thread added: 0x000002bdff1106e0
Event: 2186.314 Thread 0x000002bdff111b20 Thread added: 0x000002bdff111b20
Event: 2186.314 Thread 0x000002bdff10d440 Thread added: 0x000002bdff10d440
Event: 2186.396 Thread 0x000002bdff10e880 Thread added: 0x000002bdff10e880
Event: 2187.131 Thread 0x000002bdff10ed90 Thread added: 0x000002bdff10ed90


Dynamic libraries:
0x00007ff6288d0000 - 0x00007ff6288de000 	C:\Users\TranAnh computer\.jdks\corretto-17.0.9-1\bin\java.exe
0x00007ff82c270000 - 0x00007ff82c468000 	C:\WINDOWS\SYSTEM32\ntdll.dll
0x00007ff82bde0000 - 0x00007ff82be9d000 	C:\WINDOWS\System32\KERNEL32.DLL
0x00007ff829d40000 - 0x00007ff82a036000 	C:\WINDOWS\System32\KERNELBASE.dll
0x00007ff8299d0000 - 0x00007ff829ad0000 	C:\WINDOWS\System32\ucrtbase.dll
0x00007ffff0930000 - 0x00007ffff094b000 	C:\Users\TranAnh computer\.jdks\corretto-17.0.9-1\bin\VCRUNTIME140.dll
0x00007ffff0950000 - 0x00007ffff0967000 	C:\Users\TranAnh computer\.jdks\corretto-17.0.9-1\bin\jli.dll
0x00007ff82bea0000 - 0x00007ff82c03e000 	C:\WINDOWS\System32\USER32.dll
0x00007ff81a030000 - 0x00007ff81a2ca000 	C:\WINDOWS\WinSxS\amd64_microsoft.windows.common-controls_6595b64144ccf1df_6.0.19041.3636_none_60b6a03d71f818d5\COMCTL32.dll
0x00007ff829bf0000 - 0x00007ff829c12000 	C:\WINDOWS\System32\win32u.dll
0x00007ff82ae60000 - 0x00007ff82aefe000 	C:\WINDOWS\System32\msvcrt.dll
0x00007ff82a2d0000 - 0x00007ff82a2fc000 	C:\WINDOWS\System32\GDI32.dll
0x00007ff829ad0000 - 0x00007ff829bea000 	C:\WINDOWS\System32\gdi32full.dll
0x00007ff82a040000 - 0x00007ff82a0dd000 	C:\WINDOWS\System32\msvcp_win.dll
0x00007ff82a420000 - 0x00007ff82a450000 	C:\WINDOWS\System32\IMM32.DLL
0x00007ff815d40000 - 0x00007ff815d4c000 	C:\Users\TranAnh computer\.jdks\corretto-17.0.9-1\bin\vcruntime140_1.dll
0x00007fffed2a0000 - 0x00007fffed32d000 	C:\Users\TranAnh computer\.jdks\corretto-17.0.9-1\bin\msvcp140.dll
0x00007fffd1bb0000 - 0x00007fffd2811000 	C:\Users\TranAnh computer\.jdks\corretto-17.0.9-1\bin\server\jvm.dll
0x00007ff82afb0000 - 0x00007ff82b05f000 	C:\WINDOWS\System32\ADVAPI32.dll
0x00007ff82adc0000 - 0x00007ff82ae5c000 	C:\WINDOWS\System32\sechost.dll
0x00007ff82b370000 - 0x00007ff82b496000 	C:\WINDOWS\System32\RPCRT4.dll
0x00007ff829320000 - 0x00007ff82936b000 	C:\WINDOWS\SYSTEM32\POWRPROF.dll
0x00007ff81baa0000 - 0x00007ff81baa9000 	C:\WINDOWS\SYSTEM32\WSOCK32.dll
0x00007ff82bd70000 - 0x00007ff82bddb000 	C:\WINDOWS\System32\WS2_32.dll
0x00007ff81e740000 - 0x00007ff81e767000 	C:\WINDOWS\SYSTEM32\WINMM.dll
0x00007ff824ad0000 - 0x00007ff824ada000 	C:\WINDOWS\SYSTEM32\VERSION.dll
0x00007ff8292d0000 - 0x00007ff8292e2000 	C:\WINDOWS\SYSTEM32\UMPDC.dll
0x00007ff827740000 - 0x00007ff827752000 	C:\WINDOWS\SYSTEM32\kernel.appcore.dll
0x00007ff815d30000 - 0x00007ff815d3a000 	C:\Users\TranAnh computer\.jdks\corretto-17.0.9-1\bin\jimage.dll
0x00007ff823aa0000 - 0x00007ff823c84000 	C:\WINDOWS\SYSTEM32\DBGHELP.DLL
0x00007ff823600000 - 0x00007ff823634000 	C:\WINDOWS\SYSTEM32\dbgcore.DLL
0x00007ff82a240000 - 0x00007ff82a2c2000 	C:\WINDOWS\System32\bcryptPrimitives.dll
0x00007ff8257e0000 - 0x00007ff8257ee000 	C:\Users\TranAnh computer\.jdks\corretto-17.0.9-1\bin\instrument.dll
0x00007ff815650000 - 0x00007ff815675000 	C:\Users\TranAnh computer\.jdks\corretto-17.0.9-1\bin\java.dll
0x00007fffd4950000 - 0x00007fffd4a27000 	C:\Users\TranAnh computer\.jdks\corretto-17.0.9-1\bin\jsvml.dll
0x00007ff82a540000 - 0x00007ff82ac85000 	C:\WINDOWS\System32\SHELL32.dll
0x00007ff827a30000 - 0x00007ff8281cb000 	C:\WINDOWS\SYSTEM32\windows.storage.dll
0x00007ff82ba10000 - 0x00007ff82bd64000 	C:\WINDOWS\System32\combase.dll
0x00007ff829390000 - 0x00007ff8293bd000 	C:\WINDOWS\SYSTEM32\Wldp.dll
0x00007ff82af00000 - 0x00007ff82afad000 	C:\WINDOWS\System32\SHCORE.dll
0x00007ff82b9b0000 - 0x00007ff82ba05000 	C:\WINDOWS\System32\shlwapi.dll
0x00007ff829880000 - 0x00007ff8298a5000 	C:\WINDOWS\SYSTEM32\profapi.dll
0x00007ffff0910000 - 0x00007ffff0928000 	C:\Users\TranAnh computer\.jdks\corretto-17.0.9-1\bin\zip.dll
0x00007ff8153a0000 - 0x00007ff8153b9000 	C:\Users\TranAnh computer\.jdks\corretto-17.0.9-1\bin\net.dll
0x00007ff823e40000 - 0x00007ff823f4a000 	C:\WINDOWS\SYSTEM32\WINHTTP.dll
0x00007ff829080000 - 0x00007ff8290ea000 	C:\WINDOWS\system32\mswsock.dll
0x00007ff815380000 - 0x00007ff815396000 	C:\Users\TranAnh computer\.jdks\corretto-17.0.9-1\bin\nio.dll
0x00007ff824630000 - 0x00007ff82464a000 	C:\Program Files\JetBrains\IntelliJ IDEA 2023.2.3\bin\breakgen64.dll
0x00007ff828d50000 - 0x00007ff828e1a000 	C:\WINDOWS\SYSTEM32\DNSAPI.dll
0x00007ff828d10000 - 0x00007ff828d4b000 	C:\WINDOWS\SYSTEM32\IPHLPAPI.DLL
0x00007ff82b060000 - 0x00007ff82b068000 	C:\WINDOWS\System32\NSI.dll
0x00007ff8212d0000 - 0x00007ff8212da000 	C:\Windows\System32\rasadhlp.dll
0x00007ff8213d0000 - 0x00007ff821450000 	C:\WINDOWS\System32\fwpuclnt.dll
0x00007ff8299a0000 - 0x00007ff8299c7000 	C:\WINDOWS\System32\bcrypt.dll
0x00007ff825470000 - 0x00007ff825479000 	C:\Users\TranAnh computer\.jdks\corretto-17.0.9-1\bin\management.dll
0x00007ff825410000 - 0x00007ff82541b000 	C:\Users\TranAnh computer\.jdks\corretto-17.0.9-1\bin\management_ext.dll
0x00007ff82b9a0000 - 0x00007ff82b9a8000 	C:\WINDOWS\System32\PSAPI.DLL
0x00007ff829270000 - 0x00007ff829288000 	C:\WINDOWS\SYSTEM32\CRYPTSP.dll
0x00007ff828950000 - 0x00007ff828984000 	C:\WINDOWS\system32\rsaenh.dll
0x00007ff829840000 - 0x00007ff82986e000 	C:\WINDOWS\SYSTEM32\USERENV.dll
0x00007ff829290000 - 0x00007ff82929c000 	C:\WINDOWS\SYSTEM32\CRYPTBASE.dll
0x00007ff8244c0000 - 0x00007ff8244d7000 	C:\WINDOWS\SYSTEM32\dhcpcsvc6.DLL
0x00007ff824ae0000 - 0x00007ff824afd000 	C:\WINDOWS\SYSTEM32\dhcpcsvc.DLL
0x00007ff818ed0000 - 0x00007ff818ee7000 	C:\WINDOWS\system32\napinsp.dll
0x00007ff818e70000 - 0x00007ff818e8b000 	C:\WINDOWS\system32\pnrpnsp.dll
0x00007ff818c60000 - 0x00007ff818c75000 	C:\WINDOWS\system32\wshbth.dll
0x00007ff825000000 - 0x00007ff82501d000 	C:\WINDOWS\system32\NLAapi.dll
0x00007ff818e50000 - 0x00007ff818e62000 	C:\WINDOWS\System32\winrnr.dll
0x00007ff8250e0000 - 0x00007ff8250ee000 	C:\Users\TranAnh computer\.jdks\corretto-17.0.9-1\bin\sunmscapi.dll
0x00007ff82a0e0000 - 0x00007ff82a23d000 	C:\WINDOWS\System32\CRYPT32.dll
0x00007ff829400000 - 0x00007ff829427000 	C:\WINDOWS\SYSTEM32\ncrypt.dll
0x00007ff8293c0000 - 0x00007ff8293fb000 	C:\WINDOWS\SYSTEM32\NTASN1.dll
0x00007fffd7ab0000 - 0x00007fffd7ac0000 	C:\Users\TranAnh computer\.jdks\corretto-17.0.9-1\bin\verify.dll
0x00007ff818e90000 - 0x00007ff818e97000 	C:\WINDOWS\system32\wshunix.dll

dbghelp: loaded successfully - version: 4.0.5 - missing functions: none
symbol engine: initialized successfully - sym options: 0x614 - pdb path: .;C:\Users\TranAnh computer\.jdks\corretto-17.0.9-1\bin;C:\WINDOWS\SYSTEM32;C:\WINDOWS\WinSxS\amd64_microsoft.windows.common-controls_6595b64144ccf1df_6.0.19041.3636_none_60b6a03d71f818d5;C:\Users\TranAnh computer\.jdks\corretto-17.0.9-1\bin\server;C:\Program Files\JetBrains\IntelliJ IDEA 2023.2.3\bin

VM Arguments:
jvm_args: -XX:TieredStopAtLevel=1 -Dspring.output.ansi.enabled=always -Dcom.sun.management.jmxremote -Dspring.jmx.enabled=true -Dspring.liveBeansView.mbeanDomain -Dspring.application.admin.enabled=true -Dmanagement.endpoints.jmx.exposure.include=* -javaagent:C:\Program Files\JetBrains\IntelliJ IDEA 2023.2.3\lib\idea_rt.jar=59844:C:\Program Files\JetBrains\IntelliJ IDEA 2023.2.3\bin -Dfile.encoding=UTF-8 
java_command: project.fashion.FashionApplication
java_class_path (initial): C:\Users\TranAnh computer\IdeaProjects\fashion\target\classes;C:\Users\TranAnh computer\.m2\repository\org\springframework\boot\spring-boot-starter-data-jpa\3.1.5\spring-boot-starter-data-jpa-3.1.5.jar;C:\Users\TranAnh computer\.m2\repository\org\springframework\boot\spring-boot-starter-aop\3.1.5\spring-boot-starter-aop-3.1.5.jar;C:\Users\TranAnh computer\.m2\repository\org\aspectj\aspectjweaver\1.9.20\aspectjweaver-1.9.20.jar;C:\Users\TranAnh computer\.m2\repository\org\springframework\boot\spring-boot-starter-jdbc\3.1.5\spring-boot-starter-jdbc-3.1.5.jar;C:\Users\TranAnh computer\.m2\repository\com\zaxxer\HikariCP\5.0.1\HikariCP-5.0.1.jar;C:\Users\TranAnh computer\.m2\repository\org\springframework\spring-jdbc\6.0.13\spring-jdbc-6.0.13.jar;C:\Users\TranAnh computer\.m2\repository\org\springframework\data\spring-data-jpa\3.1.5\spring-data-jpa-3.1.5.jar;C:\Users\TranAnh computer\.m2\repository\org\springframework\data\spring-data-commons\3.1.5\spring-data-commons-3.1.5.jar;C:\Users\TranAnh computer\.m2\repository\org\springframework\spring-orm\6.0.13\spring-orm-6.0.13.jar;C:\Users\TranAnh computer\.m2\repository\org\springframework\spring-tx\6.0.13\spring-tx-6.0.13.jar;C:\Users\TranAnh computer\.m2\repository\jakarta\annotation\jakarta.annotation-api\2.1.1\jakarta.annotation-api-2.1.1.jar;C:\Users\TranAnh computer\.m2\repository\org\springframework\spring-aspects\6.0.13\spring-aspects-6.0.13.jar;C:\Users\TranAnh computer\.m2\repository\org\springframework\boot\spring-boot-starter-thymeleaf\3.1.5\spring-boot-starter-thymeleaf-3.1.5.jar;C:\Users\TranAnh computer\.m2\repository\org\springframework\boot\spring-boot-starter\3.1.5\spring-boot-starter-3.1.5.jar;C:\Users\TranAnh computer\.m2\repository\org\springframework\boot\spring-boot-starter-logging\3.1.5\spring-boot-starter-logging-3.1.5.jar;C:\Users\TranAnh computer\.m2\repository\ch\qos\logback\logback-classic\1.4.11\logback-classic-1.4.11.jar;C:\Users\TranAnh computer\.m2\repository\ch\
Launcher Type: SUN_STANDARD

[Global flags]
     intx CICompilerCount                          = 3                                         {product} {ergonomic}
     uint ConcGCThreads                            = 1                                         {product} {ergonomic}
     uint G1ConcRefinementThreads                  = 4                                         {product} {ergonomic}
   size_t G1HeapRegionSize                         = 1048576                                   {product} {ergonomic}
    uintx GCDrainStackTargetSize                   = 64                                        {product} {ergonomic}
   size_t InitialHeapSize                          = 134217728                                 {product} {ergonomic}
     bool ManagementServer                         = true                                      {product} {command line}
   size_t MarkStackSize                            = 4194304                                   {product} {ergonomic}
   size_t MaxHeapSize                              = 2132803584                                {product} {ergonomic}
   size_t MaxNewSize                               = 1279262720                                {product} {ergonomic}
   size_t MinHeapDeltaBytes                        = 1048576                                   {product} {ergonomic}
   size_t MinHeapSize                              = 8388608                                   {product} {ergonomic}
    uintx NonProfiledCodeHeapSize                  = 0                                      {pd product} {ergonomic}
     bool ProfileInterpreter                       = false                                  {pd product} {command line}
    uintx ProfiledCodeHeapSize                     = 0                                      {pd product} {ergonomic}
   size_t SoftMaxHeapSize                          = 2132803584                             {manageable} {ergonomic}
     intx TieredStopAtLevel                        = 1                                         {product} {command line}
     bool UseCompressedClassPointers               = true                           {product lp64_product} {ergonomic}
     bool UseCompressedOops                        = true                           {product lp64_product} {ergonomic}
     bool UseG1GC                                  = true                                      {product} {ergonomic}
     bool UseLargePagesIndividualAllocation        = false                                  {pd product} {ergonomic}

Logging:
Log output configuration:
 #0: stdout all=warning uptime,level,tags
 #1: stderr all=off uptime,level,tags

Environment Variables:
PATH=C:\WINDOWS\system32;C:\WINDOWS;C:\WINDOWS\System32\Wbem;C:\WINDOWS\System32\WindowsPowerShell\v1.0\;C:\WINDOWS\System32\OpenSSH\;C:\Program Files\Git\cmd;C:\Users\TranAnh computer\AppData\Local\Microsoft\WindowsApps;;C:\Users\TranAnh computer\AppData\Local\Programs\Microsoft VS Code\bin
USERNAME=TranAnh computer
OS=Windows_NT
PROCESSOR_IDENTIFIER=Intel64 Family 6 Model 158 Stepping 11, GenuineIntel
TMP=C:\Users\TRANAN~1\AppData\Local\Temp
TEMP=C:\Users\TRANAN~1\AppData\Local\Temp



Periodic native trim disabled


---------------  S Y S T E M  ---------------

OS:
 Windows 10 , 64 bit Build 19041 (10.0.19041.3636)
OS uptime: 9 days 23:50 hours

CPU: total 4 (initial active 4) (4 cores per cpu, 1 threads per core) family 6 model 158 stepping 11 microcode 0xb4, cx8, cmov, fxsr, mmx, 3dnowpref, sse, sse2, sse3, ssse3, sse4.1, sse4.2, popcnt, lzcnt, tsc, tscinvbit, avx, avx2, aes, erms, clmul, bmi1, bmi2, adx, fma, vzeroupper, clflush, clflushopt
Processor Information for all 4 processors :
  Max Mhz: 3600, Current Mhz: 3600, Mhz Limit: 3600

Memory: 4k page, system-wide physical 8130M (869M free)
TotalPageFile size 12130M (AvailPageFile size 11M)
current process WorkingSet (physical memory assigned to process): 275M, peak: 327M
current process commit charge ("private bytes"): 320M, peak: 370M

vm_info: OpenJDK 64-Bit Server VM (17.0.9+8-LTS) for windows-amd64 JRE (17.0.9+8-LTS), built on Oct 12 2023 16:15:33 by "Administrator" with MS VC++ 16.10 / 16.11 (VS2019)

END.
