#
# There is insufficient memory for the Java Runtime Environment to continue.
# Native memory allocation (mmap) failed to map 187695104 bytes for G1 virtual space
# Possible reasons:
#   The system is out of physical RAM or swap space
#   The process is running with CompressedOops enabled, and the Java Heap may be blocking the growth of the native heap
# Possible solutions:
#   Reduce memory load on the system
#   Increase physical memory or swap space
#   Check if swap backing store is full
#   Decrease Java heap size (-Xmx/-Xms)
#   Decrease number of Java threads
#   Decrease Java thread stack sizes (-Xss)
#   Set larger code cache with -XX:ReservedCodeCacheSize=
#   JVM is running with Unscaled Compressed Oops mode in which the Java heap is
#     placed in the first 4GB address space. The Java Heap base address is the
#     maximum limit for the native heap growth. Please use -XX:HeapBaseMinAddress
#     to set the Java Heap base and to place the Java Heap above 4GB virtual address.
# This output file may be truncated or incomplete.
#
#  Out of Memory Error (os_windows.cpp:3613), pid=6328, tid=5640
#
# JRE version: OpenJDK Runtime Environment Corretto-17.0.9.8.1 (17.0.9+8) (build 17.0.9+8-LTS)
# Java VM: OpenJDK 64-Bit Server VM Corretto-17.0.9.8.1 (17.0.9+8-LTS, mixed mode, emulated-client, sharing, tiered, compressed oops, compressed class ptrs, g1 gc, windows-amd64)
# No core dump will be written. Minidumps are not enabled by default on client versions of Windows
#

---------------  S U M M A R Y ------------

Command Line: -XX:TieredStopAtLevel=1 -Dspring.output.ansi.enabled=always -Dcom.sun.management.jmxremote -Dspring.jmx.enabled=true -Dspring.liveBeansView.mbeanDomain -Dspring.application.admin.enabled=true -Dmanagement.endpoints.jmx.exposure.include=* -javaagent:C:\Program Files\JetBrains\IntelliJ IDEA 2023.2.3\lib\idea_rt.jar=62265:C:\Program Files\JetBrains\IntelliJ IDEA 2023.2.3\bin -Dfile.encoding=UTF-8 project.fashion.FashionApplication

Host: Intel(R) Core(TM) i3-9100F CPU @ 3.60GHz, 4 cores, 7G,  Windows 10 , 64 bit Build 19041 (10.0.19041.3636)
Time: Thu Jan 25 20:59:56 2024 SE Asia Standard Time elapsed time: 3484.756437 seconds (0d 0h 58m 4s)

---------------  T H R E A D  ---------------

Current thread (0x000001e6943c50c0):  VMThread "VM Thread" [stack: 0x0000001f9c000000,0x0000001f9c100000] [id=5640]

Stack: [0x0000001f9c000000,0x0000001f9c100000]
Native frames: (J=compiled Java code, j=interpreted, Vv=VM code, C=native code)
V  [jvm.dll+0x67cb49]
V  [jvm.dll+0x8344da]
V  [jvm.dll+0x835f9e]
V  [jvm.dll+0x836603]
V  [jvm.dll+0x247b5f]
V  [jvm.dll+0x679969]
V  [jvm.dll+0x66e2ba]
V  [jvm.dll+0x307a5b]
V  [jvm.dll+0x30ef06]
V  [jvm.dll+0x35ecee]
V  [jvm.dll+0x35ef1f]
V  [jvm.dll+0x2de658]
V  [jvm.dll+0x2dc834]
V  [jvm.dll+0x2dbe3c]
V  [jvm.dll+0x31fedb]
V  [jvm.dll+0x83aafb]
V  [jvm.dll+0x83b841]
V  [jvm.dll+0x83bd5d]
V  [jvm.dll+0x83c134]
V  [jvm.dll+0x83c200]
V  [jvm.dll+0x7e396a]
V  [jvm.dll+0x67ba35]
C  [ucrtbase.dll+0x21bb2]
C  [KERNEL32.DLL+0x17344]
C  [ntdll.dll+0x526b1]

VM_Operation (0x0000001f9cafabb0): G1CollectForAllocation, mode: safepoint, requested by thread 0x000001e6da118840


---------------  P R O C E S S  ---------------

Threads class SMR info:
_java_thread_list=0x000001e6dcb78690, length=26, elements={
0x000001e6943ca0d0, 0x000001e6943caf50, 0x000001e6943db500, 0x000001e6943dd230,
0x000001e6943e0c10, 0x000001e6943e15d0, 0x000001e6943e2040, 0x000001e6943e7a60,
0x000001e6943b52f0, 0x000001e6da0ba220, 0x000001e6da0c11e0, 0x000001e6da1c6e10,
0x000001e6daa1ba90, 0x000001e6daa1c9c0, 0x000001e6dbc03400, 0x000001e6da11d940,
0x000001e6dbc02ef0, 0x000001e6dc76aff0, 0x000001e6da11bae0, 0x000001e6da118840,
0x000001e6da11b0c0, 0x000001e6da119770, 0x000001e6da11abb0, 0x000001e6da11cf20,
0x000001e6da119c80, 0x000001e6dc4c48b0
}

Java Threads: ( => current thread )
  0x000001e6943ca0d0 JavaThread "Reference Handler" daemon [_thread_blocked, id=9756, stack(0x0000001f9c100000,0x0000001f9c200000)]
  0x000001e6943caf50 JavaThread "Finalizer" daemon [_thread_blocked, id=4612, stack(0x0000001f9c200000,0x0000001f9c300000)]
  0x000001e6943db500 JavaThread "Signal Dispatcher" daemon [_thread_blocked, id=9624, stack(0x0000001f9c300000,0x0000001f9c400000)]
  0x000001e6943dd230 JavaThread "Attach Listener" daemon [_thread_blocked, id=9308, stack(0x0000001f9c400000,0x0000001f9c500000)]
  0x000001e6943e0c10 JavaThread "Service Thread" daemon [_thread_blocked, id=3312, stack(0x0000001f9c500000,0x0000001f9c600000)]
  0x000001e6943e15d0 JavaThread "Monitor Deflation Thread" daemon [_thread_blocked, id=5472, stack(0x0000001f9c600000,0x0000001f9c700000)]
  0x000001e6943e2040 JavaThread "C1 CompilerThread0" daemon [_thread_blocked, id=10368, stack(0x0000001f9c700000,0x0000001f9c800000)]
  0x000001e6943e7a60 JavaThread "Sweeper thread" daemon [_thread_blocked, id=1060, stack(0x0000001f9c800000,0x0000001f9c900000)]
  0x000001e6943b52f0 JavaThread "Common-Cleaner" daemon [_thread_blocked, id=1056, stack(0x0000001f9c900000,0x0000001f9ca00000)]
  0x000001e6da0ba220 JavaThread "Monitor Ctrl-Break" daemon [_thread_in_native, id=1832, stack(0x0000001f9cc00000,0x0000001f9cd00000)]
  0x000001e6da0c11e0 JavaThread "Notification Thread" daemon [_thread_blocked, id=14860, stack(0x0000001f9cd00000,0x0000001f9ce00000)]
  0x000001e6da1c6e10 JavaThread "RMI TCP Accept-0" daemon [_thread_in_native, id=8120, stack(0x0000001f9ce00000,0x0000001f9cf00000)]
  0x000001e6daa1ba90 JavaThread "RMI Scheduler(0)" daemon [_thread_blocked, id=5336, stack(0x0000001f9d700000,0x0000001f9d800000)]
  0x000001e6daa1c9c0 JavaThread "mysql-cj-abandoned-connection-cleanup" daemon [_thread_blocked, id=5984, stack(0x0000001f9d800000,0x0000001f9d900000)]
  0x000001e6dbc03400 JavaThread "Live Reload Server" daemon [_thread_in_native, id=11636, stack(0x0000001f9e100000,0x0000001f9e200000)]
  0x000001e6da11d940 JavaThread "DestroyJavaVM" [_thread_blocked, id=12528, stack(0x0000001f9ba00000,0x0000001f9bb00000)]
  0x000001e6dbc02ef0 JavaThread "Thread-11" [_thread_blocked, id=10820, stack(0x0000001f9b700000,0x0000001f9b800000)]
  0x000001e6dc76aff0 JavaThread "C1 CompilerThread1" daemon [_thread_blocked, id=460, stack(0x0000001f9d900000,0x0000001f9da00000)]
  0x000001e6da11bae0 JavaThread "File Watcher" daemon [_thread_blocked, id=6700, stack(0x0000001f9b900000,0x0000001f9ba00000)]
  0x000001e6da118840 JavaThread "restartedMain" [_thread_blocked, id=8532, stack(0x0000001f9ca00000,0x0000001f9cb00000)]
  0x000001e6da11b0c0 JavaThread "HikariPool-5 housekeeper" daemon [_thread_blocked, id=14432, stack(0x0000001f9cb00000,0x0000001f9cc00000)]
  0x000001e6da119770 JavaThread "Catalina-utility-1" [_thread_blocked, id=4608, stack(0x0000001f9d400000,0x0000001f9d500000)]
  0x000001e6da11abb0 JavaThread "Catalina-utility-2" [_thread_blocked, id=9948, stack(0x0000001f9d500000,0x0000001f9d600000)]
  0x000001e6da11cf20 JavaThread "container-1" [_thread_blocked, id=12100, stack(0x0000001f9d600000,0x0000001f9d700000)]
  0x000001e6da119c80 JavaThread "HikariPool-5 connection adder" daemon [_thread_blocked, id=13176, stack(0x0000001f9da00000,0x0000001f9db00000)]
  0x000001e6dc4c48b0 JavaThread "C1 CompilerThread2" daemon [_thread_blocked, id=6504, stack(0x0000001f9db00000,0x0000001f9dc00000)]

Other Threads:
=>0x000001e6943c50c0 VMThread "VM Thread" [stack: 0x0000001f9c000000,0x0000001f9c100000] [id=5640]
  0x000001e6da1d4320 WatcherThread [stack: 0x0000001f9cf00000,0x0000001f9d000000] [id=9380]
  0x000001e6829d1de0 GCTaskThread "GC Thread#0" [stack: 0x0000001f9bb00000,0x0000001f9bc00000] [id=3188]
  0x000001e6da2f9b10 GCTaskThread "GC Thread#1" [stack: 0x0000001f9d000000,0x0000001f9d100000] [id=13088]
  0x000001e6da2efb10 GCTaskThread "GC Thread#2" [stack: 0x0000001f9d100000,0x0000001f9d200000] [id=1596]
  0x000001e6da344870 GCTaskThread "GC Thread#3" [stack: 0x0000001f9d200000,0x0000001f9d300000] [id=13124]
  0x000001e6829e3b80 ConcurrentGCThread "G1 Main Marker" [stack: 0x0000001f9bc00000,0x0000001f9bd00000] [id=10600]
  0x000001e6829e45a0 ConcurrentGCThread "G1 Conc#0" [stack: 0x0000001f9bd00000,0x0000001f9be00000] [id=9228]
  0x000001e682a292f0 ConcurrentGCThread "G1 Refine#0" [stack: 0x0000001f9be00000,0x0000001f9bf00000] [id=11788]
  0x000001e6da1c7ae0 ConcurrentGCThread "G1 Refine#1" [stack: 0x0000001f9d300000,0x0000001f9d400000] [id=13848]
  0x000001e6942834d0 ConcurrentGCThread "G1 Service" [stack: 0x0000001f9bf00000,0x0000001f9c000000] [id=11812]

Threads with active compile tasks:
C1 CompilerThread2  3484872 15505       1       jdk.internal.reflect.AccessorGenerator::emitBoxingContantPoolEntries (1439 bytes)

VM state: at safepoint (normal execution)

VM Mutex/Monitor currently owned by a thread:  ([mutex/lock_event])
[0x000001e682972d10] Threads_lock - owner thread: 0x000001e6943c50c0
[0x000001e682972ad0] Heap_lock - owner thread: 0x000001e6da118840

Heap address: 0x0000000080e00000, size: 2034 MB, Compressed Oops mode: 32-bit

CDS archive(s) mapped at: [0x000001e695000000-0x000001e695ba0000-0x000001e695ba0000), size 12189696, SharedBaseAddress: 0x000001e695000000, ArchiveRelocationMode: 1.
Compressed class space mapped at: 0x000001e696000000-0x000001e6d6000000, reserved size: 1073741824
Narrow klass base: 0x000001e695000000, Narrow klass shift: 0, Narrow klass range: 0x100000000

GC Precious Log:
 CPUs: 4 total, 4 available
 Memory: 8130M
 Large Page Support: Disabled
 NUMA Support: Disabled
 Compressed Oops: Enabled (32-bit)
 Heap Region Size: 1M
 Heap Min Capacity: 8M
 Heap Initial Capacity: 128M
 Heap Max Capacity: 2034M
 Pre-touch: Disabled
 Parallel Workers: 4
 Concurrent Workers: 1
 Concurrent Refinement Workers: 4
 Periodic GC: Disabled

Heap:
 garbage-first heap   total 102400K, used 45520K [0x0000000080e00000, 0x0000000100000000)
  region size 1024K, 4 young (4096K), 4 survivors (4096K)
 Metaspace       used 73943K, committed 74624K, reserved 1114112K
  class space    used 10412K, committed 10752K, reserved 1048576K

Heap Regions: E=young(eden), S=young(survivor), O=old, HS=humongous(starts), HC=humongous(continues), CS=collection set, F=free, OA=open archive, CA=closed archive, TAMS=top-at-mark-start (previous, next)
|   0|0x0000000080e00000, 0x0000000080f00000, 0x0000000080f00000|100%|HS|  |TAMS 0x0000000080f00000, 0x0000000080e00000| Untracked 
|   1|0x0000000080f00000, 0x0000000081000000, 0x0000000081000000|100%| O|  |TAMS 0x0000000081000000, 0x0000000080f00000| Untracked 
|   2|0x0000000081000000, 0x0000000081100000, 0x0000000081100000|100%| O|  |TAMS 0x0000000081100000, 0x0000000081000000| Untracked 
|   3|0x0000000081100000, 0x0000000081200000, 0x0000000081200000|100%| O|  |TAMS 0x0000000081200000, 0x0000000081100000| Untracked 
|   4|0x0000000081200000, 0x00000000812fffc0, 0x0000000081300000| 99%| O|  |TAMS 0x0000000081200000, 0x0000000081200000| Untracked 
|   5|0x0000000081300000, 0x00000000813ffff8, 0x0000000081400000| 99%| O|  |TAMS 0x00000000813ffff8, 0x0000000081300000| Untracked 
|   6|0x0000000081400000, 0x00000000814fffc0, 0x0000000081500000| 99%| O|  |TAMS 0x0000000081400000, 0x0000000081400000| Untracked 
|   7|0x0000000081500000, 0x00000000815fffa0, 0x0000000081600000| 99%| O|  |TAMS 0x0000000081500000, 0x0000000081500000| Untracked 
|   8|0x0000000081600000, 0x00000000816fffd0, 0x0000000081700000| 99%| O|  |TAMS 0x00000000816fffd0, 0x0000000081600000| Untracked 
|   9|0x0000000081700000, 0x00000000817ffff0, 0x0000000081800000| 99%| O|  |TAMS 0x0000000081700000, 0x0000000081700000| Untracked 
|  10|0x0000000081800000, 0x00000000818fffe8, 0x0000000081900000| 99%| O|  |TAMS 0x0000000081800000, 0x0000000081800000| Untracked 
|  11|0x0000000081900000, 0x00000000819fffe8, 0x0000000081a00000| 99%| O|  |TAMS 0x0000000081900000, 0x0000000081900000| Untracked 
|  12|0x0000000081a00000, 0x0000000081affff8, 0x0000000081b00000| 99%| O|  |TAMS 0x0000000081a00000, 0x0000000081a00000| Untracked 
|  13|0x0000000081b00000, 0x0000000081bfffe8, 0x0000000081c00000| 99%| O|  |TAMS 0x0000000081b00000, 0x0000000081b00000| Untracked 
|  14|0x0000000081c00000, 0x0000000081cffff8, 0x0000000081d00000| 99%| O|  |TAMS 0x0000000081c00000, 0x0000000081c00000| Untracked 
|  15|0x0000000081d00000, 0x0000000081e00000, 0x0000000081e00000|100%| O|  |TAMS 0x0000000081d00000, 0x0000000081d00000| Untracked 
|  16|0x0000000081e00000, 0x0000000081efffb8, 0x0000000081f00000| 99%| O|  |TAMS 0x0000000081e00000, 0x0000000081e00000| Untracked 
|  17|0x0000000081f00000, 0x0000000081fffff8, 0x0000000082000000| 99%| O|  |TAMS 0x0000000081f00000, 0x0000000081f00000| Untracked 
|  18|0x0000000082000000, 0x00000000820fffe8, 0x0000000082100000| 99%| O|  |TAMS 0x0000000082000000, 0x0000000082000000| Untracked 
|  19|0x0000000082100000, 0x0000000082200000, 0x0000000082200000|100%| O|  |TAMS 0x0000000082100000, 0x0000000082100000| Untracked 
|  20|0x0000000082200000, 0x00000000822ffff0, 0x0000000082300000| 99%| O|  |TAMS 0x0000000082200000, 0x0000000082200000| Untracked 
|  21|0x0000000082300000, 0x00000000823fffe0, 0x0000000082400000| 99%| O|  |TAMS 0x0000000082300000, 0x0000000082300000| Untracked 
|  22|0x0000000082400000, 0x00000000824ffff0, 0x0000000082500000| 99%| O|  |TAMS 0x0000000082400000, 0x0000000082400000| Untracked 
|  23|0x0000000082500000, 0x00000000825ffc30, 0x0000000082600000| 99%| O|  |TAMS 0x0000000082500000, 0x0000000082500000| Untracked 
|  24|0x0000000082600000, 0x00000000826ffb38, 0x0000000082700000| 99%| O|  |TAMS 0x0000000082600000, 0x0000000082600000| Untracked 
|  25|0x0000000082700000, 0x000000008278b518, 0x0000000082800000| 54%| O|  |TAMS 0x0000000082700000, 0x0000000082700000| Untracked 
|  26|0x0000000082800000, 0x00000000828ff8d0, 0x0000000082900000| 99%| O|  |TAMS 0x0000000082800000, 0x0000000082800000| Untracked 
|  27|0x0000000082900000, 0x0000000082a00000, 0x0000000082a00000|100%| O|  |TAMS 0x0000000082900000, 0x0000000082900000| Untracked 
|  28|0x0000000082a00000, 0x0000000082a69c68, 0x0000000082b00000| 41%| O|  |TAMS 0x0000000082a00000, 0x0000000082a00000| Untracked 
|  29|0x0000000082b00000, 0x0000000082c00000, 0x0000000082c00000|100%| O|  |TAMS 0x0000000082b00000, 0x0000000082b00000| Untracked 
|  30|0x0000000082c00000, 0x0000000082d00000, 0x0000000082d00000|100%| O|  |TAMS 0x0000000082c00000, 0x0000000082c00000| Untracked 
|  31|0x0000000082d00000, 0x0000000082d9ff28, 0x0000000082e00000| 62%| O|  |TAMS 0x0000000082d00000, 0x0000000082d00000| Untracked 
|  32|0x0000000082e00000, 0x0000000082f00000, 0x0000000082f00000|100%| O|  |TAMS 0x0000000082e00000, 0x0000000082e00000| Untracked 
|  33|0x0000000082f00000, 0x0000000083000000, 0x0000000083000000|100%| O|  |TAMS 0x0000000082f00000, 0x0000000082f00000| Untracked 
|  34|0x0000000083000000, 0x0000000083100000, 0x0000000083100000|100%| O|  |TAMS 0x0000000083000000, 0x0000000083000000| Untracked 
|  35|0x0000000083100000, 0x0000000083200000, 0x0000000083200000|100%| O|  |TAMS 0x0000000083100000, 0x0000000083100000| Untracked 
|  36|0x0000000083200000, 0x0000000083300000, 0x0000000083300000|100%| O|  |TAMS 0x0000000083200000, 0x0000000083200000| Untracked 
|  37|0x0000000083300000, 0x0000000083400000, 0x0000000083400000|100%| O|  |TAMS 0x0000000083300000, 0x0000000083300000| Untracked 
|  38|0x0000000083400000, 0x0000000083500000, 0x0000000083500000|100%| O|  |TAMS 0x0000000083400000, 0x0000000083400000| Untracked 
|  39|0x0000000083500000, 0x0000000083600000, 0x0000000083600000|100%| O|  |TAMS 0x0000000083500000, 0x0000000083500000| Untracked 
|  40|0x0000000083600000, 0x0000000083700000, 0x0000000083700000|100%| O|  |TAMS 0x0000000083600000, 0x0000000083600000| Untracked 
|  41|0x0000000083700000, 0x0000000083800000, 0x0000000083800000|100%| O|  |TAMS 0x0000000083700000, 0x0000000083700000| Untracked 
|  42|0x0000000083800000, 0x000000008382f600, 0x0000000083900000| 18%| O|  |TAMS 0x0000000083800000, 0x0000000083800000| Untracked 
|  43|0x0000000083900000, 0x0000000083900000, 0x0000000083a00000|  0%| F|  |TAMS 0x0000000083900000, 0x0000000083900000| Untracked 
|  44|0x0000000083a00000, 0x0000000083a00000, 0x0000000083b00000|  0%| F|  |TAMS 0x0000000083a00000, 0x0000000083a00000| Untracked 
|  45|0x0000000083b00000, 0x0000000083b00000, 0x0000000083c00000|  0%| F|  |TAMS 0x0000000083b00000, 0x0000000083b00000| Untracked 
|  46|0x0000000083c00000, 0x0000000083c00000, 0x0000000083d00000|  0%| F|  |TAMS 0x0000000083c00000, 0x0000000083c00000| Untracked 
|  47|0x0000000083d00000, 0x0000000083d00000, 0x0000000083e00000|  0%| F|  |TAMS 0x0000000083d00000, 0x0000000083d00000| Untracked 
|  48|0x0000000083e00000, 0x0000000083e00000, 0x0000000083f00000|  0%| F|  |TAMS 0x0000000083e00000, 0x0000000083e00000| Untracked 
|  49|0x0000000083f00000, 0x0000000083f00000, 0x0000000084000000|  0%| F|  |TAMS 0x0000000083f00000, 0x0000000083f00000| Untracked 
|  50|0x0000000084000000, 0x0000000084000000, 0x0000000084100000|  0%| F|  |TAMS 0x0000000084000000, 0x0000000084000000| Untracked 
|  51|0x0000000084100000, 0x0000000084100000, 0x0000000084200000|  0%| F|  |TAMS 0x0000000084100000, 0x0000000084100000| Untracked 
|  52|0x0000000084200000, 0x0000000084200000, 0x0000000084300000|  0%| F|  |TAMS 0x0000000084200000, 0x0000000084200000| Untracked 
|  53|0x0000000084300000, 0x0000000084300000, 0x0000000084400000|  0%| F|  |TAMS 0x0000000084300000, 0x0000000084300000| Untracked 
|  54|0x0000000084400000, 0x0000000084400000, 0x0000000084500000|  0%| F|  |TAMS 0x0000000084400000, 0x0000000084400000| Untracked 
|  55|0x0000000084500000, 0x0000000084500000, 0x0000000084600000|  0%| F|  |TAMS 0x0000000084500000, 0x0000000084500000| Untracked 
|  56|0x0000000084600000, 0x00000000846b0b98, 0x0000000084700000| 69%| S|CS|TAMS 0x0000000084600000, 0x0000000084600000| Complete 
|  57|0x0000000084700000, 0x0000000084800000, 0x0000000084800000|100%| S|CS|TAMS 0x0000000084700000, 0x0000000084700000| Complete 
|  58|0x0000000084800000, 0x0000000084800000, 0x0000000084900000|  0%| F|  |TAMS 0x0000000084800000, 0x0000000084800000| Untracked 
|  59|0x0000000084900000, 0x0000000084900000, 0x0000000084a00000|  0%| F|  |TAMS 0x0000000084900000, 0x0000000084900000| Untracked 
|  60|0x0000000084a00000, 0x0000000084b00000, 0x0000000084b00000|100%| S|CS|TAMS 0x0000000084a00000, 0x0000000084a00000| Complete 
|  61|0x0000000084b00000, 0x0000000084c00000, 0x0000000084c00000|100%| S|CS|TAMS 0x0000000084b00000, 0x0000000084b00000| Complete 
|  62|0x0000000084c00000, 0x0000000084c00000, 0x0000000084d00000|  0%| F|  |TAMS 0x0000000084c00000, 0x0000000084c00000| Untracked 
|  63|0x0000000084d00000, 0x0000000084d00000, 0x0000000084e00000|  0%| F|  |TAMS 0x0000000084d00000, 0x0000000084d00000| Untracked 
|  64|0x0000000084e00000, 0x0000000084e00000, 0x0000000084f00000|  0%| F|  |TAMS 0x0000000084e00000, 0x0000000084e00000| Untracked 
|  65|0x0000000084f00000, 0x0000000084f00000, 0x0000000085000000|  0%| F|  |TAMS 0x0000000084f00000, 0x0000000084f00000| Untracked 
|  66|0x0000000085000000, 0x0000000085000000, 0x0000000085100000|  0%| F|  |TAMS 0x0000000085000000, 0x0000000085000000| Untracked 
|  67|0x0000000085100000, 0x0000000085100000, 0x0000000085200000|  0%| F|  |TAMS 0x0000000085100000, 0x0000000085100000| Untracked 
|  68|0x0000000085200000, 0x0000000085200000, 0x0000000085300000|  0%| F|  |TAMS 0x0000000085200000, 0x0000000085200000| Untracked 
|  69|0x0000000085300000, 0x0000000085300000, 0x0000000085400000|  0%| F|  |TAMS 0x0000000085300000, 0x0000000085300000| Untracked 
|  70|0x0000000085400000, 0x0000000085400000, 0x0000000085500000|  0%| F|  |TAMS 0x0000000085400000, 0x0000000085400000| Untracked 
|  71|0x0000000085500000, 0x0000000085500000, 0x0000000085600000|  0%| F|  |TAMS 0x0000000085500000, 0x0000000085500000| Untracked 
|  72|0x0000000085600000, 0x0000000085600000, 0x0000000085700000|  0%| F|  |TAMS 0x0000000085600000, 0x0000000085600000| Untracked 
|  73|0x0000000085700000, 0x0000000085700000, 0x0000000085800000|  0%| F|  |TAMS 0x0000000085700000, 0x0000000085700000| Untracked 
|  74|0x0000000085800000, 0x0000000085800000, 0x0000000085900000|  0%| F|  |TAMS 0x0000000085800000, 0x0000000085800000| Untracked 
|  75|0x0000000085900000, 0x0000000085900000, 0x0000000085a00000|  0%| F|  |TAMS 0x0000000085900000, 0x0000000085900000| Untracked 
|  76|0x0000000085a00000, 0x0000000085a00000, 0x0000000085b00000|  0%| F|  |TAMS 0x0000000085a00000, 0x0000000085a00000| Untracked 
|  77|0x0000000085b00000, 0x0000000085b00000, 0x0000000085c00000|  0%| F|  |TAMS 0x0000000085b00000, 0x0000000085b00000| Untracked 
|  78|0x0000000085c00000, 0x0000000085c00000, 0x0000000085d00000|  0%| F|  |TAMS 0x0000000085c00000, 0x0000000085c00000| Untracked 
|  79|0x0000000085d00000, 0x0000000085d00000, 0x0000000085e00000|  0%| F|  |TAMS 0x0000000085d00000, 0x0000000085d00000| Untracked 
|  80|0x0000000085e00000, 0x0000000085e00000, 0x0000000085f00000|  0%| F|  |TAMS 0x0000000085e00000, 0x0000000085e00000| Untracked 
|  81|0x0000000085f00000, 0x0000000085f00000, 0x0000000086000000|  0%| F|  |TAMS 0x0000000085f00000, 0x0000000085f00000| Untracked 
|  82|0x0000000086000000, 0x0000000086000000, 0x0000000086100000|  0%| F|  |TAMS 0x0000000086000000, 0x0000000086000000| Untracked 
|  83|0x0000000086100000, 0x0000000086100000, 0x0000000086200000|  0%| F|  |TAMS 0x0000000086100000, 0x0000000086100000| Untracked 
|  84|0x0000000086200000, 0x0000000086200000, 0x0000000086300000|  0%| F|  |TAMS 0x0000000086200000, 0x0000000086200000| Untracked 
|  85|0x0000000086300000, 0x0000000086300000, 0x0000000086400000|  0%| F|  |TAMS 0x0000000086300000, 0x0000000086300000| Untracked 
|  86|0x0000000086400000, 0x0000000086400000, 0x0000000086500000|  0%| F|  |TAMS 0x0000000086400000, 0x0000000086400000| Untracked 
|  87|0x0000000086500000, 0x0000000086500000, 0x0000000086600000|  0%| F|  |TAMS 0x0000000086500000, 0x0000000086500000| Untracked 
|  88|0x0000000086600000, 0x0000000086600000, 0x0000000086700000|  0%| F|  |TAMS 0x0000000086600000, 0x0000000086600000| Untracked 
|  89|0x0000000086700000, 0x0000000086700000, 0x0000000086800000|  0%| F|  |TAMS 0x0000000086700000, 0x0000000086700000| Untracked 
|  90|0x0000000086800000, 0x0000000086800000, 0x0000000086900000|  0%| F|  |TAMS 0x0000000086800000, 0x0000000086800000| Untracked 
|  91|0x0000000086900000, 0x0000000086900000, 0x0000000086a00000|  0%| F|  |TAMS 0x0000000086900000, 0x0000000086900000| Untracked 
|  92|0x0000000086a00000, 0x0000000086a00000, 0x0000000086b00000|  0%| F|  |TAMS 0x0000000086a00000, 0x0000000086a00000| Untracked 
|  93|0x0000000086b00000, 0x0000000086b00000, 0x0000000086c00000|  0%| F|  |TAMS 0x0000000086b00000, 0x0000000086b00000| Untracked 
|  94|0x0000000086c00000, 0x0000000086c00000, 0x0000000086d00000|  0%| F|  |TAMS 0x0000000086c00000, 0x0000000086c00000| Untracked 
|  95|0x0000000086d00000, 0x0000000086d00000, 0x0000000086e00000|  0%| F|  |TAMS 0x0000000086d00000, 0x0000000086d00000| Untracked 
|  96|0x0000000086e00000, 0x0000000086e00000, 0x0000000086f00000|  0%| F|  |TAMS 0x0000000086e00000, 0x0000000086e00000| Untracked 
|  97|0x0000000086f00000, 0x0000000086f00000, 0x0000000087000000|  0%| F|  |TAMS 0x0000000086f00000, 0x0000000086f00000| Untracked 
|  98|0x0000000087000000, 0x0000000087000000, 0x0000000087100000|  0%| F|  |TAMS 0x0000000087000000, 0x0000000087000000| Untracked 
|  99|0x0000000087100000, 0x0000000087100000, 0x0000000087200000|  0%| F|  |TAMS 0x0000000087100000, 0x0000000087100000| Untracked 

Card table byte_map: [0x000001e68d880000,0x000001e68dc80000] _byte_map_base: 0x000001e68d479000

Marking Bits (Prev, Next): (CMBitMap*) 0x000001e6829d2400, (CMBitMap*) 0x000001e6829d2440
 Prev Bits: [0x000001e68e080000, 0x000001e690048000)
 Next Bits: [0x000001e690050000, 0x000001e692018000)

Polling page: 0x000001e682130000

Metaspace:

Usage:
  Non-class:     62.04 MB used.
      Class:     10.17 MB used.
       Both:     72.21 MB used.

Virtual space:
  Non-class space:       64.00 MB reserved,      62.38 MB ( 97%) committed,  1 nodes.
      Class space:        1.00 GB reserved,      10.50 MB (  1%) committed,  1 nodes.
             Both:        1.06 GB reserved,      72.88 MB (  7%) committed. 

Chunk freelists:
   Non-Class:  1.59 MB
       Class:  5.35 MB
        Both:  6.94 MB

MaxMetaspaceSize: unlimited
CompressedClassSpaceSize: 1.00 GB
Initial GC threshold: 21.00 MB
Current GC threshold: 119.50 MB
CDS: on
MetaspaceReclaimPolicy: balanced
 - commit_granule_bytes: 65536.
 - commit_granule_words: 8192.
 - virtual_space_node_default_size: 8388608.
 - enlarge_chunks_in_place: 1.
 - new_chunks_are_fully_committed: 0.
 - uncommit_free_chunks: 1.
 - use_allocation_guard: 0.
 - handle_deallocations: 1.


Internal statistics:

num_allocs_failed_limit: 9.
num_arena_births: 1430.
num_arena_deaths: 542.
num_vsnodes_births: 2.
num_vsnodes_deaths: 0.
num_space_committed: 1176.
num_space_uncommitted: 10.
num_chunks_returned_to_freelist: 828.
num_chunks_taken_from_freelist: 4762.
num_chunk_merges: 247.
num_chunk_splits: 2976.
num_chunks_enlarged: 2098.
num_inconsistent_stats: 0.

CodeCache: size=49152Kb used=27949Kb max_used=27949Kb free=21202Kb
 bounds [0x000001e68a480000, 0x000001e68bfd0000, 0x000001e68d480000]
 total_blobs=16188 nmethods=15504 adapters=608
 compilation: enabled
              stopped_count=0, restarted_count=0
 full_count=0

Compilation events (20 events):
Event: 3484.739 Thread 0x000001e6dc76aff0 nmethod 15495 0x000001e68bfc6e90 code [0x000001e68bfc7020, 0x000001e68bfc70f8]
Event: 3484.743 Thread 0x000001e6dc4c48b0 15496       1       org.springframework.aop.framework.ProxyFactory::<init> (5 bytes)
Event: 3484.743 Thread 0x000001e6943e2040 15497       1       org.springframework.aop.framework.ProxyCreatorSupport::<init> (28 bytes)
Event: 3484.743 Thread 0x000001e6dc76aff0 15498       1       org.springframework.aop.framework.AdvisedSupport::<init> (67 bytes)
Event: 3484.743 Thread 0x000001e6dc4c48b0 nmethod 15496 0x000001e68bfc7190 code [0x000001e68bfc7340, 0x000001e68bfc75c8]
Event: 3484.743 Thread 0x000001e6943e2040 nmethod 15497 0x000001e68bfc7690 code [0x000001e68bfc7840, 0x000001e68bfc7ac8]
Event: 3484.743 Thread 0x000001e6dc4c48b0 15499       1       org.springframework.aop.framework.AdvisedSupport::setTargetSource (16 bytes)
Event: 3484.743 Thread 0x000001e6943e2040 15500       1       org.springframework.aop.framework.ProxyFactory::getProxy (11 bytes)
Event: 3484.743 Thread 0x000001e6dc76aff0 nmethod 15498 0x000001e68bfc7b90 code [0x000001e68bfc7d80, 0x000001e68bfc8308]
Event: 3484.743 Thread 0x000001e6dc76aff0 15501  s    1       org.springframework.aop.framework.ProxyCreatorSupport::createAopProxy (22 bytes)
Event: 3484.743 Thread 0x000001e6dc4c48b0 nmethod 15499 0x000001e68bfc8410 code [0x000001e68bfc85a0, 0x000001e68bfc86b8]
Event: 3484.743 Thread 0x000001e6dc4c48b0 15502       1       org.springframework.aop.framework.ProxyCreatorSupport::activate (45 bytes)
Event: 3484.743 Thread 0x000001e6dc76aff0 nmethod 15501 0x000001e68bfc8710 code [0x000001e68bfc88c0, 0x000001e68bfc8ad8]
Event: 3484.743 Thread 0x000001e6943e2040 nmethod 15500 0x000001e68bfc8c10 code [0x000001e68bfc8dc0, 0x000001e68bfc9028]
Event: 3484.743 Thread 0x000001e6dc76aff0 15503       1       org.springframework.aop.framework.DefaultAopProxyFactory::createAopProxy (89 bytes)
Event: 3484.743 Thread 0x000001e6dc4c48b0 nmethod 15502 0x000001e68bfc9210 code [0x000001e68bfc93e0, 0x000001e68bfc95f8]
Event: 3484.743 Thread 0x000001e6dc4c48b0 15504       1       org.springframework.cglib.core.EmitUtils::load_class_helper (114 bytes)
Event: 3484.744 Thread 0x000001e6dc76aff0 nmethod 15503 0x000001e68bfc9710 code [0x000001e68bfc99c0, 0x000001e68bfca388]
Event: 3484.744 Thread 0x000001e6dc4c48b0 nmethod 15504 0x000001e68bfca990 code [0x000001e68bfcac40, 0x000001e68bfcb1e8]
Event: 3484.745 Thread 0x000001e6dc4c48b0 15505       1       jdk.internal.reflect.AccessorGenerator::emitBoxingContantPoolEntries (1439 bytes)

GC Heap History (20 events):
Event: 2483.252 GC heap after
{Heap after GC invocations=41 (full 2):
 garbage-first heap   total 119808K, used 40241K [0x0000000080e00000, 0x0000000100000000)
  region size 1024K, 2 young (2048K), 2 survivors (2048K)
 Metaspace       used 73304K, committed 73984K, reserved 1114112K
  class space    used 10334K, committed 10688K, reserved 1048576K
}
Event: 2677.277 GC heap before
{Heap before GC invocations=41 (full 2):
 garbage-first heap   total 119808K, used 101681K [0x0000000080e00000, 0x0000000100000000)
  region size 1024K, 62 young (63488K), 2 survivors (2048K)
 Metaspace       used 73305K, committed 73984K, reserved 1114112K
  class space    used 10334K, committed 10688K, reserved 1048576K
}
Event: 2677.284 GC heap after
{Heap after GC invocations=42 (full 2):
 garbage-first heap   total 119808K, used 40094K [0x0000000080e00000, 0x0000000100000000)
  region size 1024K, 2 young (2048K), 2 survivors (2048K)
 Metaspace       used 73305K, committed 73984K, reserved 1114112K
  class space    used 10334K, committed 10688K, reserved 1048576K
}
Event: 3083.241 GC heap before
{Heap before GC invocations=42 (full 2):
 garbage-first heap   total 119808K, used 102558K [0x0000000080e00000, 0x0000000100000000)
  region size 1024K, 63 young (64512K), 2 survivors (2048K)
 Metaspace       used 73305K, committed 73984K, reserved 1114112K
  class space    used 10334K, committed 10688K, reserved 1048576K
}
Event: 3083.243 GC heap after
{Heap after GC invocations=43 (full 2):
 garbage-first heap   total 119808K, used 39870K [0x0000000080e00000, 0x0000000100000000)
  region size 1024K, 2 young (2048K), 2 survivors (2048K)
 Metaspace       used 73305K, committed 73984K, reserved 1114112K
  class space    used 10334K, committed 10688K, reserved 1048576K
}
Event: 3478.178 GC heap before
{Heap before GC invocations=43 (full 2):
 garbage-first heap   total 119808K, used 102334K [0x0000000080e00000, 0x0000000100000000)
  region size 1024K, 63 young (64512K), 2 survivors (2048K)
 Metaspace       used 73310K, committed 74048K, reserved 1114112K
  class space    used 10335K, committed 10688K, reserved 1048576K
}
Event: 3478.180 GC heap after
{Heap after GC invocations=44 (full 2):
 garbage-first heap   total 119808K, used 39794K [0x0000000080e00000, 0x0000000100000000)
  region size 1024K, 2 young (2048K), 2 survivors (2048K)
 Metaspace       used 73310K, committed 74048K, reserved 1114112K
  class space    used 10335K, committed 10688K, reserved 1048576K
}
Event: 3478.185 GC heap before
{Heap before GC invocations=44 (full 2):
 garbage-first heap   total 119808K, used 40818K [0x0000000080e00000, 0x0000000100000000)
  region size 1024K, 4 young (4096K), 2 survivors (2048K)
 Metaspace       used 73310K, committed 74048K, reserved 1114112K
  class space    used 10335K, committed 10688K, reserved 1048576K
}
Event: 3478.240 GC heap after
{Heap after GC invocations=45 (full 3):
 garbage-first heap   total 102400K, used 29263K [0x0000000080e00000, 0x0000000100000000)
  region size 1024K, 0 young (0K), 0 survivors (0K)
 Metaspace       used 71548K, committed 73408K, reserved 1114112K
  class space    used 10157K, committed 10688K, reserved 1048576K
}
Event: 3479.981 GC heap before
{Heap before GC invocations=45 (full 3):
 garbage-first heap   total 102400K, used 87631K [0x0000000080e00000, 0x0000000100000000)
  region size 1024K, 58 young (59392K), 0 survivors (0K)
 Metaspace       used 72029K, committed 73408K, reserved 1114112K
  class space    used 10216K, committed 10688K, reserved 1048576K
}
Event: 3479.985 GC heap after
{Heap after GC invocations=46 (full 3):
 garbage-first heap   total 102400K, used 34822K [0x0000000080e00000, 0x0000000100000000)
  region size 1024K, 6 young (6144K), 6 survivors (6144K)
 Metaspace       used 72029K, committed 73408K, reserved 1114112K
  class space    used 10216K, committed 10688K, reserved 1048576K
}
Event: 3480.192 GC heap before
{Heap before GC invocations=46 (full 3):
 garbage-first heap   total 102400K, used 83974K [0x0000000080e00000, 0x0000000100000000)
  region size 1024K, 54 young (55296K), 6 survivors (6144K)
 Metaspace       used 72433K, committed 73408K, reserved 1114112K
  class space    used 10256K, committed 10688K, reserved 1048576K
}
Event: 3480.198 GC heap after
{Heap after GC invocations=47 (full 3):
 garbage-first heap   total 102400K, used 37506K [0x0000000080e00000, 0x0000000100000000)
  region size 1024K, 3 young (3072K), 3 survivors (3072K)
 Metaspace       used 72433K, committed 73408K, reserved 1114112K
  class space    used 10256K, committed 10688K, reserved 1048576K
}
Event: 3484.082 GC heap before
{Heap before GC invocations=47 (full 3):
 garbage-first heap   total 102400K, used 83586K [0x0000000080e00000, 0x0000000100000000)
  region size 1024K, 48 young (49152K), 3 survivors (3072K)
 Metaspace       used 72944K, committed 73664K, reserved 1114112K
  class space    used 10315K, committed 10688K, reserved 1048576K
}
Event: 3484.086 GC heap after
{Heap after GC invocations=48 (full 3):
 garbage-first heap   total 102400K, used 39321K [0x0000000080e00000, 0x0000000100000000)
  region size 1024K, 5 young (5120K), 5 survivors (5120K)
 Metaspace       used 72944K, committed 73664K, reserved 1114112K
  class space    used 10315K, committed 10688K, reserved 1048576K
}
Event: 3484.421 GC heap before
{Heap before GC invocations=48 (full 3):
 garbage-first heap   total 102400K, used 81305K [0x0000000080e00000, 0x0000000100000000)
  region size 1024K, 47 young (48128K), 5 survivors (5120K)
 Metaspace       used 73348K, committed 74048K, reserved 1114112K
  class space    used 10362K, committed 10688K, reserved 1048576K
}
Event: 3484.426 GC heap after
{Heap after GC invocations=49 (full 3):
 garbage-first heap   total 102400K, used 41972K [0x0000000080e00000, 0x0000000100000000)
  region size 1024K, 5 young (5120K), 5 survivors (5120K)
 Metaspace       used 73348K, committed 74048K, reserved 1114112K
  class space    used 10362K, committed 10688K, reserved 1048576K
}
Event: 3484.634 GC heap before
{Heap before GC invocations=49 (full 3):
 garbage-first heap   total 102400K, used 82932K [0x0000000080e00000, 0x0000000100000000)
  region size 1024K, 45 young (46080K), 5 survivors (5120K)
 Metaspace       used 73712K, committed 74432K, reserved 1114112K
  class space    used 10397K, committed 10752K, reserved 1048576K
}
Event: 3484.638 GC heap after
{Heap after GC invocations=50 (full 3):
 garbage-first heap   total 102400K, used 44278K [0x0000000080e00000, 0x0000000100000000)
  region size 1024K, 5 young (5120K), 5 survivors (5120K)
 Metaspace       used 73712K, committed 74432K, reserved 1114112K
  class space    used 10397K, committed 10752K, reserved 1048576K
}
Event: 3484.749 GC heap before
{Heap before GC invocations=50 (full 3):
 garbage-first heap   total 102400K, used 83190K [0x0000000080e00000, 0x0000000100000000)
  region size 1024K, 43 young (44032K), 5 survivors (5120K)
 Metaspace       used 73943K, committed 74624K, reserved 1114112K
  class space    used 10412K, committed 10752K, reserved 1048576K
}

Dll operation events (13 events):
Event: 0.012 Loaded shared library C:\Users\TranAnh computer\.jdks\corretto-17.0.9-1\bin\java.dll
Event: 0.030 Loaded shared library C:\Users\TranAnh computer\.jdks\corretto-17.0.9-1\bin\jsvml.dll
Event: 0.110 Loaded shared library C:\Users\TranAnh computer\.jdks\corretto-17.0.9-1\bin\zip.dll
Event: 0.113 Loaded shared library C:\Users\TranAnh computer\.jdks\corretto-17.0.9-1\bin\instrument.dll
Event: 0.118 Loaded shared library C:\Users\TranAnh computer\.jdks\corretto-17.0.9-1\bin\net.dll
Event: 0.119 Loaded shared library C:\Users\TranAnh computer\.jdks\corretto-17.0.9-1\bin\nio.dll
Event: 0.120 Loaded shared library C:\Users\TranAnh computer\.jdks\corretto-17.0.9-1\bin\zip.dll
Event: 0.192 Loaded shared library C:\Program Files\JetBrains\IntelliJ IDEA 2023.2.3\bin\breakgen64.dll
Event: 0.198 Loaded shared library C:\Users\TranAnh computer\.jdks\corretto-17.0.9-1\bin\jimage.dll
Event: 0.215 Loaded shared library C:\Users\TranAnh computer\.jdks\corretto-17.0.9-1\bin\management.dll
Event: 0.231 Loaded shared library C:\Users\TranAnh computer\.jdks\corretto-17.0.9-1\bin\management_ext.dll
Event: 2.547 Loaded shared library C:\Users\TranAnh computer\.jdks\corretto-17.0.9-1\bin\sunmscapi.dll
Event: 3.224 Loaded shared library C:\Users\TranAnh computer\.jdks\corretto-17.0.9-1\bin\verify.dll

Deoptimization events (20 events):
Event: 1.373 Thread 0x000001e6da4f7bd0 DEOPT PACKING pc=0x000001e68aa09155 sp=0x0000001f9d5fd180
Event: 1.373 Thread 0x000001e6da4f7bd0 DEOPT UNPACKING pc=0x000001e68a4d7143 sp=0x0000001f9d5fc628 mode 3
Event: 2.186 Thread 0x000001e6da4f7bd0 DEOPT PACKING pc=0x000001e68ac25219 sp=0x0000001f9d5fd640
Event: 2.186 Thread 0x000001e6da4f7bd0 DEOPT UNPACKING pc=0x000001e68a4d7143 sp=0x0000001f9d5fcb20 mode 3
Event: 2.818 Thread 0x000001e6da4f7bd0 DEOPT PACKING pc=0x000001e68a9c6481 sp=0x0000001f9d5fb650
Event: 2.818 Thread 0x000001e6da4f7bd0 DEOPT UNPACKING pc=0x000001e68a4d7143 sp=0x0000001f9d5faae0 mode 3
Event: 2.818 Thread 0x000001e6daa1b070 DEOPT PACKING pc=0x000001e68a93d117 sp=0x0000001f9dafef80
Event: 2.818 Thread 0x000001e6daa1b070 DEOPT UNPACKING pc=0x000001e68a4d7143 sp=0x0000001f9dafe3d8 mode 3
Event: 4.367 Thread 0x000001e6da4f7bd0 DEOPT PACKING pc=0x000001e68a9d3422 sp=0x0000001f9d5fb8e0
Event: 4.367 Thread 0x000001e6da4f7bd0 DEOPT UNPACKING pc=0x000001e68a4d7143 sp=0x0000001f9d5fade8 mode 3
Event: 4.436 Thread 0x000001e6da4f7bd0 DEOPT PACKING pc=0x000001e68a9d8924 sp=0x0000001f9d5fbf00
Event: 4.436 Thread 0x000001e6da4f7bd0 DEOPT UNPACKING pc=0x000001e68a4d7143 sp=0x0000001f9d5fb458 mode 0
Event: 84.767 Thread 0x000001e6da1164d0 DEOPT PACKING pc=0x000001e68b4b72c4 sp=0x0000001f9d5fc350
Event: 84.767 Thread 0x000001e6da1164d0 DEOPT UNPACKING pc=0x000001e68a4d7143 sp=0x0000001f9d5fb7e8 mode 3
Event: 291.060 Thread 0x000001e6da118840 DEOPT PACKING pc=0x000001e68b2af883 sp=0x0000001f9e2fac40
Event: 291.060 Thread 0x000001e6da118840 DEOPT UNPACKING pc=0x000001e68a4d7143 sp=0x0000001f9e2fa168 mode 3
Event: 325.951 Thread 0x000001e6da118840 DEOPT PACKING pc=0x000001e68b27e9bb sp=0x0000001f9e2fab50
Event: 325.951 Thread 0x000001e6da118840 DEOPT UNPACKING pc=0x000001e68a4d7143 sp=0x0000001f9e2fa060 mode 3
Event: 1877.427 Thread 0x000001e6da11abb0 DEOPT PACKING pc=0x000001e68b9bd700 sp=0x0000001f9e9fe8d0
Event: 1877.427 Thread 0x000001e6da11abb0 DEOPT UNPACKING pc=0x000001e68a4d7143 sp=0x0000001f9e9fde80 mode 3

Classes unloaded (20 events):
Event: 3478.199 Thread 0x000001e6943c50c0 Unloading class 0x000001e696284000 'java/lang/invoke/LambdaForm$MH+0x000001e696284000'
Event: 3478.199 Thread 0x000001e6943c50c0 Unloading class 0x000001e696149c00 'java/lang/invoke/LambdaForm$MH+0x000001e696149c00'
Event: 3478.199 Thread 0x000001e6943c50c0 Unloading class 0x000001e696149800 'java/lang/invoke/LambdaForm$MH+0x000001e696149800'
Event: 3478.199 Thread 0x000001e6943c50c0 Unloading class 0x000001e696149400 'java/lang/invoke/LambdaForm$MH+0x000001e696149400'
Event: 3478.199 Thread 0x000001e6943c50c0 Unloading class 0x000001e696149000 'java/lang/invoke/LambdaForm$MH+0x000001e696149000'
Event: 3478.199 Thread 0x000001e6943c50c0 Unloading class 0x000001e696148c00 'java/lang/invoke/LambdaForm$MH+0x000001e696148c00'
Event: 3478.199 Thread 0x000001e6943c50c0 Unloading class 0x000001e696148800 'java/lang/invoke/LambdaForm$MH+0x000001e696148800'
Event: 3478.199 Thread 0x000001e6943c50c0 Unloading class 0x000001e696148400 'java/lang/invoke/LambdaForm$MH+0x000001e696148400'
Event: 3478.199 Thread 0x000001e6943c50c0 Unloading class 0x000001e696148000 'java/lang/invoke/LambdaForm$MH+0x000001e696148000'
Event: 3478.199 Thread 0x000001e6943c50c0 Unloading class 0x000001e696007400 'java/lang/invoke/LambdaForm$MH+0x000001e696007400'
Event: 3478.199 Thread 0x000001e6943c50c0 Unloading class 0x000001e696007000 'java/lang/invoke/LambdaForm$MH+0x000001e696007000'
Event: 3478.199 Thread 0x000001e6943c50c0 Unloading class 0x000001e696006c00 'java/lang/invoke/LambdaForm$MH+0x000001e696006c00'
Event: 3478.199 Thread 0x000001e6943c50c0 Unloading class 0x000001e696006800 'java/lang/invoke/LambdaForm$MH+0x000001e696006800'
Event: 3478.199 Thread 0x000001e6943c50c0 Unloading class 0x000001e696006400 'java/lang/invoke/LambdaForm$MH+0x000001e696006400'
Event: 3478.199 Thread 0x000001e6943c50c0 Unloading class 0x000001e696006000 'java/lang/invoke/LambdaForm$MH+0x000001e696006000'
Event: 3478.199 Thread 0x000001e6943c50c0 Unloading class 0x000001e696004400 'java/lang/invoke/LambdaForm$MH+0x000001e696004400'
Event: 3478.199 Thread 0x000001e6943c50c0 Unloading class 0x000001e696003800 'java/lang/invoke/LambdaForm$MH+0x000001e696003800'
Event: 3478.199 Thread 0x000001e6943c50c0 Unloading class 0x000001e696003000 'java/lang/invoke/LambdaForm$MH+0x000001e696003000'
Event: 3478.199 Thread 0x000001e6943c50c0 Unloading class 0x000001e696002800 'java/lang/invoke/LambdaForm$MH+0x000001e696002800'
Event: 3478.199 Thread 0x000001e6943c50c0 Unloading class 0x000001e696002000 'java/lang/invoke/LambdaForm$MH+0x000001e696002000'

Classes redefined (0 events):
No events

Internal exceptions (20 events):
Event: 3480.303 Thread 0x000001e6dbc024d0 Exception <a 'java/lang/NoClassDefFoundError'{0x0000000085108d38}: project/fashion/model/service/InvoiceService> (0x0000000085108d38) 
thrown [s\src\hotspot\share\classfile\systemDictionary.cpp, line 245]
Event: 3480.309 Thread 0x000001e6dbc03910 Exception <a 'java/lang/InterruptedException'{0x00000000851c51b0}: sleep interrupted> (0x00000000851c51b0) 
thrown [s\src\hotspot\share\prims\jvm.cpp, line 3064]
Event: 3480.322 Thread 0x000001e6dbc024d0 Exception <a 'java/lang/NoClassDefFoundError'{0x00000000850a5b28}: jakarta/validation/ValidationException> (0x00000000850a5b28) 
thrown [s\src\hotspot\share\classfile\systemDictionary.cpp, line 245]
Event: 3480.324 Thread 0x000001e6dbc024d0 Exception <a 'java/lang/NoClassDefFoundError'{0x00000000850ca7e0}: liquibase/exception/ChangeLogParseException> (0x00000000850ca7e0) 
thrown [s\src\hotspot\share\classfile\systemDictionary.cpp, line 245]
Event: 3480.335 Thread 0x000001e6dbc024d0 Exception <a 'java/lang/reflect/InvocationTargetException'{0x0000000084f80980}> (0x0000000084f80980) 
thrown [s\src\hotspot\share\runtime\reflection.cpp, line 1121]
Event: 3483.855 Thread 0x000001e6da118840 Exception <a 'sun/nio/fs/WindowsException'{0x0000000084ee29a8}> (0x0000000084ee29a8) 
thrown [s\src\hotspot\share\prims\jni.cpp, line 516]
Event: 3483.873 Thread 0x000001e6da118840 Exception <a 'sun/nio/fs/WindowsException'{0x0000000084b0a2d8}> (0x0000000084b0a2d8) 
thrown [s\src\hotspot\share\prims\jni.cpp, line 516]
Event: 3484.240 Thread 0x000001e6da118840 Exception <a 'sun/nio/fs/WindowsException'{0x0000000086160610}> (0x0000000086160610) 
thrown [s\src\hotspot\share\prims\jni.cpp, line 516]
Event: 3484.262 Thread 0x000001e6da118840 Exception <a 'sun/nio/fs/WindowsException'{0x0000000085f80e00}> (0x0000000085f80e00) 
thrown [s\src\hotspot\share\prims\jni.cpp, line 516]
Event: 3484.314 Thread 0x000001e6da118840 Exception <a 'java/lang/NoClassDefFoundError'{0x000000008585ad50}: org/flywaydb/core/Flyway> (0x000000008585ad50) 
thrown [s\src\hotspot\share\oops\constantPool.cpp, line 835]
Event: 3484.314 Thread 0x000001e6da118840 Exception <a 'java/lang/NoClassDefFoundError'{0x000000008585b3a0}: liquibase/integration/spring/SpringLiquibase> (0x000000008585b3a0) 
thrown [s\src\hotspot\share\oops\constantPool.cpp, line 835]
Event: 3484.317 Thread 0x000001e6da118840 Exception <a 'java/lang/NoClassDefFoundError'{0x0000000085705130}: org/jooq/DSLContext> (0x0000000085705130) 
thrown [s\src\hotspot\share\oops\constantPool.cpp, line 835]
Event: 3484.318 Thread 0x000001e6da118840 Exception <a 'java/lang/NoClassDefFoundError'{0x00000000857230a0}: org/springframework/batch/core/repository/JobRepository> (0x00000000857230a0) 
thrown [s\src\hotspot\share\oops\constantPool.cpp, line 835]
Event: 3484.318 Thread 0x000001e6da118840 Exception <a 'java/lang/NoClassDefFoundError'{0x00000000857236e8}: org/quartz/Scheduler> (0x00000000857236e8) 
thrown [s\src\hotspot\share\oops\constantPool.cpp, line 835]
Event: 3484.318 Thread 0x000001e6da118840 Exception <a 'java/lang/NoClassDefFoundError'{0x0000000085723d58}: org/springframework/session/jdbc/JdbcIndexedSessionRepository> (0x0000000085723d58) 
thrown [s\src\hotspot\share\oops\constantPool.cpp, line 835]
Event: 3484.359 Thread 0x000001e6da118840 Exception <a 'sun/nio/fs/WindowsException'{0x0000000084fdb528}> (0x0000000084fdb528) 
thrown [s\src\hotspot\share\prims\jni.cpp, line 516]
Event: 3484.360 Thread 0x000001e6da118840 Exception <a 'sun/nio/fs/WindowsException'{0x0000000084fdbc50}> (0x0000000084fdbc50) 
thrown [s\src\hotspot\share\prims\jni.cpp, line 516]
Event: 3484.360 Thread 0x000001e6da118840 Exception <a 'sun/nio/fs/WindowsException'{0x0000000084fdc348}> (0x0000000084fdc348) 
thrown [s\src\hotspot\share\prims\jni.cpp, line 516]
Event: 3484.368 Thread 0x000001e6da118840 Exception <a 'java/io/FileNotFoundException'{0x0000000084e4aff0}> (0x0000000084e4aff0) 
thrown [s\src\hotspot\share\prims\jni.cpp, line 516]
Event: 3484.438 Thread 0x000001e6da118840 Exception <a 'sun/nio/fs/WindowsException'{0x00000000870d9fe8}> (0x00000000870d9fe8) 
thrown [s\src\hotspot\share\prims\jni.cpp, line 516]

VM Operations (20 events):
Event: 3083.243 Executing VM operation: G1CollectForAllocation done
Event: 3478.178 Executing VM operation: G1CollectForAllocation
Event: 3478.180 Executing VM operation: G1CollectForAllocation done
Event: 3478.185 Executing VM operation: G1CollectFull
Event: 3478.240 Executing VM operation: G1CollectFull done
Event: 3479.244 Executing VM operation: Cleanup
Event: 3479.245 Executing VM operation: Cleanup done
Event: 3479.981 Executing VM operation: G1CollectForAllocation
Event: 3479.985 Executing VM operation: G1CollectForAllocation done
Event: 3480.192 Executing VM operation: G1CollectForAllocation
Event: 3480.198 Executing VM operation: G1CollectForAllocation done
Event: 3481.207 Executing VM operation: Cleanup
Event: 3481.207 Executing VM operation: Cleanup done
Event: 3484.081 Executing VM operation: G1CollectForAllocation
Event: 3484.086 Executing VM operation: G1CollectForAllocation done
Event: 3484.421 Executing VM operation: G1CollectForAllocation
Event: 3484.426 Executing VM operation: G1CollectForAllocation done
Event: 3484.634 Executing VM operation: G1CollectForAllocation
Event: 3484.638 Executing VM operation: G1CollectForAllocation done
Event: 3484.749 Executing VM operation: G1CollectForAllocation

Events (20 events):
Event: 3479.966 Thread 0x000001e6dbc03910 Thread added: 0x000001e6dbc03910
Event: 3480.023 Thread 0x000001e6dc76aff0 Thread added: 0x000001e6dc76aff0
Event: 3480.305 Thread 0x000001e6da11b5d0 Thread added: 0x000001e6da11b5d0
Event: 3480.306 Thread 0x000001e6dbc01ab0 Thread exited: 0x000001e6dbc01ab0
Event: 3480.306 Thread 0x000001e6dbc01fc0 Thread exited: 0x000001e6dbc01fc0
Event: 3480.306 Thread 0x000001e6da11b5d0 Thread exited: 0x000001e6da11b5d0
Event: 3480.310 Thread 0x000001e6dbc03910 Thread exited: 0x000001e6dbc03910
Event: 3480.310 Thread 0x000001e6dbc01090 Thread exited: 0x000001e6dbc01090
Event: 3480.310 Thread 0x000001e6dbc029e0 Thread exited: 0x000001e6dbc029e0
Event: 3480.335 Thread 0x000001e6dbc024d0 Thread exited: 0x000001e6dbc024d0
Event: 3480.336 Thread 0x000001e6da11bae0 Thread added: 0x000001e6da11bae0
Event: 3483.848 Thread 0x000001e6da118840 Thread added: 0x000001e6da118840
Event: 3484.070 Thread 0x000001e6da11de50 Thread added: 0x000001e6da11de50
Event: 3484.094 Thread 0x000001e6da11de50 Thread exited: 0x000001e6da11de50
Event: 3484.399 Thread 0x000001e6da11b0c0 Thread added: 0x000001e6da11b0c0
Event: 3484.420 Thread 0x000001e6da119770 Thread added: 0x000001e6da119770
Event: 3484.420 Thread 0x000001e6da11abb0 Thread added: 0x000001e6da11abb0
Event: 3484.420 Thread 0x000001e6da11cf20 Thread added: 0x000001e6da11cf20
Event: 3484.511 Thread 0x000001e6da119c80 Thread added: 0x000001e6da119c80
Event: 3484.557 Thread 0x000001e6dc4c48b0 Thread added: 0x000001e6dc4c48b0


Dynamic libraries:
0x00007ff674d60000 - 0x00007ff674d6e000 	C:\Users\TranAnh computer\.jdks\corretto-17.0.9-1\bin\java.exe
0x00007ffa311d0000 - 0x00007ffa313c8000 	C:\WINDOWS\SYSTEM32\ntdll.dll
0x00007ffa2f4f0000 - 0x00007ffa2f5ad000 	C:\WINDOWS\System32\KERNEL32.DLL
0x00007ffa2ef30000 - 0x00007ffa2f226000 	C:\WINDOWS\System32\KERNELBASE.dll
0x00007ffa2eae0000 - 0x00007ffa2ebe0000 	C:\WINDOWS\System32\ucrtbase.dll
0x00007ff9f7350000 - 0x00007ff9f7367000 	C:\Users\TranAnh computer\.jdks\corretto-17.0.9-1\bin\jli.dll
0x00007ff9f5f90000 - 0x00007ff9f5fab000 	C:\Users\TranAnh computer\.jdks\corretto-17.0.9-1\bin\VCRUNTIME140.dll
0x00007ffa2f230000 - 0x00007ffa2f3ce000 	C:\WINDOWS\System32\USER32.dll
0x00007ffa2ea80000 - 0x00007ffa2eaa2000 	C:\WINDOWS\System32\win32u.dll
0x00007ffa30be0000 - 0x00007ffa30c0c000 	C:\WINDOWS\System32\GDI32.dll
0x00007ffa2e960000 - 0x00007ffa2ea7a000 	C:\WINDOWS\System32\gdi32full.dll
0x00007ffa2ed40000 - 0x00007ffa2eddd000 	C:\WINDOWS\System32\msvcp_win.dll
0x00007ffa1f410000 - 0x00007ffa1f6aa000 	C:\WINDOWS\WinSxS\amd64_microsoft.windows.common-controls_6595b64144ccf1df_6.0.19041.3636_none_60b6a03d71f818d5\COMCTL32.dll
0x00007ffa2fd10000 - 0x00007ffa2fdae000 	C:\WINDOWS\System32\msvcrt.dll
0x00007ffa30170000 - 0x00007ffa301a0000 	C:\WINDOWS\System32\IMM32.DLL
0x00007ffa00730000 - 0x00007ffa0073c000 	C:\Users\TranAnh computer\.jdks\corretto-17.0.9-1\bin\vcruntime140_1.dll
0x00007ff9ee740000 - 0x00007ff9ee7cd000 	C:\Users\TranAnh computer\.jdks\corretto-17.0.9-1\bin\msvcp140.dll
0x00007ff9e8690000 - 0x00007ff9e92f1000 	C:\Users\TranAnh computer\.jdks\corretto-17.0.9-1\bin\server\jvm.dll
0x00007ffa305f0000 - 0x00007ffa3069f000 	C:\WINDOWS\System32\ADVAPI32.dll
0x00007ffa30e50000 - 0x00007ffa30eec000 	C:\WINDOWS\System32\sechost.dll
0x00007ffa30f60000 - 0x00007ffa31086000 	C:\WINDOWS\System32\RPCRT4.dll
0x00007ffa20850000 - 0x00007ffa20859000 	C:\WINDOWS\SYSTEM32\WSOCK32.dll
0x00007ffa2df70000 - 0x00007ffa2dfbb000 	C:\WINDOWS\SYSTEM32\POWRPROF.dll
0x00007ffa23740000 - 0x00007ffa23767000 	C:\WINDOWS\SYSTEM32\WINMM.dll
0x00007ffa30320000 - 0x00007ffa3038b000 	C:\WINDOWS\System32\WS2_32.dll
0x00007ffa29290000 - 0x00007ffa2929a000 	C:\WINDOWS\SYSTEM32\VERSION.dll
0x00007ffa2df30000 - 0x00007ffa2df42000 	C:\WINDOWS\SYSTEM32\UMPDC.dll
0x00007ffa2c790000 - 0x00007ffa2c7a2000 	C:\WINDOWS\SYSTEM32\kernel.appcore.dll
0x00007ff9ffa90000 - 0x00007ff9ffa9a000 	C:\Users\TranAnh computer\.jdks\corretto-17.0.9-1\bin\jimage.dll
0x00007ffa1fec0000 - 0x00007ffa200a4000 	C:\WINDOWS\SYSTEM32\DBGHELP.DLL
0x00007ffa1f6f0000 - 0x00007ffa1f724000 	C:\WINDOWS\SYSTEM32\dbgcore.DLL
0x00007ffa2eea0000 - 0x00007ffa2ef22000 	C:\WINDOWS\System32\bcryptPrimitives.dll
0x00007ffa2a770000 - 0x00007ffa2a77e000 	C:\Users\TranAnh computer\.jdks\corretto-17.0.9-1\bin\instrument.dll
0x00007ff9f2120000 - 0x00007ff9f2145000 	C:\Users\TranAnh computer\.jdks\corretto-17.0.9-1\bin\java.dll
0x00007ff9e9b90000 - 0x00007ff9e9c67000 	C:\Users\TranAnh computer\.jdks\corretto-17.0.9-1\bin\jsvml.dll
0x00007ffa2f5b0000 - 0x00007ffa2fcf5000 	C:\WINDOWS\System32\SHELL32.dll
0x00007ffa2c990000 - 0x00007ffa2d12b000 	C:\WINDOWS\SYSTEM32\windows.storage.dll
0x00007ffa2fdb0000 - 0x00007ffa30104000 	C:\WINDOWS\System32\combase.dll
0x00007ffa2e2f0000 - 0x00007ffa2e31d000 	C:\WINDOWS\SYSTEM32\Wldp.dll
0x00007ffa30da0000 - 0x00007ffa30e4d000 	C:\WINDOWS\System32\SHCORE.dll
0x00007ffa30110000 - 0x00007ffa30165000 	C:\WINDOWS\System32\shlwapi.dll
0x00007ffa2e7e0000 - 0x00007ffa2e805000 	C:\WINDOWS\SYSTEM32\profapi.dll
0x00007ff9f5cd0000 - 0x00007ff9f5ce8000 	C:\Users\TranAnh computer\.jdks\corretto-17.0.9-1\bin\zip.dll
0x00007ff9f5860000 - 0x00007ff9f5879000 	C:\Users\TranAnh computer\.jdks\corretto-17.0.9-1\bin\net.dll
0x00007ffa28a70000 - 0x00007ffa28b7a000 	C:\WINDOWS\SYSTEM32\WINHTTP.dll
0x00007ffa2e050000 - 0x00007ffa2e0ba000 	C:\WINDOWS\system32\mswsock.dll
0x00007ff9f4de0000 - 0x00007ff9f4df6000 	C:\Users\TranAnh computer\.jdks\corretto-17.0.9-1\bin\nio.dll
0x00007ffa235f0000 - 0x00007ffa2360a000 	C:\Program Files\JetBrains\IntelliJ IDEA 2023.2.3\bin\breakgen64.dll
0x00007ffa2dd10000 - 0x00007ffa2ddda000 	C:\WINDOWS\SYSTEM32\DNSAPI.dll
0x00007ffa2dcd0000 - 0x00007ffa2dd0b000 	C:\WINDOWS\SYSTEM32\IPHLPAPI.DLL
0x00007ffa30f50000 - 0x00007ffa30f58000 	C:\WINDOWS\System32\NSI.dll
0x00007ffa260f0000 - 0x00007ffa260fa000 	C:\Windows\System32\rasadhlp.dll
0x00007ffa26fd0000 - 0x00007ffa27050000 	C:\WINDOWS\System32\fwpuclnt.dll
0x00007ffa2eab0000 - 0x00007ffa2ead7000 	C:\WINDOWS\System32\bcrypt.dll
0x00007ffa2a000000 - 0x00007ffa2a009000 	C:\Users\TranAnh computer\.jdks\corretto-17.0.9-1\bin\management.dll
0x00007ffa235e0000 - 0x00007ffa235eb000 	C:\Users\TranAnh computer\.jdks\corretto-17.0.9-1\bin\management_ext.dll
0x00007ffa2f3d0000 - 0x00007ffa2f3d8000 	C:\WINDOWS\System32\PSAPI.DLL
0x00007ffa2e240000 - 0x00007ffa2e258000 	C:\WINDOWS\SYSTEM32\CRYPTSP.dll
0x00007ffa2d910000 - 0x00007ffa2d944000 	C:\WINDOWS\system32\rsaenh.dll
0x00007ffa2e760000 - 0x00007ffa2e78e000 	C:\WINDOWS\SYSTEM32\USERENV.dll
0x00007ffa2e260000 - 0x00007ffa2e26c000 	C:\WINDOWS\SYSTEM32\CRYPTBASE.dll
0x00007ffa28e90000 - 0x00007ffa28ea7000 	C:\WINDOWS\SYSTEM32\dhcpcsvc6.DLL
0x00007ffa29450000 - 0x00007ffa2946d000 	C:\WINDOWS\SYSTEM32\dhcpcsvc.DLL
0x00007ffa1e0b0000 - 0x00007ffa1e0c7000 	C:\WINDOWS\system32\napinsp.dll
0x00007ffa1e090000 - 0x00007ffa1e0ab000 	C:\WINDOWS\system32\pnrpnsp.dll
0x00007ffa1ded0000 - 0x00007ffa1dee5000 	C:\WINDOWS\system32\wshbth.dll
0x00007ffa2a600000 - 0x00007ffa2a61d000 	C:\WINDOWS\system32\NLAapi.dll
0x00007ffa1deb0000 - 0x00007ffa1dec2000 	C:\WINDOWS\System32\winrnr.dll
0x00007ffa235b0000 - 0x00007ffa235be000 	C:\Users\TranAnh computer\.jdks\corretto-17.0.9-1\bin\sunmscapi.dll
0x00007ffa2ebe0000 - 0x00007ffa2ed3d000 	C:\WINDOWS\System32\CRYPT32.dll
0x00007ffa2e360000 - 0x00007ffa2e387000 	C:\WINDOWS\SYSTEM32\ncrypt.dll
0x00007ffa2e320000 - 0x00007ffa2e35b000 	C:\WINDOWS\SYSTEM32\NTASN1.dll
0x00007ff9fd990000 - 0x00007ff9fd9a0000 	C:\Users\TranAnh computer\.jdks\corretto-17.0.9-1\bin\verify.dll
0x00007ffa05db0000 - 0x00007ffa05db7000 	C:\WINDOWS\system32\wshunix.dll

dbghelp: loaded successfully - version: 4.0.5 - missing functions: none
symbol engine: initialized successfully - sym options: 0x614 - pdb path: .;C:\Users\TranAnh computer\.jdks\corretto-17.0.9-1\bin;C:\WINDOWS\SYSTEM32;C:\WINDOWS\WinSxS\amd64_microsoft.windows.common-controls_6595b64144ccf1df_6.0.19041.3636_none_60b6a03d71f818d5;C:\Users\TranAnh computer\.jdks\corretto-17.0.9-1\bin\server;C:\Program Files\JetBrains\IntelliJ IDEA 2023.2.3\bin

VM Arguments:
jvm_args: -XX:TieredStopAtLevel=1 -Dspring.output.ansi.enabled=always -Dcom.sun.management.jmxremote -Dspring.jmx.enabled=true -Dspring.liveBeansView.mbeanDomain -Dspring.application.admin.enabled=true -Dmanagement.endpoints.jmx.exposure.include=* -javaagent:C:\Program Files\JetBrains\IntelliJ IDEA 2023.2.3\lib\idea_rt.jar=62265:C:\Program Files\JetBrains\IntelliJ IDEA 2023.2.3\bin -Dfile.encoding=UTF-8 
java_command: project.fashion.FashionApplication
java_class_path (initial): C:\Users\TranAnh computer\IdeaProjects\fashion\target\classes;C:\Users\TranAnh computer\.m2\repository\org\springframework\boot\spring-boot-starter-data-jpa\3.1.5\spring-boot-starter-data-jpa-3.1.5.jar;C:\Users\TranAnh computer\.m2\repository\org\springframework\boot\spring-boot-starter-aop\3.1.5\spring-boot-starter-aop-3.1.5.jar;C:\Users\TranAnh computer\.m2\repository\org\aspectj\aspectjweaver\1.9.20\aspectjweaver-1.9.20.jar;C:\Users\TranAnh computer\.m2\repository\org\springframework\boot\spring-boot-starter-jdbc\3.1.5\spring-boot-starter-jdbc-3.1.5.jar;C:\Users\TranAnh computer\.m2\repository\com\zaxxer\HikariCP\5.0.1\HikariCP-5.0.1.jar;C:\Users\TranAnh computer\.m2\repository\org\springframework\spring-jdbc\6.0.13\spring-jdbc-6.0.13.jar;C:\Users\TranAnh computer\.m2\repository\org\springframework\data\spring-data-jpa\3.1.5\spring-data-jpa-3.1.5.jar;C:\Users\TranAnh computer\.m2\repository\org\springframework\data\spring-data-commons\3.1.5\spring-data-commons-3.1.5.jar;C:\Users\TranAnh computer\.m2\repository\org\springframework\spring-orm\6.0.13\spring-orm-6.0.13.jar;C:\Users\TranAnh computer\.m2\repository\org\springframework\spring-tx\6.0.13\spring-tx-6.0.13.jar;C:\Users\TranAnh computer\.m2\repository\jakarta\annotation\jakarta.annotation-api\2.1.1\jakarta.annotation-api-2.1.1.jar;C:\Users\TranAnh computer\.m2\repository\org\springframework\spring-aspects\6.0.13\spring-aspects-6.0.13.jar;C:\Users\TranAnh computer\.m2\repository\org\springframework\boot\spring-boot-starter-thymeleaf\3.1.5\spring-boot-starter-thymeleaf-3.1.5.jar;C:\Users\TranAnh computer\.m2\repository\org\springframework\boot\spring-boot-starter\3.1.5\spring-boot-starter-3.1.5.jar;C:\Users\TranAnh computer\.m2\repository\org\springframework\boot\spring-boot-starter-logging\3.1.5\spring-boot-starter-logging-3.1.5.jar;C:\Users\TranAnh computer\.m2\repository\ch\qos\logback\logback-classic\1.4.11\logback-classic-1.4.11.jar;C:\Users\TranAnh computer\.m2\repository\ch\
Launcher Type: SUN_STANDARD

[Global flags]
     intx CICompilerCount                          = 3                                         {product} {ergonomic}
     uint ConcGCThreads                            = 1                                         {product} {ergonomic}
     uint G1ConcRefinementThreads                  = 4                                         {product} {ergonomic}
   size_t G1HeapRegionSize                         = 1048576                                   {product} {ergonomic}
    uintx GCDrainStackTargetSize                   = 64                                        {product} {ergonomic}
   size_t InitialHeapSize                          = 134217728                                 {product} {ergonomic}
     bool ManagementServer                         = true                                      {product} {command line}
   size_t MarkStackSize                            = 4194304                                   {product} {ergonomic}
   size_t MaxHeapSize                              = 2132803584                                {product} {ergonomic}
   size_t MaxNewSize                               = 1279262720                                {product} {ergonomic}
   size_t MinHeapDeltaBytes                        = 1048576                                   {product} {ergonomic}
   size_t MinHeapSize                              = 8388608                                   {product} {ergonomic}
    uintx NonProfiledCodeHeapSize                  = 0                                      {pd product} {ergonomic}
     bool ProfileInterpreter                       = false                                  {pd product} {command line}
    uintx ProfiledCodeHeapSize                     = 0                                      {pd product} {ergonomic}
   size_t SoftMaxHeapSize                          = 2132803584                             {manageable} {ergonomic}
     intx TieredStopAtLevel                        = 1                                         {product} {command line}
     bool UseCompressedClassPointers               = true                           {product lp64_product} {ergonomic}
     bool UseCompressedOops                        = true                           {product lp64_product} {ergonomic}
     bool UseG1GC                                  = true                                      {product} {ergonomic}
     bool UseLargePagesIndividualAllocation        = false                                  {pd product} {ergonomic}

Logging:
Log output configuration:
 #0: stdout all=warning uptime,level,tags
 #1: stderr all=off uptime,level,tags

Environment Variables:
PATH=C:\WINDOWS\system32;C:\WINDOWS;C:\WINDOWS\System32\Wbem;C:\WINDOWS\System32\WindowsPowerShell\v1.0\;C:\WINDOWS\System32\OpenSSH\;C:\Program Files\Git\cmd;C:\Program Files\Microsoft SQL Server\150\Tools\Binn\;C:\Program Files\Microsoft SQL Server\Client SDK\ODBC\170\Tools\Binn\;C:\Program Files\dotnet\;C:\Users\TranAnh computer\AppData\Local\Microsoft\WindowsApps;;C:\Users\TranAnh computer\AppData\Local\Programs\Microsoft VS Code\bin;C:\Users\TranAnh computer\.dotnet\tools
USERNAME=TranAnh computer
OS=Windows_NT
PROCESSOR_IDENTIFIER=Intel64 Family 6 Model 158 Stepping 11, GenuineIntel
TMP=C:\Users\TRANAN~1\AppData\Local\Temp
TEMP=C:\Users\TRANAN~1\AppData\Local\Temp



Periodic native trim disabled


---------------  S Y S T E M  ---------------

OS:
 Windows 10 , 64 bit Build 19041 (10.0.19041.3636)
OS uptime: 14 days 23:22 hours

CPU: total 4 (initial active 4) (4 cores per cpu, 1 threads per core) family 6 model 158 stepping 11 microcode 0xb4, cx8, cmov, fxsr, mmx, 3dnowpref, sse, sse2, sse3, ssse3, sse4.1, sse4.2, popcnt, lzcnt, tsc, tscinvbit, avx, avx2, aes, erms, clmul, bmi1, bmi2, adx, fma, vzeroupper, clflush, clflushopt
Processor Information for all 4 processors :
  Max Mhz: 3600, Current Mhz: 3600, Mhz Limit: 3600

Memory: 4k page, system-wide physical 8130M (641M free)
TotalPageFile size 12130M (AvailPageFile size 148M)
current process WorkingSet (physical memory assigned to process): 276M, peak: 292M
current process commit charge ("private bytes"): 310M, peak: 489M

vm_info: OpenJDK 64-Bit Server VM (17.0.9+8-LTS) for windows-amd64 JRE (17.0.9+8-LTS), built on Oct 12 2023 16:15:33 by "Administrator" with MS VC++ 16.10 / 16.11 (VS2019)

END.
