#
# There is insufficient memory for the Java Runtime Environment to continue.
# Native memory allocation (mmap) failed to map 94371840 bytes for G1 virtual space
# Possible reasons:
#   The system is out of physical RAM or swap space
#   The process is running with CompressedOops enabled, and the Java Heap may be blocking the growth of the native heap
# Possible solutions:
#   Reduce memory load on the system
#   Increase physical memory or swap space
#   Check if swap backing store is full
#   Decrease Java heap size (-Xmx/-Xms)
#   Decrease number of Java threads
#   Decrease Java thread stack sizes (-Xss)
#   Set larger code cache with -XX:ReservedCodeCacheSize=
#   JVM is running with Unscaled Compressed Oops mode in which the Java heap is
#     placed in the first 4GB address space. The Java Heap base address is the
#     maximum limit for the native heap growth. Please use -XX:HeapBaseMinAddress
#     to set the Java Heap base and to place the Java Heap above 4GB virtual address.
# This output file may be truncated or incomplete.
#
#  Out of Memory Error (os_windows.cpp:3613), pid=11076, tid=5332
#
# JRE version: OpenJDK Runtime Environment Corretto-17.0.9.8.1 (17.0.9+8) (build 17.0.9+8-LTS)
# Java VM: OpenJDK 64-Bit Server VM Corretto-17.0.9.8.1 (17.0.9+8-LTS, mixed mode, emulated-client, sharing, tiered, compressed oops, compressed class ptrs, g1 gc, windows-amd64)
# No core dump will be written. Minidumps are not enabled by default on client versions of Windows
#

---------------  S U M M A R Y ------------

Command Line: -XX:TieredStopAtLevel=1 -Dspring.output.ansi.enabled=always -Dcom.sun.management.jmxremote -Dspring.jmx.enabled=true -Dspring.liveBeansView.mbeanDomain -Dspring.application.admin.enabled=true -Dmanagement.endpoints.jmx.exposure.include=* -javaagent:C:\Program Files\JetBrains\IntelliJ IDEA 2023.2.3\lib\idea_rt.jar=54963:C:\Program Files\JetBrains\IntelliJ IDEA 2023.2.3\bin -Dfile.encoding=UTF-8 project.fashion.FashionApplication

Host: Intel(R) Core(TM) i3-9100F CPU @ 3.60GHz, 4 cores, 7G,  Windows 10 , 64 bit Build 19041 (10.0.19041.3636)
Time: Sun Dec 31 00:42:01 2023 SE Asia Standard Time elapsed time: 391.918868 seconds (0d 0h 6m 31s)

---------------  T H R E A D  ---------------

Current thread (0x000001fbc280e1b0):  VMThread "VM Thread" [stack: 0x000000265c600000,0x000000265c700000] [id=5332]

Stack: [0x000000265c600000,0x000000265c700000]
Native frames: (J=compiled Java code, j=interpreted, Vv=VM code, C=native code)
V  [jvm.dll+0x67cb49]
V  [jvm.dll+0x8344da]
V  [jvm.dll+0x835f9e]
V  [jvm.dll+0x836603]
V  [jvm.dll+0x247b5f]
V  [jvm.dll+0x679969]
V  [jvm.dll+0x66e2ba]
V  [jvm.dll+0x307a5b]
V  [jvm.dll+0x30ef06]
V  [jvm.dll+0x35ecee]
V  [jvm.dll+0x35ef1f]
V  [jvm.dll+0x2de658]
V  [jvm.dll+0x2dc834]
V  [jvm.dll+0x2dbe3c]
V  [jvm.dll+0x31fedb]
V  [jvm.dll+0x83aafb]
V  [jvm.dll+0x83b841]
V  [jvm.dll+0x83bd5d]
V  [jvm.dll+0x83c134]
V  [jvm.dll+0x83c200]
V  [jvm.dll+0x7e396a]
V  [jvm.dll+0x67ba35]
C  [ucrtbase.dll+0x21bb2]
C  [KERNEL32.DLL+0x17344]
C  [ntdll.dll+0x526b1]

VM_Operation (0x000000265d1f8f00): G1CollectForAllocation, mode: safepoint, requested by thread 0x000001fc08e91e00


---------------  P R O C E S S  ---------------

Threads class SMR info:
_java_thread_list=0x000001fc0a9b7f50, length=19, elements={
0x000001fbc2814220, 0x000001fbc2815840, 0x000001fbc2825a80, 0x000001fbc2826900,
0x000001fbc282ba90, 0x000001fbc282c450, 0x000001fbc2835ef0, 0x000001fbc2837090,
0x000001fbc2801290, 0x000001fbc2d9d380, 0x000001fc080b63c0, 0x000001fc081ce410,
0x000001fc086e9000, 0x000001fc08e92820, 0x000001fc0a4c4fb0, 0x000001fc0a4c54c0,
0x000001fc08e8fa90, 0x000001fc08e91e00, 0x000001fc083ec4e0
}

Java Threads: ( => current thread )
  0x000001fbc2814220 JavaThread "Reference Handler" daemon [_thread_blocked, id=768, stack(0x000000265c700000,0x000000265c800000)]
  0x000001fbc2815840 JavaThread "Finalizer" daemon [_thread_blocked, id=7012, stack(0x000000265c800000,0x000000265c900000)]
  0x000001fbc2825a80 JavaThread "Signal Dispatcher" daemon [_thread_blocked, id=1808, stack(0x000000265c900000,0x000000265ca00000)]
  0x000001fbc2826900 JavaThread "Attach Listener" daemon [_thread_blocked, id=6712, stack(0x000000265ca00000,0x000000265cb00000)]
  0x000001fbc282ba90 JavaThread "Service Thread" daemon [_thread_blocked, id=12984, stack(0x000000265cb00000,0x000000265cc00000)]
  0x000001fbc282c450 JavaThread "Monitor Deflation Thread" daemon [_thread_blocked, id=12832, stack(0x000000265cc00000,0x000000265cd00000)]
  0x000001fbc2835ef0 JavaThread "C1 CompilerThread0" daemon [_thread_blocked, id=5000, stack(0x000000265cd00000,0x000000265ce00000)]
  0x000001fbc2837090 JavaThread "Sweeper thread" daemon [_thread_blocked, id=11180, stack(0x000000265ce00000,0x000000265cf00000)]
  0x000001fbc2801290 JavaThread "Common-Cleaner" daemon [_thread_blocked, id=9928, stack(0x000000265cf00000,0x000000265d000000)]
  0x000001fbc2d9d380 JavaThread "Monitor Ctrl-Break" daemon [_thread_in_native, id=9220, stack(0x000000265d200000,0x000000265d300000)]
  0x000001fc080b63c0 JavaThread "Notification Thread" daemon [_thread_blocked, id=12068, stack(0x000000265d300000,0x000000265d400000)]
  0x000001fc081ce410 JavaThread "RMI TCP Accept-0" daemon [_thread_in_native, id=3484, stack(0x000000265d400000,0x000000265d500000)]
  0x000001fc086e9000 JavaThread "RMI Scheduler(0)" daemon [_thread_blocked, id=12712, stack(0x000000265dd00000,0x000000265de00000)]
  0x000001fc08e92820 JavaThread "mysql-cj-abandoned-connection-cleanup" daemon [_thread_blocked, id=12664, stack(0x000000265de00000,0x000000265df00000)]
  0x000001fc0a4c4fb0 JavaThread "Live Reload Server" daemon [_thread_in_native, id=2068, stack(0x000000265e700000,0x000000265e800000)]
  0x000001fc0a4c54c0 JavaThread "DestroyJavaVM" [_thread_blocked, id=7844, stack(0x000000265c000000,0x000000265c100000)]
  0x000001fc08e8fa90 JavaThread "Thread-7" [_thread_blocked, id=11272, stack(0x000000265be00000,0x000000265bf00000)]
  0x000001fc08e91e00 JavaThread "restartedMain" [_thread_blocked, id=11824, stack(0x000000265d100000,0x000000265d200000)]
  0x000001fc083ec4e0 JavaThread "C1 CompilerThread1" daemon [_thread_blocked, id=4864, stack(0x000000265d000000,0x000000265d100000)]

Other Threads:
=>0x000001fbc280e1b0 VMThread "VM Thread" [stack: 0x000000265c600000,0x000000265c700000] [id=5332]
  0x000001fbaeec61f0 WatcherThread [stack: 0x000000265d500000,0x000000265d600000] [id=2708]
  0x000001fbaef1fe00 GCTaskThread "GC Thread#0" [stack: 0x000000265c100000,0x000000265c200000] [id=5452]
  0x000001fc0826e960 GCTaskThread "GC Thread#1" [stack: 0x000000265d600000,0x000000265d700000] [id=12612]
  0x000001fc08285d70 GCTaskThread "GC Thread#2" [stack: 0x000000265d700000,0x000000265d800000] [id=11240]
  0x000001fc082a2fa0 GCTaskThread "GC Thread#3" [stack: 0x000000265d800000,0x000000265d900000] [id=4460]
  0x000001fbaef31ba0 ConcurrentGCThread "G1 Main Marker" [stack: 0x000000265c200000,0x000000265c300000] [id=1468]
  0x000001fbaef325c0 ConcurrentGCThread "G1 Conc#0" [stack: 0x000000265c300000,0x000000265c400000] [id=12184]
  0x000001fbaef7ded0 ConcurrentGCThread "G1 Refine#0" [stack: 0x000000265c400000,0x000000265c500000] [id=13332]
  0x000001fc08267cb0 ConcurrentGCThread "G1 Refine#1" [stack: 0x000000265d900000,0x000000265da00000] [id=7660]
  0x000001fbaef7e900 ConcurrentGCThread "G1 Service" [stack: 0x000000265c500000,0x000000265c600000] [id=13556]

Threads with active compile tasks:

VM state: at safepoint (normal execution)

VM Mutex/Monitor currently owned by a thread:  ([mutex/lock_event])
[0x000001fbaeec0c10] Threads_lock - owner thread: 0x000001fbc280e1b0
[0x000001fbaeec0e50] Heap_lock - owner thread: 0x000001fc08e91e00

Heap address: 0x0000000080e00000, size: 2034 MB, Compressed Oops mode: 32-bit

CDS archive(s) mapped at: [0x000001fbc3000000-0x000001fbc3ba0000-0x000001fbc3ba0000), size 12189696, SharedBaseAddress: 0x000001fbc3000000, ArchiveRelocationMode: 1.
Compressed class space mapped at: 0x000001fbc4000000-0x000001fc04000000, reserved size: 1073741824
Narrow klass base: 0x000001fbc3000000, Narrow klass shift: 0, Narrow klass range: 0x100000000

GC Precious Log:
 CPUs: 4 total, 4 available
 Memory: 8130M
 Large Page Support: Disabled
 NUMA Support: Disabled
 Compressed Oops: Enabled (32-bit)
 Heap Region Size: 1M
 Heap Min Capacity: 8M
 Heap Initial Capacity: 128M
 Heap Max Capacity: 2034M
 Pre-touch: Disabled
 Parallel Workers: 4
 Concurrent Workers: 1
 Concurrent Refinement Workers: 4
 Periodic GC: Disabled

Heap:
 garbage-first heap   total 92160K, used 30065K [0x0000000080e00000, 0x0000000100000000)
  region size 1024K, 4 young (4096K), 4 survivors (4096K)
 Metaspace       used 71586K, committed 72192K, reserved 1114112K
  class space    used 10175K, committed 10496K, reserved 1048576K

Heap Regions: E=young(eden), S=young(survivor), O=old, HS=humongous(starts), HC=humongous(continues), CS=collection set, F=free, OA=open archive, CA=closed archive, TAMS=top-at-mark-start (previous, next)
|   0|0x0000000080e00000, 0x0000000080f00000, 0x0000000080f00000|100%|HS|  |TAMS 0x0000000080f00000, 0x0000000080e00000| Untracked 
|   1|0x0000000080f00000, 0x0000000081000000, 0x0000000081000000|100%| O|  |TAMS 0x0000000081000000, 0x0000000080f00000| Untracked 
|   2|0x0000000081000000, 0x00000000810fffa0, 0x0000000081100000| 99%| O|  |TAMS 0x0000000081000000, 0x0000000081000000| Untracked 
|   3|0x0000000081100000, 0x0000000081200000, 0x0000000081200000|100%| O|  |TAMS 0x0000000081200000, 0x0000000081100000| Untracked 
|   4|0x0000000081200000, 0x00000000812fffa8, 0x0000000081300000| 99%| O|  |TAMS 0x0000000081200000, 0x0000000081200000| Untracked 
|   5|0x0000000081300000, 0x0000000081400000, 0x0000000081400000|100%| O|  |TAMS 0x0000000081400000, 0x0000000081300000| Untracked 
|   6|0x0000000081400000, 0x00000000814ffff0, 0x0000000081500000| 99%| O|  |TAMS 0x0000000081400000, 0x0000000081400000| Untracked 
|   7|0x0000000081500000, 0x00000000815fff70, 0x0000000081600000| 99%| O|  |TAMS 0x0000000081500000, 0x0000000081500000| Untracked 
|   8|0x0000000081600000, 0x00000000816fffb8, 0x0000000081700000| 99%| O|  |TAMS 0x0000000081600000, 0x0000000081600000| Untracked 
|   9|0x0000000081700000, 0x00000000817ffff8, 0x0000000081800000| 99%| O|  |TAMS 0x0000000081700000, 0x0000000081700000| Untracked 
|  10|0x0000000081800000, 0x00000000818ffff0, 0x0000000081900000| 99%| O|  |TAMS 0x0000000081800000, 0x0000000081800000| Untracked 
|  11|0x0000000081900000, 0x0000000081a00000, 0x0000000081a00000|100%| O|  |TAMS 0x0000000081900000, 0x0000000081900000| Untracked 
|  12|0x0000000081a00000, 0x0000000081aeaff8, 0x0000000081b00000| 91%| O|  |TAMS 0x0000000081a00000, 0x0000000081a00000| Untracked 
|  13|0x0000000081b00000, 0x0000000081bffff0, 0x0000000081c00000| 99%| O|  |TAMS 0x0000000081b00000, 0x0000000081b00000| Untracked 
|  14|0x0000000081c00000, 0x0000000081cffff0, 0x0000000081d00000| 99%| O|  |TAMS 0x0000000081c00000, 0x0000000081c00000| Untracked 
|  15|0x0000000081d00000, 0x0000000081dffff8, 0x0000000081e00000| 99%| O|  |TAMS 0x0000000081d00000, 0x0000000081d00000| Untracked 
|  16|0x0000000081e00000, 0x0000000081efffc0, 0x0000000081f00000| 99%| O|  |TAMS 0x0000000081e00000, 0x0000000081e00000| Untracked 
|  17|0x0000000081f00000, 0x0000000081ffffe8, 0x0000000082000000| 99%| O|  |TAMS 0x0000000081f00000, 0x0000000081f00000| Untracked 
|  18|0x0000000082000000, 0x00000000820fffd0, 0x0000000082100000| 99%| O|  |TAMS 0x0000000082000000, 0x0000000082000000| Untracked 
|  19|0x0000000082100000, 0x00000000821fffe8, 0x0000000082200000| 99%| O|  |TAMS 0x0000000082100000, 0x0000000082100000| Untracked 
|  20|0x0000000082200000, 0x00000000822fffe8, 0x0000000082300000| 99%| O|  |TAMS 0x0000000082200000, 0x0000000082200000| Untracked 
|  21|0x0000000082300000, 0x00000000823fff90, 0x0000000082400000| 99%| O|  |TAMS 0x0000000082300000, 0x0000000082300000| Untracked 
|  22|0x0000000082400000, 0x00000000824ffd00, 0x0000000082500000| 99%| O|  |TAMS 0x0000000082400000, 0x0000000082400000| Untracked 
|  23|0x0000000082500000, 0x00000000825ffe60, 0x0000000082600000| 99%| O|  |TAMS 0x0000000082500000, 0x0000000082500000| Untracked 
|  24|0x0000000082600000, 0x00000000826be270, 0x0000000082700000| 74%| O|  |TAMS 0x0000000082600000, 0x0000000082600000| Untracked 
|  25|0x0000000082700000, 0x000000008278b350, 0x0000000082800000| 54%| O|  |TAMS 0x0000000082700000, 0x0000000082700000| Untracked 
|  26|0x0000000082800000, 0x0000000082800000, 0x0000000082900000|  0%| F|  |TAMS 0x0000000082800000, 0x0000000082800000| Untracked 
|  27|0x0000000082900000, 0x0000000082900000, 0x0000000082a00000|  0%| F|  |TAMS 0x0000000082900000, 0x0000000082900000| Untracked 
|  28|0x0000000082a00000, 0x0000000082a00000, 0x0000000082b00000|  0%| F|  |TAMS 0x0000000082a00000, 0x0000000082a00000| Untracked 
|  29|0x0000000082b00000, 0x0000000082bbd110, 0x0000000082c00000| 73%| O|  |TAMS 0x0000000082b00000, 0x0000000082b00000| Untracked 
|  30|0x0000000082c00000, 0x0000000082c00000, 0x0000000082d00000|  0%| F|  |TAMS 0x0000000082c00000, 0x0000000082c00000| Untracked 
|  31|0x0000000082d00000, 0x0000000082d00000, 0x0000000082e00000|  0%| F|  |TAMS 0x0000000082d00000, 0x0000000082d00000| Untracked 
|  32|0x0000000082e00000, 0x0000000082e00000, 0x0000000082f00000|  0%| F|  |TAMS 0x0000000082e00000, 0x0000000082e00000| Untracked 
|  33|0x0000000082f00000, 0x0000000082f00000, 0x0000000083000000|  0%| F|  |TAMS 0x0000000082f00000, 0x0000000082f00000| Untracked 
|  34|0x0000000083000000, 0x0000000083000000, 0x0000000083100000|  0%| F|  |TAMS 0x0000000083000000, 0x0000000083000000| Untracked 
|  35|0x0000000083100000, 0x0000000083100000, 0x0000000083200000|  0%| F|  |TAMS 0x0000000083100000, 0x0000000083100000| Untracked 
|  36|0x0000000083200000, 0x0000000083200000, 0x0000000083300000|  0%| F|  |TAMS 0x0000000083200000, 0x0000000083200000| Untracked 
|  37|0x0000000083300000, 0x0000000083300000, 0x0000000083400000|  0%| F|  |TAMS 0x0000000083300000, 0x0000000083300000| Untracked 
|  38|0x0000000083400000, 0x0000000083400000, 0x0000000083500000|  0%| F|  |TAMS 0x0000000083400000, 0x0000000083400000| Untracked 
|  39|0x0000000083500000, 0x0000000083500000, 0x0000000083600000|  0%| F|  |TAMS 0x0000000083500000, 0x0000000083500000| Untracked 
|  40|0x0000000083600000, 0x000000008366b840, 0x0000000083700000| 41%| S|CS|TAMS 0x0000000083600000, 0x0000000083600000| Complete 
|  41|0x0000000083700000, 0x0000000083800000, 0x0000000083800000|100%| S|CS|TAMS 0x0000000083700000, 0x0000000083700000| Complete 
|  42|0x0000000083800000, 0x0000000083900000, 0x0000000083900000|100%| S|CS|TAMS 0x0000000083800000, 0x0000000083800000| Complete 
|  43|0x0000000083900000, 0x0000000083a00000, 0x0000000083a00000|100%| S|CS|TAMS 0x0000000083900000, 0x0000000083900000| Complete 
|  44|0x0000000083a00000, 0x0000000083a00000, 0x0000000083b00000|  0%| F|  |TAMS 0x0000000083a00000, 0x0000000083a00000| Untracked 
|  45|0x0000000083b00000, 0x0000000083b00000, 0x0000000083c00000|  0%| F|  |TAMS 0x0000000083b00000, 0x0000000083b00000| Untracked 
|  46|0x0000000083c00000, 0x0000000083c00000, 0x0000000083d00000|  0%| F|  |TAMS 0x0000000083c00000, 0x0000000083c00000| Untracked 
|  47|0x0000000083d00000, 0x0000000083d00000, 0x0000000083e00000|  0%| F|  |TAMS 0x0000000083d00000, 0x0000000083d00000| Untracked 
|  48|0x0000000083e00000, 0x0000000083e00000, 0x0000000083f00000|  0%| F|  |TAMS 0x0000000083e00000, 0x0000000083e00000| Untracked 
|  49|0x0000000083f00000, 0x0000000083f00000, 0x0000000084000000|  0%| F|  |TAMS 0x0000000083f00000, 0x0000000083f00000| Untracked 
|  50|0x0000000084000000, 0x0000000084000000, 0x0000000084100000|  0%| F|  |TAMS 0x0000000084000000, 0x0000000084000000| Untracked 
|  51|0x0000000084100000, 0x0000000084100000, 0x0000000084200000|  0%| F|  |TAMS 0x0000000084100000, 0x0000000084100000| Untracked 
|  52|0x0000000084200000, 0x0000000084200000, 0x0000000084300000|  0%| F|  |TAMS 0x0000000084200000, 0x0000000084200000| Untracked 
|  53|0x0000000084300000, 0x0000000084300000, 0x0000000084400000|  0%| F|  |TAMS 0x0000000084300000, 0x0000000084300000| Untracked 
|  54|0x0000000084400000, 0x0000000084400000, 0x0000000084500000|  0%| F|  |TAMS 0x0000000084400000, 0x0000000084400000| Untracked 
|  55|0x0000000084500000, 0x0000000084500000, 0x0000000084600000|  0%| F|  |TAMS 0x0000000084500000, 0x0000000084500000| Untracked 
|  56|0x0000000084600000, 0x0000000084600000, 0x0000000084700000|  0%| F|  |TAMS 0x0000000084600000, 0x0000000084600000| Untracked 
|  57|0x0000000084700000, 0x0000000084700000, 0x0000000084800000|  0%| F|  |TAMS 0x0000000084700000, 0x0000000084700000| Untracked 
|  58|0x0000000084800000, 0x0000000084800000, 0x0000000084900000|  0%| F|  |TAMS 0x0000000084800000, 0x0000000084800000| Untracked 
|  59|0x0000000084900000, 0x0000000084900000, 0x0000000084a00000|  0%| F|  |TAMS 0x0000000084900000, 0x0000000084900000| Untracked 
|  60|0x0000000084a00000, 0x0000000084a00000, 0x0000000084b00000|  0%| F|  |TAMS 0x0000000084a00000, 0x0000000084a00000| Untracked 
|  61|0x0000000084b00000, 0x0000000084b00000, 0x0000000084c00000|  0%| F|  |TAMS 0x0000000084b00000, 0x0000000084b00000| Untracked 
|  62|0x0000000084c00000, 0x0000000084c00000, 0x0000000084d00000|  0%| F|  |TAMS 0x0000000084c00000, 0x0000000084c00000| Untracked 
|  63|0x0000000084d00000, 0x0000000084d00000, 0x0000000084e00000|  0%| F|  |TAMS 0x0000000084d00000, 0x0000000084d00000| Untracked 
|  64|0x0000000084e00000, 0x0000000084e00000, 0x0000000084f00000|  0%| F|  |TAMS 0x0000000084e00000, 0x0000000084e00000| Untracked 
|  65|0x0000000084f00000, 0x0000000084f00000, 0x0000000085000000|  0%| F|  |TAMS 0x0000000084f00000, 0x0000000084f00000| Untracked 
|  66|0x0000000085000000, 0x0000000085000000, 0x0000000085100000|  0%| F|  |TAMS 0x0000000085000000, 0x0000000085000000| Untracked 
|  67|0x0000000085100000, 0x0000000085100000, 0x0000000085200000|  0%| F|  |TAMS 0x0000000085100000, 0x0000000085100000| Untracked 
|  68|0x0000000085200000, 0x0000000085200000, 0x0000000085300000|  0%| F|  |TAMS 0x0000000085200000, 0x0000000085200000| Untracked 
|  69|0x0000000085300000, 0x0000000085300000, 0x0000000085400000|  0%| F|  |TAMS 0x0000000085300000, 0x0000000085300000| Untracked 
|  70|0x0000000085400000, 0x0000000085400000, 0x0000000085500000|  0%| F|  |TAMS 0x0000000085400000, 0x0000000085400000| Untracked 
|  71|0x0000000085500000, 0x0000000085500000, 0x0000000085600000|  0%| F|  |TAMS 0x0000000085500000, 0x0000000085500000| Untracked 
|  72|0x0000000085600000, 0x0000000085600000, 0x0000000085700000|  0%| F|  |TAMS 0x0000000085600000, 0x0000000085600000| Untracked 
|  73|0x0000000085700000, 0x0000000085700000, 0x0000000085800000|  0%| F|  |TAMS 0x0000000085700000, 0x0000000085700000| Untracked 
|  74|0x0000000085800000, 0x0000000085800000, 0x0000000085900000|  0%| F|  |TAMS 0x0000000085800000, 0x0000000085800000| Untracked 
|  75|0x0000000085900000, 0x0000000085900000, 0x0000000085a00000|  0%| F|  |TAMS 0x0000000085900000, 0x0000000085900000| Untracked 
|  76|0x0000000085a00000, 0x0000000085a00000, 0x0000000085b00000|  0%| F|  |TAMS 0x0000000085a00000, 0x0000000085a00000| Untracked 
|  77|0x0000000085b00000, 0x0000000085b00000, 0x0000000085c00000|  0%| F|  |TAMS 0x0000000085b00000, 0x0000000085b00000| Untracked 
|  78|0x0000000085c00000, 0x0000000085c00000, 0x0000000085d00000|  0%| F|  |TAMS 0x0000000085c00000, 0x0000000085c00000| Untracked 
|  79|0x0000000085d00000, 0x0000000085d00000, 0x0000000085e00000|  0%| F|  |TAMS 0x0000000085d00000, 0x0000000085d00000| Untracked 
|  80|0x0000000085e00000, 0x0000000085e00000, 0x0000000085f00000|  0%| F|  |TAMS 0x0000000085e00000, 0x0000000085e00000| Untracked 
|  81|0x0000000085f00000, 0x0000000085f00000, 0x0000000086000000|  0%| F|  |TAMS 0x0000000085f00000, 0x0000000085f00000| Untracked 
|  82|0x0000000086000000, 0x0000000086000000, 0x0000000086100000|  0%| F|  |TAMS 0x0000000086000000, 0x0000000086000000| Untracked 
|  83|0x0000000086100000, 0x0000000086100000, 0x0000000086200000|  0%| F|  |TAMS 0x0000000086100000, 0x0000000086100000| Untracked 
|  84|0x0000000086200000, 0x0000000086200000, 0x0000000086300000|  0%| F|  |TAMS 0x0000000086200000, 0x0000000086200000| Untracked 
|  85|0x0000000086300000, 0x0000000086300000, 0x0000000086400000|  0%| F|  |TAMS 0x0000000086300000, 0x0000000086300000| Untracked 
|  86|0x0000000086400000, 0x0000000086400000, 0x0000000086500000|  0%| F|  |TAMS 0x0000000086400000, 0x0000000086400000| Untracked 
|  87|0x0000000086500000, 0x0000000086500000, 0x0000000086600000|  0%| F|  |TAMS 0x0000000086500000, 0x0000000086500000| Untracked 
|  88|0x0000000086600000, 0x0000000086600000, 0x0000000086700000|  0%| F|  |TAMS 0x0000000086600000, 0x0000000086600000| Untracked 
|  89|0x0000000086700000, 0x0000000086700000, 0x0000000086800000|  0%| F|  |TAMS 0x0000000086700000, 0x0000000086700000| Untracked 

Card table byte_map: [0x000001fbbba70000,0x000001fbbbe70000] _byte_map_base: 0x000001fbbb669000

Marking Bits (Prev, Next): (CMBitMap*) 0x000001fbaef20420, (CMBitMap*) 0x000001fbaef20460
 Prev Bits: [0x000001fbbc270000, 0x000001fbbe238000)
 Next Bits: [0x000001fbbe240000, 0x000001fbc0208000)

Polling page: 0x000001fbaef80000

Metaspace:

Usage:
  Non-class:     59.97 MB used.
      Class:      9.94 MB used.
       Both:     69.91 MB used.

Virtual space:
  Non-class space:       64.00 MB reserved,      60.25 MB ( 94%) committed,  1 nodes.
      Class space:        1.00 GB reserved,      10.25 MB (  1%) committed,  1 nodes.
             Both:        1.06 GB reserved,      70.50 MB (  6%) committed. 

Chunk freelists:
   Non-Class:  3.31 MB
       Class:  5.64 MB
        Both:  8.95 MB

MaxMetaspaceSize: unlimited
CompressedClassSpaceSize: 1.00 GB
Initial GC threshold: 21.00 MB
Current GC threshold: 117.19 MB
CDS: on
MetaspaceReclaimPolicy: balanced
 - commit_granule_bytes: 65536.
 - commit_granule_words: 8192.
 - virtual_space_node_default_size: 8388608.
 - enlarge_chunks_in_place: 1.
 - new_chunks_are_fully_committed: 0.
 - uncommit_free_chunks: 1.
 - use_allocation_guard: 0.
 - handle_deallocations: 1.


Internal statistics:

num_allocs_failed_limit: 9.
num_arena_births: 1162.
num_arena_deaths: 410.
num_vsnodes_births: 2.
num_vsnodes_deaths: 0.
num_space_committed: 1128.
num_space_uncommitted: 0.
num_chunks_returned_to_freelist: 498.
num_chunks_taken_from_freelist: 4084.
num_chunk_merges: 147.
num_chunk_splits: 2717.
num_chunks_enlarged: 2013.
num_inconsistent_stats: 0.

CodeCache: size=49152Kb used=18522Kb max_used=18749Kb free=30629Kb
 bounds [0x000001fbb81d0000, 0x000001fbb9420000, 0x000001fbbb1d0000]
 total_blobs=11185 nmethods=10502 adapters=608
 compilation: enabled
              stopped_count=0, restarted_count=0
 full_count=0

Compilation events (20 events):
Event: 391.889 Thread 0x000001fbc2835ef0 10493       1       ch.qos.logback.core.pattern.PatternLayoutBase::writeLoopOnConverters (39 bytes)
Event: 391.889 Thread 0x000001fbc2835ef0 nmethod 10493 0x000001fbb9226290 code [0x000001fbb9226460, 0x000001fbb9226798]
Event: 391.892 Thread 0x000001fbc2835ef0 10494       1       org.apache.catalina.loader.WebappLoader::getClassLoader (5 bytes)
Event: 391.892 Thread 0x000001fbc2835ef0 nmethod 10494 0x000001fbb9225f90 code [0x000001fbb9226120, 0x000001fbb92261f8]
Event: 391.896 Thread 0x000001fc083ec4e0 10495       1       java.net.URL::toURI (54 bytes)
Event: 391.896 Thread 0x000001fc083ec4e0 nmethod 10495 0x000001fbb9225410 code [0x000001fbb9225640, 0x000001fbb9225c58]
Event: 391.897 Thread 0x000001fbc2835ef0 10496       1       java.io.File::<init> (196 bytes)
Event: 391.897 Thread 0x000001fc083ec4e0 10497       1       java.io.WinNTFileSystem::fromURIPath (89 bytes)
Event: 391.897 Thread 0x000001fbc2835ef0 nmethod 10496 0x000001fbb9224690 code [0x000001fbb9224900, 0x000001fbb92250e8]
Event: 391.898 Thread 0x000001fc083ec4e0 nmethod 10497 0x000001fbb9223d90 code [0x000001fbb9223f80, 0x000001fbb9224388]
Event: 391.898 Thread 0x000001fbc2835ef0 10498       1       java.util.jar.JarFile::<init> (8 bytes)
Event: 391.898 Thread 0x000001fc083ec4e0 10499       1       java.util.jar.JarFile::<init> (11 bytes)
Event: 391.898 Thread 0x000001fbc2835ef0 nmethod 10498 0x000001fbb9223a90 code [0x000001fbb9223c20, 0x000001fbb9223d08]
Event: 391.898 Thread 0x000001fc083ec4e0 nmethod 10499 0x000001fbb9223790 code [0x000001fbb9223920, 0x000001fbb9223a08]
Event: 391.905 Thread 0x000001fc083ec4e0 10500       1       java.io.FilterInputStream::read (9 bytes)
Event: 391.905 Thread 0x000001fc083ec4e0 nmethod 10500 0x000001fbb9223410 code [0x000001fbb92235a0, 0x000001fbb92236a8]
Event: 391.906 Thread 0x000001fc083ec4e0 10501       1       org.springframework.beans.factory.support.ConstructorResolver$ConstructorDependencyDescriptor::resolveShortcut (25 bytes)
Event: 391.906 Thread 0x000001fc083ec4e0 nmethod 10501 0x000001fbb9223010 code [0x000001fbb92231c0, 0x000001fbb9223318]
Event: 391.909 Thread 0x000001fbc2835ef0 10502       1       sun.reflect.generics.tree.Wildcard::getUpperBounds (5 bytes)
Event: 391.909 Thread 0x000001fbc2835ef0 nmethod 10502 0x000001fbb9222d10 code [0x000001fbb9222ea0, 0x000001fbb9222f78]

GC Heap History (20 events):
Event: 4.619 GC heap after
{Heap after GC invocations=16 (full 0):
 garbage-first heap   total 81920K, used 27033K [0x0000000080e00000, 0x0000000100000000)
  region size 1024K, 4 young (4096K), 4 survivors (4096K)
 Metaspace       used 55944K, committed 56576K, reserved 1114112K
  class space    used 8091K, committed 8384K, reserved 1048576K
}
Event: 4.621 GC heap before
{Heap before GC invocations=16 (full 0):
 garbage-first heap   total 81920K, used 28057K [0x0000000080e00000, 0x0000000100000000)
  region size 1024K, 5 young (5120K), 4 survivors (4096K)
 Metaspace       used 55944K, committed 56576K, reserved 1114112K
  class space    used 8091K, committed 8384K, reserved 1048576K
}
Event: 4.624 GC heap after
{Heap after GC invocations=17 (full 0):
 garbage-first heap   total 81920K, used 26921K [0x0000000080e00000, 0x0000000100000000)
  region size 1024K, 1 young (1024K), 1 survivors (1024K)
 Metaspace       used 55944K, committed 56576K, reserved 1114112K
  class space    used 8091K, committed 8384K, reserved 1048576K
}
Event: 4.764 GC heap before
{Heap before GC invocations=17 (full 0):
 garbage-first heap   total 81920K, used 65833K [0x0000000080e00000, 0x0000000100000000)
  region size 1024K, 39 young (39936K), 1 survivors (1024K)
 Metaspace       used 56292K, committed 56896K, reserved 1114112K
  class space    used 8127K, committed 8384K, reserved 1048576K
}
Event: 4.767 GC heap after
{Heap after GC invocations=18 (full 0):
 garbage-first heap   total 205824K, used 27522K [0x0000000080e00000, 0x0000000100000000)
  region size 1024K, 1 young (1024K), 1 survivors (1024K)
 Metaspace       used 56292K, committed 56896K, reserved 1114112K
  class space    used 8127K, committed 8384K, reserved 1048576K
}
Event: 16.653 GC heap before
{Heap before GC invocations=18 (full 0):
 garbage-first heap   total 205824K, used 149378K [0x0000000080e00000, 0x0000000100000000)
  region size 1024K, 120 young (122880K), 1 survivors (1024K)
 Metaspace       used 66741K, committed 67392K, reserved 1114112K
  class space    used 9588K, committed 9856K, reserved 1048576K
}
Event: 16.662 GC heap after
{Heap after GC invocations=19 (full 0):
 garbage-first heap   total 205824K, used 36422K [0x0000000080e00000, 0x0000000100000000)
  region size 1024K, 10 young (10240K), 10 survivors (10240K)
 Metaspace       used 66741K, committed 67392K, reserved 1114112K
  class space    used 9588K, committed 9856K, reserved 1048576K
}
Event: 387.448 GC heap before
{Heap before GC invocations=19 (full 0):
 garbage-first heap   total 205824K, used 122438K [0x0000000080e00000, 0x0000000100000000)
  region size 1024K, 96 young (98304K), 10 survivors (10240K)
 Metaspace       used 70361K, committed 71040K, reserved 1114112K
  class space    used 10109K, committed 10432K, reserved 1048576K
}
Event: 387.489 GC heap after
{Heap after GC invocations=20 (full 1):
 garbage-first heap   total 112640K, used 31137K [0x0000000080e00000, 0x0000000100000000)
  region size 1024K, 0 young (0K), 0 survivors (0K)
 Metaspace       used 70309K, committed 71040K, reserved 1114112K
  class space    used 10101K, committed 10432K, reserved 1048576K
}
Event: 388.108 GC heap before
{Heap before GC invocations=20 (full 1):
 garbage-first heap   total 112640K, used 86433K [0x0000000080e00000, 0x0000000100000000)
  region size 1024K, 55 young (56320K), 0 survivors (0K)
 Metaspace       used 70685K, committed 71424K, reserved 1114112K
  class space    used 10149K, committed 10496K, reserved 1048576K
}
Event: 388.112 GC heap after
{Heap after GC invocations=21 (full 1):
 garbage-first heap   total 112640K, used 35956K [0x0000000080e00000, 0x0000000100000000)
  region size 1024K, 5 young (5120K), 5 survivors (5120K)
 Metaspace       used 70685K, committed 71424K, reserved 1114112K
  class space    used 10149K, committed 10496K, reserved 1048576K
}
Event: 388.433 GC heap before
{Heap before GC invocations=22 (full 1):
 garbage-first heap   total 112640K, used 87156K [0x0000000080e00000, 0x0000000100000000)
  region size 1024K, 55 young (56320K), 5 survivors (5120K)
 Metaspace       used 70772K, committed 71552K, reserved 1114112K
  class space    used 10110K, committed 10496K, reserved 1048576K
}
Event: 388.437 GC heap after
{Heap after GC invocations=23 (full 1):
 garbage-first heap   total 112640K, used 37923K [0x0000000080e00000, 0x0000000100000000)
  region size 1024K, 3 young (3072K), 3 survivors (3072K)
 Metaspace       used 70772K, committed 71552K, reserved 1114112K
  class space    used 10110K, committed 10496K, reserved 1048576K
}
Event: 388.441 GC heap before
{Heap before GC invocations=23 (full 1):
 garbage-first heap   total 112640K, used 39971K [0x0000000080e00000, 0x0000000100000000)
  region size 1024K, 5 young (5120K), 3 survivors (3072K)
 Metaspace       used 70772K, committed 71552K, reserved 1114112K
  class space    used 10110K, committed 10496K, reserved 1048576K
}
Event: 388.443 GC heap after
{Heap after GC invocations=24 (full 1):
 garbage-first heap   total 112640K, used 38480K [0x0000000080e00000, 0x0000000100000000)
  region size 1024K, 1 young (1024K), 1 survivors (1024K)
 Metaspace       used 70772K, committed 71552K, reserved 1114112K
  class space    used 10110K, committed 10496K, reserved 1048576K
}
Event: 388.674 GC heap before
{Heap before GC invocations=24 (full 1):
 garbage-first heap   total 112640K, used 88656K [0x0000000080e00000, 0x0000000100000000)
  region size 1024K, 50 young (51200K), 1 survivors (1024K)
 Metaspace       used 71223K, committed 71936K, reserved 1114112K
  class space    used 10139K, committed 10496K, reserved 1048576K
}
Event: 388.676 GC heap after
{Heap after GC invocations=25 (full 1):
 garbage-first heap   total 112640K, used 39313K [0x0000000080e00000, 0x0000000100000000)
  region size 1024K, 2 young (2048K), 2 survivors (2048K)
 Metaspace       used 71223K, committed 71936K, reserved 1114112K
  class space    used 10139K, committed 10496K, reserved 1048576K
}
Event: 391.446 GC heap before
{Heap before GC invocations=25 (full 1):
 garbage-first heap   total 112640K, used 76177K [0x0000000080e00000, 0x0000000100000000)
  region size 1024K, 39 young (39936K), 2 survivors (2048K)
 Metaspace       used 71344K, committed 72000K, reserved 1114112K
  class space    used 10150K, committed 10496K, reserved 1048576K
}
Event: 391.492 GC heap after
{Heap after GC invocations=26 (full 2):
 garbage-first heap   total 92160K, used 26563K [0x0000000080e00000, 0x0000000100000000)
  region size 1024K, 0 young (0K), 0 survivors (0K)
 Metaspace       used 71270K, committed 72000K, reserved 1114112K
  class space    used 10138K, committed 10496K, reserved 1048576K
}
Event: 391.914 GC heap before
{Heap before GC invocations=26 (full 2):
 garbage-first heap   total 92160K, used 73667K [0x0000000080e00000, 0x0000000100000000)
  region size 1024K, 46 young (47104K), 0 survivors (0K)
 Metaspace       used 71586K, committed 72192K, reserved 1114112K
  class space    used 10175K, committed 10496K, reserved 1048576K
}

Dll operation events (13 events):
Event: 0.008 Loaded shared library C:\Users\TranAnh computer\.jdks\corretto-17.0.9-1\bin\java.dll
Event: 0.034 Loaded shared library C:\Users\TranAnh computer\.jdks\corretto-17.0.9-1\bin\jsvml.dll
Event: 0.103 Loaded shared library C:\Users\TranAnh computer\.jdks\corretto-17.0.9-1\bin\zip.dll
Event: 0.105 Loaded shared library C:\Users\TranAnh computer\.jdks\corretto-17.0.9-1\bin\instrument.dll
Event: 0.109 Loaded shared library C:\Users\TranAnh computer\.jdks\corretto-17.0.9-1\bin\net.dll
Event: 0.111 Loaded shared library C:\Users\TranAnh computer\.jdks\corretto-17.0.9-1\bin\nio.dll
Event: 0.112 Loaded shared library C:\Users\TranAnh computer\.jdks\corretto-17.0.9-1\bin\zip.dll
Event: 0.169 Loaded shared library C:\Program Files\JetBrains\IntelliJ IDEA 2023.2.3\bin\breakgen64.dll
Event: 0.173 Loaded shared library C:\Users\TranAnh computer\.jdks\corretto-17.0.9-1\bin\jimage.dll
Event: 0.198 Loaded shared library C:\Users\TranAnh computer\.jdks\corretto-17.0.9-1\bin\management.dll
Event: 0.207 Loaded shared library C:\Users\TranAnh computer\.jdks\corretto-17.0.9-1\bin\management_ext.dll
Event: 2.661 Loaded shared library C:\Users\TranAnh computer\.jdks\corretto-17.0.9-1\bin\sunmscapi.dll
Event: 3.242 Loaded shared library C:\Users\TranAnh computer\.jdks\corretto-17.0.9-1\bin\verify.dll

Deoptimization events (12 events):
Event: 1.302 Thread 0x000001fc085d9980 DEOPT PACKING pc=0x000001fbb8713319 sp=0x000000265dbfc790
Event: 1.302 Thread 0x000001fc085d9980 DEOPT UNPACKING pc=0x000001fbb8227143 sp=0x000000265dbfbc70 mode 3
Event: 1.444 Thread 0x000001fc085d9980 DEOPT PACKING pc=0x000001fbb87650d5 sp=0x000000265dbfcbd0
Event: 1.444 Thread 0x000001fc085d9980 DEOPT UNPACKING pc=0x000001fbb8227143 sp=0x000000265dbfc078 mode 3
Event: 1.527 Thread 0x000001fc085d9980 DEOPT PACKING pc=0x000001fbb875bb1d sp=0x000000265dbfd560
Event: 1.527 Thread 0x000001fc085d9980 DEOPT UNPACKING pc=0x000001fbb8227143 sp=0x000000265dbfcac8 mode 3
Event: 2.329 Thread 0x000001fc085d9980 DEOPT PACKING pc=0x000001fbb8960399 sp=0x000000265dbfd130
Event: 2.329 Thread 0x000001fc085d9980 DEOPT UNPACKING pc=0x000001fbb8227143 sp=0x000000265dbfc610 mode 3
Event: 4.324 Thread 0x000001fc085d9980 DEOPT PACKING pc=0x000001fbb8725522 sp=0x000000265dbfb3d0
Event: 4.324 Thread 0x000001fc085d9980 DEOPT UNPACKING pc=0x000001fbb8227143 sp=0x000000265dbfa8d8 mode 3
Event: 4.389 Thread 0x000001fc085d9980 DEOPT PACKING pc=0x000001fbb872f5a4 sp=0x000000265dbfb9f0
Event: 4.389 Thread 0x000001fc085d9980 DEOPT UNPACKING pc=0x000001fbb8227143 sp=0x000000265dbfaf48 mode 0

Classes unloaded (20 events):
Event: 391.458 Thread 0x000001fbc280e1b0 Unloading class 0x000001fbc415bc00 'jdk/internal/reflect/GeneratedSerializationConstructorAccessor66'
Event: 391.458 Thread 0x000001fbc280e1b0 Unloading class 0x000001fbc4181800 'jdk/internal/reflect/GeneratedSerializationConstructorAccessor65'
Event: 391.458 Thread 0x000001fbc280e1b0 Unloading class 0x000001fbc4182c00 'jdk/internal/reflect/GeneratedSerializationConstructorAccessor64'
Event: 391.458 Thread 0x000001fbc280e1b0 Unloading class 0x000001fbc425c400 'jdk/internal/reflect/GeneratedSerializationConstructorAccessor63'
Event: 391.458 Thread 0x000001fbc280e1b0 Unloading class 0x000001fbc4298400 'jdk/internal/reflect/GeneratedSerializationConstructorAccessor62'
Event: 391.458 Thread 0x000001fbc280e1b0 Unloading class 0x000001fbc432c000 'jdk/internal/reflect/GeneratedSerializationConstructorAccessor61'
Event: 391.458 Thread 0x000001fbc280e1b0 Unloading class 0x000001fbc432cc00 'jdk/internal/reflect/GeneratedSerializationConstructorAccessor60'
Event: 391.458 Thread 0x000001fbc280e1b0 Unloading class 0x000001fbc432ec00 'jdk/internal/reflect/GeneratedSerializationConstructorAccessor59'
Event: 391.458 Thread 0x000001fbc280e1b0 Unloading class 0x000001fbc432f800 'jdk/internal/reflect/GeneratedSerializationConstructorAccessor58'
Event: 391.458 Thread 0x000001fbc280e1b0 Unloading class 0x000001fbc4a11400 'jdk/internal/reflect/GeneratedSerializationConstructorAccessor57'
Event: 391.458 Thread 0x000001fbc280e1b0 Unloading class 0x000001fbc4a11800 'jdk/internal/reflect/GeneratedSerializationConstructorAccessor56'
Event: 391.458 Thread 0x000001fbc280e1b0 Unloading class 0x000001fbc4a14c00 'jdk/internal/reflect/GeneratedSerializationConstructorAccessor55'
Event: 391.458 Thread 0x000001fbc280e1b0 Unloading class 0x000001fbc4a16000 'jdk/internal/reflect/GeneratedConstructorAccessor50'
Event: 391.458 Thread 0x000001fbc280e1b0 Unloading class 0x000001fbc4a15c00 'jdk/internal/reflect/GeneratedConstructorAccessor49'
Event: 391.458 Thread 0x000001fbc280e1b0 Unloading class 0x000001fbc4a15800 'jdk/internal/reflect/GeneratedConstructorAccessor48'
Event: 391.458 Thread 0x000001fbc280e1b0 Unloading class 0x000001fbc4a15400 'jdk/internal/reflect/GeneratedConstructorAccessor47'
Event: 391.458 Thread 0x000001fbc280e1b0 Unloading class 0x000001fbc4a13800 'jdk/internal/reflect/GeneratedMethodAccessor57'
Event: 391.458 Thread 0x000001fbc280e1b0 Unloading class 0x000001fbc4a10400 'jdk/internal/reflect/GeneratedConstructorAccessor45'
Event: 391.458 Thread 0x000001fbc280e1b0 Unloading class 0x000001fbc49f9c00 'jdk/internal/reflect/GeneratedConstructorAccessor44'
Event: 391.458 Thread 0x000001fbc280e1b0 Unloading class 0x000001fbc49f5000 'jdk/internal/reflect/GeneratedConstructorAccessor43'

Classes redefined (0 events):
No events

Internal exceptions (20 events):
Event: 388.453 Thread 0x000001fc0a4c7320 Exception <a 'java/lang/reflect/InvocationTargetException'{0x0000000087839018}> (0x0000000087839018) 
thrown [s\src\hotspot\share\runtime\reflection.cpp, line 1121]
Event: 388.454 Thread 0x000001fc0a4c7320 Exception <a 'java/lang/reflect/InvocationTargetException'{0x0000000087841680}> (0x0000000087841680) 
thrown [s\src\hotspot\share\runtime\reflection.cpp, line 1121]
Event: 388.455 Thread 0x000001fc0a4c7320 Exception <a 'java/lang/reflect/InvocationTargetException'{0x000000008784f850}> (0x000000008784f850) 
thrown [s\src\hotspot\share\runtime\reflection.cpp, line 1121]
Event: 388.456 Thread 0x000001fc0a4c7320 Exception <a 'java/lang/reflect/InvocationTargetException'{0x0000000087859890}> (0x0000000087859890) 
thrown [s\src\hotspot\share\runtime\reflection.cpp, line 1121]
Event: 388.787 Thread 0x000001fc0a4c7320 Exception <a 'sun/nio/fs/WindowsException'{0x0000000086cb2ac8}> (0x0000000086cb2ac8) 
thrown [s\src\hotspot\share\prims\jni.cpp, line 516]
Event: 391.441 Thread 0x000001fc0a4c4590 Exception <a 'java/lang/InterruptedException'{0x00000000853d9058}: sleep interrupted> (0x00000000853d9058) 
thrown [s\src\hotspot\share\prims\jvm.cpp, line 3064]
Event: 391.504 Thread 0x000001fc08e91e00 Exception <a 'sun/nio/fs/WindowsException'{0x00000000867b6e00}> (0x00000000867b6e00) 
thrown [s\src\hotspot\share\prims\jni.cpp, line 516]
Event: 391.522 Thread 0x000001fc08e91e00 Exception <a 'sun/nio/fs/WindowsException'{0x00000000865edfb0}> (0x00000000865edfb0) 
thrown [s\src\hotspot\share\prims\jni.cpp, line 516]
Event: 391.736 Thread 0x000001fc08e91e00 Exception <a 'sun/nio/fs/WindowsException'{0x0000000084e574d0}> (0x0000000084e574d0) 
thrown [s\src\hotspot\share\prims\jni.cpp, line 516]
Event: 391.761 Thread 0x000001fc08e91e00 Exception <a 'sun/nio/fs/WindowsException'{0x0000000084c2f798}> (0x0000000084c2f798) 
thrown [s\src\hotspot\share\prims\jni.cpp, line 516]
Event: 391.825 Thread 0x000001fc08e91e00 Exception <a 'java/lang/NoClassDefFoundError'{0x0000000084698650}: org/flywaydb/core/Flyway> (0x0000000084698650) 
thrown [s\src\hotspot\share\oops\constantPool.cpp, line 835]
Event: 391.825 Thread 0x000001fc08e91e00 Exception <a 'java/lang/NoClassDefFoundError'{0x0000000084698ca0}: liquibase/integration/spring/SpringLiquibase> (0x0000000084698ca0) 
thrown [s\src\hotspot\share\oops\constantPool.cpp, line 835]
Event: 391.831 Thread 0x000001fc08e91e00 Exception <a 'java/lang/NoClassDefFoundError'{0x000000008452ee78}: org/jooq/DSLContext> (0x000000008452ee78) 
thrown [s\src\hotspot\share\oops\constantPool.cpp, line 835]
Event: 391.832 Thread 0x000001fc08e91e00 Exception <a 'java/lang/NoClassDefFoundError'{0x0000000084549f88}: org/springframework/batch/core/repository/JobRepository> (0x0000000084549f88) 
thrown [s\src\hotspot\share\oops\constantPool.cpp, line 835]
Event: 391.832 Thread 0x000001fc08e91e00 Exception <a 'java/lang/NoClassDefFoundError'{0x000000008454a5d0}: org/quartz/Scheduler> (0x000000008454a5d0) 
thrown [s\src\hotspot\share\oops\constantPool.cpp, line 835]
Event: 391.832 Thread 0x000001fc08e91e00 Exception <a 'java/lang/NoClassDefFoundError'{0x000000008454ac40}: org/springframework/session/jdbc/JdbcIndexedSessionRepository> (0x000000008454ac40) 
thrown [s\src\hotspot\share\oops\constantPool.cpp, line 835]
Event: 391.888 Thread 0x000001fc08e91e00 Exception <a 'sun/nio/fs/WindowsException'{0x0000000083dfe538}> (0x0000000083dfe538) 
thrown [s\src\hotspot\share\prims\jni.cpp, line 516]
Event: 391.888 Thread 0x000001fc08e91e00 Exception <a 'sun/nio/fs/WindowsException'{0x0000000083dfec60}> (0x0000000083dfec60) 
thrown [s\src\hotspot\share\prims\jni.cpp, line 516]
Event: 391.888 Thread 0x000001fc08e91e00 Exception <a 'sun/nio/fs/WindowsException'{0x0000000083dff358}> (0x0000000083dff358) 
thrown [s\src\hotspot\share\prims\jni.cpp, line 516]
Event: 391.896 Thread 0x000001fc08e91e00 Exception <a 'java/io/FileNotFoundException'{0x0000000083c48480}> (0x0000000083c48480) 
thrown [s\src\hotspot\share\prims\jni.cpp, line 516]

VM Operations (20 events):
Event: 387.865 Executing VM operation: ICBufferFull done
Event: 388.107 Executing VM operation: G1CollectForAllocation
Event: 388.116 Executing VM operation: G1CollectForAllocation done
Event: 388.156 Executing VM operation: G1PauseRemark
Event: 388.164 Executing VM operation: G1PauseRemark done
Event: 388.182 Executing VM operation: G1PauseCleanup
Event: 388.183 Executing VM operation: G1PauseCleanup done
Event: 388.433 Executing VM operation: G1CollectForAllocation
Event: 388.437 Executing VM operation: G1CollectForAllocation done
Event: 388.441 Executing VM operation: G1CollectForAllocation
Event: 388.443 Executing VM operation: G1CollectForAllocation done
Event: 388.674 Executing VM operation: G1CollectForAllocation
Event: 388.676 Executing VM operation: G1CollectForAllocation done
Event: 389.683 Executing VM operation: Cleanup
Event: 389.683 Executing VM operation: Cleanup done
Event: 390.691 Executing VM operation: Cleanup
Event: 390.691 Executing VM operation: Cleanup done
Event: 391.446 Executing VM operation: G1CollectFull
Event: 391.492 Executing VM operation: G1CollectFull done
Event: 391.914 Executing VM operation: G1CollectForAllocation

Events (20 events):
Event: 391.440 Thread 0x000001fc0a4cafe0 Thread exited: 0x000001fc0a4cafe0
Event: 391.440 Thread 0x000001fc0a4c9ba0 Thread exited: 0x000001fc0a4c9ba0
Event: 391.440 Thread 0x000001fc0a4cb4f0 Thread exited: 0x000001fc0a4cb4f0
Event: 391.440 Thread 0x000001fc0a4ca5c0 Thread exited: 0x000001fc0a4ca5c0
Event: 391.440 Thread 0x000001fc0a4c9180 Thread exited: 0x000001fc0a4c9180
Event: 391.441 Thread 0x000001fc0a4c4aa0 Thread exited: 0x000001fc0a4c4aa0
Event: 391.441 Thread 0x000001fc0a4c6e10 Thread exited: 0x000001fc0a4c6e10
Event: 391.441 Thread 0x000001fc0a4c4590 Thread exited: 0x000001fc0a4c4590
Event: 391.441 Thread 0x000001fc0a4c7830 Thread exited: 0x000001fc0a4c7830
Event: 391.441 Thread 0x000001fc0a4c8760 Thread exited: 0x000001fc0a4c8760
Event: 391.443 Thread 0x000001fc08e918f0 Thread added: 0x000001fc08e918f0
Event: 391.444 Thread 0x000001fc0a4c9690 Thread exited: 0x000001fc0a4c9690
Event: 391.444 Thread 0x000001fc0a4c63f0 Thread exited: 0x000001fc0a4c63f0
Event: 391.445 Thread 0x000001fc08e918f0 Thread exited: 0x000001fc08e918f0
Event: 391.492 Thread 0x000001fc08e918f0 Thread added: 0x000001fc08e918f0
Event: 391.492 Thread 0x000001fc08e918f0 Thread exited: 0x000001fc08e918f0
Event: 391.492 Thread 0x000001fc08e91e00 Thread added: 0x000001fc08e91e00
Event: 391.505 Thread 0x000001fc083ec4e0 Thread added: 0x000001fc083ec4e0
Event: 391.558 Thread 0x000001fc08e918f0 Thread added: 0x000001fc08e918f0
Event: 391.573 Thread 0x000001fc08e918f0 Thread exited: 0x000001fc08e918f0


Dynamic libraries:
0x00007ff6288d0000 - 0x00007ff6288de000 	C:\Users\TranAnh computer\.jdks\corretto-17.0.9-1\bin\java.exe
0x00007ff82c270000 - 0x00007ff82c468000 	C:\WINDOWS\SYSTEM32\ntdll.dll
0x00007ff82bde0000 - 0x00007ff82be9d000 	C:\WINDOWS\System32\KERNEL32.DLL
0x00007ff829d40000 - 0x00007ff82a036000 	C:\WINDOWS\System32\KERNELBASE.dll
0x00007ff8299d0000 - 0x00007ff829ad0000 	C:\WINDOWS\System32\ucrtbase.dll
0x00007ffff0930000 - 0x00007ffff094b000 	C:\Users\TranAnh computer\.jdks\corretto-17.0.9-1\bin\VCRUNTIME140.dll
0x00007ffff0950000 - 0x00007ffff0967000 	C:\Users\TranAnh computer\.jdks\corretto-17.0.9-1\bin\jli.dll
0x00007ff82bea0000 - 0x00007ff82c03e000 	C:\WINDOWS\System32\USER32.dll
0x00007ff829bf0000 - 0x00007ff829c12000 	C:\WINDOWS\System32\win32u.dll
0x00007ff82a2d0000 - 0x00007ff82a2fc000 	C:\WINDOWS\System32\GDI32.dll
0x00007ff81a030000 - 0x00007ff81a2ca000 	C:\WINDOWS\WinSxS\amd64_microsoft.windows.common-controls_6595b64144ccf1df_6.0.19041.3636_none_60b6a03d71f818d5\COMCTL32.dll
0x00007ff829ad0000 - 0x00007ff829bea000 	C:\WINDOWS\System32\gdi32full.dll
0x00007ff82ae60000 - 0x00007ff82aefe000 	C:\WINDOWS\System32\msvcrt.dll
0x00007ff82a040000 - 0x00007ff82a0dd000 	C:\WINDOWS\System32\msvcp_win.dll
0x00007ff82a420000 - 0x00007ff82a450000 	C:\WINDOWS\System32\IMM32.DLL
0x00007ff815d40000 - 0x00007ff815d4c000 	C:\Users\TranAnh computer\.jdks\corretto-17.0.9-1\bin\vcruntime140_1.dll
0x00007fffed2a0000 - 0x00007fffed32d000 	C:\Users\TranAnh computer\.jdks\corretto-17.0.9-1\bin\msvcp140.dll
0x00007fffd1bb0000 - 0x00007fffd2811000 	C:\Users\TranAnh computer\.jdks\corretto-17.0.9-1\bin\server\jvm.dll
0x00007ff82afb0000 - 0x00007ff82b05f000 	C:\WINDOWS\System32\ADVAPI32.dll
0x00007ff82adc0000 - 0x00007ff82ae5c000 	C:\WINDOWS\System32\sechost.dll
0x00007ff82b370000 - 0x00007ff82b496000 	C:\WINDOWS\System32\RPCRT4.dll
0x00007ff829320000 - 0x00007ff82936b000 	C:\WINDOWS\SYSTEM32\POWRPROF.dll
0x00007ff81baa0000 - 0x00007ff81baa9000 	C:\WINDOWS\SYSTEM32\WSOCK32.dll
0x00007ff82bd70000 - 0x00007ff82bddb000 	C:\WINDOWS\System32\WS2_32.dll
0x00007ff81e740000 - 0x00007ff81e767000 	C:\WINDOWS\SYSTEM32\WINMM.dll
0x00007ff824ad0000 - 0x00007ff824ada000 	C:\WINDOWS\SYSTEM32\VERSION.dll
0x00007ff8292d0000 - 0x00007ff8292e2000 	C:\WINDOWS\SYSTEM32\UMPDC.dll
0x00007ff827740000 - 0x00007ff827752000 	C:\WINDOWS\SYSTEM32\kernel.appcore.dll
0x00007ff815d30000 - 0x00007ff815d3a000 	C:\Users\TranAnh computer\.jdks\corretto-17.0.9-1\bin\jimage.dll
0x00007ff823aa0000 - 0x00007ff823c84000 	C:\WINDOWS\SYSTEM32\DBGHELP.DLL
0x00007ff823600000 - 0x00007ff823634000 	C:\WINDOWS\SYSTEM32\dbgcore.DLL
0x00007ff82a240000 - 0x00007ff82a2c2000 	C:\WINDOWS\System32\bcryptPrimitives.dll
0x00007ff8257e0000 - 0x00007ff8257ee000 	C:\Users\TranAnh computer\.jdks\corretto-17.0.9-1\bin\instrument.dll
0x00007ff815650000 - 0x00007ff815675000 	C:\Users\TranAnh computer\.jdks\corretto-17.0.9-1\bin\java.dll
0x00007fffd4950000 - 0x00007fffd4a27000 	C:\Users\TranAnh computer\.jdks\corretto-17.0.9-1\bin\jsvml.dll
0x00007ff82a540000 - 0x00007ff82ac85000 	C:\WINDOWS\System32\SHELL32.dll
0x00007ff827a30000 - 0x00007ff8281cb000 	C:\WINDOWS\SYSTEM32\windows.storage.dll
0x00007ff82ba10000 - 0x00007ff82bd64000 	C:\WINDOWS\System32\combase.dll
0x00007ff829390000 - 0x00007ff8293bd000 	C:\WINDOWS\SYSTEM32\Wldp.dll
0x00007ff82af00000 - 0x00007ff82afad000 	C:\WINDOWS\System32\SHCORE.dll
0x00007ff82b9b0000 - 0x00007ff82ba05000 	C:\WINDOWS\System32\shlwapi.dll
0x00007ff829880000 - 0x00007ff8298a5000 	C:\WINDOWS\SYSTEM32\profapi.dll
0x00007ffff0910000 - 0x00007ffff0928000 	C:\Users\TranAnh computer\.jdks\corretto-17.0.9-1\bin\zip.dll
0x00007ff8153a0000 - 0x00007ff8153b9000 	C:\Users\TranAnh computer\.jdks\corretto-17.0.9-1\bin\net.dll
0x00007ff823e40000 - 0x00007ff823f4a000 	C:\WINDOWS\SYSTEM32\WINHTTP.dll
0x00007ff829080000 - 0x00007ff8290ea000 	C:\WINDOWS\system32\mswsock.dll
0x00007ff815380000 - 0x00007ff815396000 	C:\Users\TranAnh computer\.jdks\corretto-17.0.9-1\bin\nio.dll
0x00007ff8250d0000 - 0x00007ff8250ea000 	C:\Program Files\JetBrains\IntelliJ IDEA 2023.2.3\bin\breakgen64.dll
0x00007ff828d50000 - 0x00007ff828e1a000 	C:\WINDOWS\SYSTEM32\DNSAPI.dll
0x00007ff828d10000 - 0x00007ff828d4b000 	C:\WINDOWS\SYSTEM32\IPHLPAPI.DLL
0x00007ff82b060000 - 0x00007ff82b068000 	C:\WINDOWS\System32\NSI.dll
0x00007ff8212d0000 - 0x00007ff8212da000 	C:\Windows\System32\rasadhlp.dll
0x00007ff8213d0000 - 0x00007ff821450000 	C:\WINDOWS\System32\fwpuclnt.dll
0x00007ff8299a0000 - 0x00007ff8299c7000 	C:\WINDOWS\System32\bcrypt.dll
0x00007ff825470000 - 0x00007ff825479000 	C:\Users\TranAnh computer\.jdks\corretto-17.0.9-1\bin\management.dll
0x00007ff825410000 - 0x00007ff82541b000 	C:\Users\TranAnh computer\.jdks\corretto-17.0.9-1\bin\management_ext.dll
0x00007ff82b9a0000 - 0x00007ff82b9a8000 	C:\WINDOWS\System32\PSAPI.DLL
0x00007ff829270000 - 0x00007ff829288000 	C:\WINDOWS\SYSTEM32\CRYPTSP.dll
0x00007ff828950000 - 0x00007ff828984000 	C:\WINDOWS\system32\rsaenh.dll
0x00007ff829840000 - 0x00007ff82986e000 	C:\WINDOWS\SYSTEM32\USERENV.dll
0x00007ff829290000 - 0x00007ff82929c000 	C:\WINDOWS\SYSTEM32\CRYPTBASE.dll
0x00007ff8244c0000 - 0x00007ff8244d7000 	C:\WINDOWS\SYSTEM32\dhcpcsvc6.DLL
0x00007ff824ae0000 - 0x00007ff824afd000 	C:\WINDOWS\SYSTEM32\dhcpcsvc.DLL
0x00007ff818ed0000 - 0x00007ff818ee7000 	C:\WINDOWS\system32\napinsp.dll
0x00007ff818e70000 - 0x00007ff818e8b000 	C:\WINDOWS\system32\pnrpnsp.dll
0x00007ff818c60000 - 0x00007ff818c75000 	C:\WINDOWS\system32\wshbth.dll
0x00007ff825000000 - 0x00007ff82501d000 	C:\WINDOWS\system32\NLAapi.dll
0x00007ff818e50000 - 0x00007ff818e62000 	C:\WINDOWS\System32\winrnr.dll
0x00007ff825060000 - 0x00007ff82506e000 	C:\Users\TranAnh computer\.jdks\corretto-17.0.9-1\bin\sunmscapi.dll
0x00007ff82a0e0000 - 0x00007ff82a23d000 	C:\WINDOWS\System32\CRYPT32.dll
0x00007ff829400000 - 0x00007ff829427000 	C:\WINDOWS\SYSTEM32\ncrypt.dll
0x00007ff8293c0000 - 0x00007ff8293fb000 	C:\WINDOWS\SYSTEM32\NTASN1.dll
0x00007fffd7ab0000 - 0x00007fffd7ac0000 	C:\Users\TranAnh computer\.jdks\corretto-17.0.9-1\bin\verify.dll
0x00007ff818e90000 - 0x00007ff818e97000 	C:\WINDOWS\system32\wshunix.dll

dbghelp: loaded successfully - version: 4.0.5 - missing functions: none
symbol engine: initialized successfully - sym options: 0x614 - pdb path: .;C:\Users\TranAnh computer\.jdks\corretto-17.0.9-1\bin;C:\WINDOWS\SYSTEM32;C:\WINDOWS\WinSxS\amd64_microsoft.windows.common-controls_6595b64144ccf1df_6.0.19041.3636_none_60b6a03d71f818d5;C:\Users\TranAnh computer\.jdks\corretto-17.0.9-1\bin\server;C:\Program Files\JetBrains\IntelliJ IDEA 2023.2.3\bin

VM Arguments:
jvm_args: -XX:TieredStopAtLevel=1 -Dspring.output.ansi.enabled=always -Dcom.sun.management.jmxremote -Dspring.jmx.enabled=true -Dspring.liveBeansView.mbeanDomain -Dspring.application.admin.enabled=true -Dmanagement.endpoints.jmx.exposure.include=* -javaagent:C:\Program Files\JetBrains\IntelliJ IDEA 2023.2.3\lib\idea_rt.jar=54963:C:\Program Files\JetBrains\IntelliJ IDEA 2023.2.3\bin -Dfile.encoding=UTF-8 
java_command: project.fashion.FashionApplication
java_class_path (initial): C:\Users\TranAnh computer\IdeaProjects\fashion\target\classes;C:\Users\TranAnh computer\.m2\repository\org\springframework\boot\spring-boot-starter-data-jpa\3.1.5\spring-boot-starter-data-jpa-3.1.5.jar;C:\Users\TranAnh computer\.m2\repository\org\springframework\boot\spring-boot-starter-aop\3.1.5\spring-boot-starter-aop-3.1.5.jar;C:\Users\TranAnh computer\.m2\repository\org\aspectj\aspectjweaver\1.9.20\aspectjweaver-1.9.20.jar;C:\Users\TranAnh computer\.m2\repository\org\springframework\boot\spring-boot-starter-jdbc\3.1.5\spring-boot-starter-jdbc-3.1.5.jar;C:\Users\TranAnh computer\.m2\repository\com\zaxxer\HikariCP\5.0.1\HikariCP-5.0.1.jar;C:\Users\TranAnh computer\.m2\repository\org\springframework\spring-jdbc\6.0.13\spring-jdbc-6.0.13.jar;C:\Users\TranAnh computer\.m2\repository\org\springframework\data\spring-data-jpa\3.1.5\spring-data-jpa-3.1.5.jar;C:\Users\TranAnh computer\.m2\repository\org\springframework\data\spring-data-commons\3.1.5\spring-data-commons-3.1.5.jar;C:\Users\TranAnh computer\.m2\repository\org\springframework\spring-orm\6.0.13\spring-orm-6.0.13.jar;C:\Users\TranAnh computer\.m2\repository\org\springframework\spring-tx\6.0.13\spring-tx-6.0.13.jar;C:\Users\TranAnh computer\.m2\repository\jakarta\annotation\jakarta.annotation-api\2.1.1\jakarta.annotation-api-2.1.1.jar;C:\Users\TranAnh computer\.m2\repository\org\springframework\spring-aspects\6.0.13\spring-aspects-6.0.13.jar;C:\Users\TranAnh computer\.m2\repository\org\springframework\boot\spring-boot-starter-thymeleaf\3.1.5\spring-boot-starter-thymeleaf-3.1.5.jar;C:\Users\TranAnh computer\.m2\repository\org\springframework\boot\spring-boot-starter\3.1.5\spring-boot-starter-3.1.5.jar;C:\Users\TranAnh computer\.m2\repository\org\springframework\boot\spring-boot-starter-logging\3.1.5\spring-boot-starter-logging-3.1.5.jar;C:\Users\TranAnh computer\.m2\repository\ch\qos\logback\logback-classic\1.4.11\logback-classic-1.4.11.jar;C:\Users\TranAnh computer\.m2\repository\ch\
Launcher Type: SUN_STANDARD

[Global flags]
     intx CICompilerCount                          = 3                                         {product} {ergonomic}
     uint ConcGCThreads                            = 1                                         {product} {ergonomic}
     uint G1ConcRefinementThreads                  = 4                                         {product} {ergonomic}
   size_t G1HeapRegionSize                         = 1048576                                   {product} {ergonomic}
    uintx GCDrainStackTargetSize                   = 64                                        {product} {ergonomic}
   size_t InitialHeapSize                          = 134217728                                 {product} {ergonomic}
     bool ManagementServer                         = true                                      {product} {command line}
   size_t MarkStackSize                            = 4194304                                   {product} {ergonomic}
   size_t MaxHeapSize                              = 2132803584                                {product} {ergonomic}
   size_t MaxNewSize                               = 1279262720                                {product} {ergonomic}
   size_t MinHeapDeltaBytes                        = 1048576                                   {product} {ergonomic}
   size_t MinHeapSize                              = 8388608                                   {product} {ergonomic}
    uintx NonProfiledCodeHeapSize                  = 0                                      {pd product} {ergonomic}
     bool ProfileInterpreter                       = false                                  {pd product} {command line}
    uintx ProfiledCodeHeapSize                     = 0                                      {pd product} {ergonomic}
   size_t SoftMaxHeapSize                          = 2132803584                             {manageable} {ergonomic}
     intx TieredStopAtLevel                        = 1                                         {product} {command line}
     bool UseCompressedClassPointers               = true                           {product lp64_product} {ergonomic}
     bool UseCompressedOops                        = true                           {product lp64_product} {ergonomic}
     bool UseG1GC                                  = true                                      {product} {ergonomic}
     bool UseLargePagesIndividualAllocation        = false                                  {pd product} {ergonomic}

Logging:
Log output configuration:
 #0: stdout all=warning uptime,level,tags
 #1: stderr all=off uptime,level,tags

Environment Variables:
PATH=C:\WINDOWS\system32;C:\WINDOWS;C:\WINDOWS\System32\Wbem;C:\WINDOWS\System32\WindowsPowerShell\v1.0\;C:\WINDOWS\System32\OpenSSH\;C:\Program Files\Git\cmd;C:\Users\TranAnh computer\AppData\Local\Microsoft\WindowsApps;;C:\Users\TranAnh computer\AppData\Local\Programs\Microsoft VS Code\bin
USERNAME=TranAnh computer
OS=Windows_NT
PROCESSOR_IDENTIFIER=Intel64 Family 6 Model 158 Stepping 11, GenuineIntel
TMP=C:\Users\TRANAN~1\AppData\Local\Temp
TEMP=C:\Users\TRANAN~1\AppData\Local\Temp



Periodic native trim disabled


---------------  S Y S T E M  ---------------

OS:
 Windows 10 , 64 bit Build 19041 (10.0.19041.3636)
OS uptime: 10 days 1:39 hours

CPU: total 4 (initial active 4) (4 cores per cpu, 1 threads per core) family 6 model 158 stepping 11 microcode 0xb4, cx8, cmov, fxsr, mmx, 3dnowpref, sse, sse2, sse3, ssse3, sse4.1, sse4.2, popcnt, lzcnt, tsc, tscinvbit, avx, avx2, aes, erms, clmul, bmi1, bmi2, adx, fma, vzeroupper, clflush, clflushopt
Processor Information for all 4 processors :
  Max Mhz: 3600, Current Mhz: 3600, Mhz Limit: 3600

Memory: 4k page, system-wide physical 8130M (1008M free)
TotalPageFile size 12130M (AvailPageFile size 67M)
current process WorkingSet (physical memory assigned to process): 253M, peak: 361M
current process commit charge ("private bytes"): 286M, peak: 408M

vm_info: OpenJDK 64-Bit Server VM (17.0.9+8-LTS) for windows-amd64 JRE (17.0.9+8-LTS), built on Oct 12 2023 16:15:33 by "Administrator" with MS VC++ 16.10 / 16.11 (VS2019)

END.
