#
# There is insufficient memory for the Java Runtime Environment to continue.
# Native memory allocation (mmap) failed to map 182452224 bytes for G1 virtual space
# Possible reasons:
#   The system is out of physical RAM or swap space
#   The process is running with CompressedOops enabled, and the Java Heap may be blocking the growth of the native heap
# Possible solutions:
#   Reduce memory load on the system
#   Increase physical memory or swap space
#   Check if swap backing store is full
#   Decrease Java heap size (-Xmx/-Xms)
#   Decrease number of Java threads
#   Decrease Java thread stack sizes (-Xss)
#   Set larger code cache with -XX:ReservedCodeCacheSize=
#   JVM is running with Unscaled Compressed Oops mode in which the Java heap is
#     placed in the first 4GB address space. The Java Heap base address is the
#     maximum limit for the native heap growth. Please use -XX:HeapBaseMinAddress
#     to set the Java Heap base and to place the Java Heap above 4GB virtual address.
# This output file may be truncated or incomplete.
#
#  Out of Memory Error (os_windows.cpp:3613), pid=2540, tid=8248
#
# JRE version: OpenJDK Runtime Environment Corretto-17.0.9.8.1 (17.0.9+8) (build 17.0.9+8-LTS)
# Java VM: OpenJDK 64-Bit Server VM Corretto-17.0.9.8.1 (17.0.9+8-LTS, mixed mode, emulated-client, sharing, tiered, compressed oops, compressed class ptrs, g1 gc, windows-amd64)
# No core dump will be written. Minidumps are not enabled by default on client versions of Windows
#

---------------  S U M M A R Y ------------

Command Line: -XX:TieredStopAtLevel=1 -Dspring.output.ansi.enabled=always -Dcom.sun.management.jmxremote -Dspring.jmx.enabled=true -Dspring.liveBeansView.mbeanDomain -Dspring.application.admin.enabled=true -Dmanagement.endpoints.jmx.exposure.include=* -javaagent:C:\Program Files\JetBrains\IntelliJ IDEA 2023.2.3\lib\idea_rt.jar=56630:C:\Program Files\JetBrains\IntelliJ IDEA 2023.2.3\bin -Dfile.encoding=UTF-8 project.fashion.FashionApplication

Host: Intel(R) Core(TM) i3-9100F CPU @ 3.60GHz, 4 cores, 7G,  Windows 10 , 64 bit Build 19041 (10.0.19041.3636)
Time: Thu Jan 18 00:10:07 2024 SE Asia Standard Time elapsed time: 6160.028854 seconds (0d 1h 42m 40s)

---------------  T H R E A D  ---------------

Current thread (0x000001e0d6a811d0):  VMThread "VM Thread" [stack: 0x000000b6c3100000,0x000000b6c3200000] [id=8248]

Stack: [0x000000b6c3100000,0x000000b6c3200000]
Native frames: (J=compiled Java code, j=interpreted, Vv=VM code, C=native code)
V  [jvm.dll+0x67cb49]
V  [jvm.dll+0x8344da]
V  [jvm.dll+0x835f9e]
V  [jvm.dll+0x836603]
V  [jvm.dll+0x247b5f]
V  [jvm.dll+0x679969]
V  [jvm.dll+0x66e2ba]
V  [jvm.dll+0x307a5b]
V  [jvm.dll+0x30ef06]
V  [jvm.dll+0x35ecee]
V  [jvm.dll+0x35ef1f]
V  [jvm.dll+0x2de658]
V  [jvm.dll+0x2dc834]
V  [jvm.dll+0x2dbe3c]
V  [jvm.dll+0x31fedb]
V  [jvm.dll+0x83aafb]
V  [jvm.dll+0x83b841]
V  [jvm.dll+0x83bd5d]
V  [jvm.dll+0x83c134]
V  [jvm.dll+0x83c200]
V  [jvm.dll+0x7e396a]
V  [jvm.dll+0x67ba35]
C  [ucrtbase.dll+0x21bb2]
C  [KERNEL32.DLL+0x17344]
C  [ntdll.dll+0x526b1]

VM_Operation (0x000000b6c54f6810): G1CollectForAllocation, mode: safepoint, requested by thread 0x000001e0ddb2c690


---------------  P R O C E S S  ---------------

Threads class SMR info:
_java_thread_list=0x000001e0dde386a0, length=39, elements={
0x000001e0d6a8aab0, 0x000001e0d6a8b930, 0x000001e0d6a9b3e0, 0x000001e0d6a9d110,
0x000001e0d6aa0af0, 0x000001e0d6aa14b0, 0x000001e0d6aa5f30, 0x000001e0d6aa7940,
0x000001e0d6a71290, 0x000001e0db3fa980, 0x000001e0db3fce70, 0x000001e0db5c6ed0,
0x000001e0dbbf0b90, 0x000001e0dc0e34d0, 0x000001e0dca41580, 0x000001e0dca44310,
0x000001e0ddb2dad0, 0x000001e0ddb2d0b0, 0x000001e0ddb27590, 0x000001e0ddb27080,
0x000001e0ddb2bc70, 0x000001e0ddb29900, 0x000001e0ddb2ad40, 0x000001e0ddb2a830,
0x000001e0ddb27fb0, 0x000001e0ddb2e4f0, 0x000001e0ddb2c180, 0x000001e0ddb284c0,
0x000001e0ddb289d0, 0x000001e0ddb28ee0, 0x000001e0ddb2c690, 0x000001e0ddb2cba0,
0x000001e0ddb2d5c0, 0x000001e0dca44d30, 0x000001e0dca41a90, 0x000001e0dca429c0,
0x000001e0dca45240, 0x000001e0dde2ba60, 0x000001e0dde23080
}

Java Threads: ( => current thread )
  0x000001e0d6a8aab0 JavaThread "Reference Handler" daemon [_thread_blocked, id=9592, stack(0x000000b6c3200000,0x000000b6c3300000)]
  0x000001e0d6a8b930 JavaThread "Finalizer" daemon [_thread_blocked, id=12272, stack(0x000000b6c3300000,0x000000b6c3400000)]
  0x000001e0d6a9b3e0 JavaThread "Signal Dispatcher" daemon [_thread_blocked, id=9704, stack(0x000000b6c3400000,0x000000b6c3500000)]
  0x000001e0d6a9d110 JavaThread "Attach Listener" daemon [_thread_blocked, id=13296, stack(0x000000b6c3500000,0x000000b6c3600000)]
  0x000001e0d6aa0af0 JavaThread "Service Thread" daemon [_thread_blocked, id=5092, stack(0x000000b6c3600000,0x000000b6c3700000)]
  0x000001e0d6aa14b0 JavaThread "Monitor Deflation Thread" daemon [_thread_blocked, id=9020, stack(0x000000b6c3700000,0x000000b6c3800000)]
  0x000001e0d6aa5f30 JavaThread "C1 CompilerThread0" daemon [_thread_blocked, id=10636, stack(0x000000b6c3800000,0x000000b6c3900000)]
  0x000001e0d6aa7940 JavaThread "Sweeper thread" daemon [_thread_blocked, id=8128, stack(0x000000b6c3900000,0x000000b6c3a00000)]
  0x000001e0d6a71290 JavaThread "Common-Cleaner" daemon [_thread_blocked, id=6016, stack(0x000000b6c3a00000,0x000000b6c3b00000)]
  0x000001e0db3fa980 JavaThread "Monitor Ctrl-Break" daemon [_thread_in_native, id=6340, stack(0x000000b6c3d00000,0x000000b6c3e00000)]
  0x000001e0db3fce70 JavaThread "Notification Thread" daemon [_thread_blocked, id=11764, stack(0x000000b6c3e00000,0x000000b6c3f00000)]
  0x000001e0db5c6ed0 JavaThread "RMI TCP Accept-0" daemon [_thread_in_native, id=6488, stack(0x000000b6c3f00000,0x000000b6c4000000)]
  0x000001e0dbbf0b90 JavaThread "RMI Scheduler(0)" daemon [_thread_blocked, id=4120, stack(0x000000b6c4800000,0x000000b6c4900000)]
  0x000001e0dc0e34d0 JavaThread "mysql-cj-abandoned-connection-cleanup" daemon [_thread_blocked, id=9884, stack(0x000000b6c4700000,0x000000b6c4800000)]
  0x000001e0dca41580 JavaThread "Live Reload Server" daemon [_thread_in_native, id=8124, stack(0x000000b6c5200000,0x000000b6c5300000)]
  0x000001e0dca44310 JavaThread "DestroyJavaVM" [_thread_blocked, id=10932, stack(0x000000b6c2b00000,0x000000b6c2c00000)]
  0x000001e0ddb2dad0 JavaThread "File Watcher" daemon [_thread_blocked, id=12804, stack(0x000000b6c3b00000,0x000000b6c3c00000)]
  0x000001e0ddb2d0b0 JavaThread "File Watcher" daemon [_thread_blocked, id=4224, stack(0x000000b6c4500000,0x000000b6c4600000)]
  0x000001e0ddb27590 JavaThread "File Watcher" daemon [_thread_blocked, id=5656, stack(0x000000b6c4600000,0x000000b6c4700000)]
  0x000001e0ddb27080 JavaThread "HikariPool-57 housekeeper" daemon [_thread_blocked, id=9424, stack(0x000000b6c3c00000,0x000000b6c3d00000)]
  0x000001e0ddb2bc70 JavaThread "Catalina-utility-1" [_thread_blocked, id=6100, stack(0x000000b6c4900000,0x000000b6c4a00000)]
  0x000001e0ddb29900 JavaThread "Catalina-utility-2" [_thread_blocked, id=3748, stack(0x000000b6c4a00000,0x000000b6c4b00000)]
  0x000001e0ddb2ad40 JavaThread "container-3" [_thread_blocked, id=5412, stack(0x000000b6c4b00000,0x000000b6c4c00000)]
  0x000001e0ddb2a830 JavaThread "HikariPool-57 connection adder" daemon [_thread_blocked, id=2360, stack(0x000000b6c4c00000,0x000000b6c4d00000)]
  0x000001e0ddb27fb0 JavaThread "File Watcher" daemon [_thread_blocked, id=2484, stack(0x000000b6c4d00000,0x000000b6c4e00000)]
  0x000001e0ddb2e4f0 JavaThread "http-nio-8080-exec-1" daemon [_thread_blocked, id=9688, stack(0x000000b6c4e00000,0x000000b6c4f00000)]
  0x000001e0ddb2c180 JavaThread "http-nio-8080-exec-2" daemon [_thread_blocked, id=5524, stack(0x000000b6c4f00000,0x000000b6c5000000)]
  0x000001e0ddb284c0 JavaThread "http-nio-8080-exec-3" daemon [_thread_blocked, id=10988, stack(0x000000b6c5000000,0x000000b6c5100000)]
  0x000001e0ddb289d0 JavaThread "http-nio-8080-exec-4" daemon [_thread_blocked, id=2624, stack(0x000000b6c5100000,0x000000b6c5200000)]
  0x000001e0ddb28ee0 JavaThread "http-nio-8080-exec-5" daemon [_thread_blocked, id=4740, stack(0x000000b6c5300000,0x000000b6c5400000)]
  0x000001e0ddb2c690 JavaThread "http-nio-8080-exec-6" daemon [_thread_blocked, id=11928, stack(0x000000b6c5400000,0x000000b6c5500000)]
  0x000001e0ddb2cba0 JavaThread "http-nio-8080-exec-7" daemon [_thread_blocked, id=3276, stack(0x000000b6c5500000,0x000000b6c5600000)]
  0x000001e0ddb2d5c0 JavaThread "http-nio-8080-exec-8" daemon [_thread_blocked, id=6000, stack(0x000000b6c5600000,0x000000b6c5700000)]
  0x000001e0dca44d30 JavaThread "http-nio-8080-exec-9" daemon [_thread_blocked, id=12596, stack(0x000000b6c5700000,0x000000b6c5800000)]
  0x000001e0dca41a90 JavaThread "http-nio-8080-exec-10" daemon [_thread_blocked, id=12540, stack(0x000000b6c5800000,0x000000b6c5900000)]
  0x000001e0dca429c0 JavaThread "http-nio-8080-Poller" daemon [_thread_blocked, id=5272, stack(0x000000b6c5900000,0x000000b6c5a00000)]
  0x000001e0dca45240 JavaThread "http-nio-8080-Acceptor" daemon [_thread_in_native, id=1084, stack(0x000000b6c5a00000,0x000000b6c5b00000)]
  0x000001e0dde2ba60 JavaThread "C1 CompilerThread1" daemon [_thread_blocked, id=4896, stack(0x000000b6c2800000,0x000000b6c2900000)]
  0x000001e0dde23080 JavaThread "C1 CompilerThread2" daemon [_thread_blocked, id=12728, stack(0x000000b6c2a00000,0x000000b6c2b00000)]

Other Threads:
=>0x000001e0d6a811d0 VMThread "VM Thread" [stack: 0x000000b6c3100000,0x000000b6c3200000] [id=8248]
  0x000001e0c50485e0 WatcherThread [stack: 0x000000b6c4000000,0x000000b6c4100000] [id=2452]
  0x000001e0c50a2ff0 GCTaskThread "GC Thread#0" [stack: 0x000000b6c2c00000,0x000000b6c2d00000] [id=12740]
  0x000001e0db7662d0 GCTaskThread "GC Thread#1" [stack: 0x000000b6c4100000,0x000000b6c4200000] [id=5240]
  0x000001e0db766590 GCTaskThread "GC Thread#2" [stack: 0x000000b6c4200000,0x000000b6c4300000] [id=1944]
  0x000001e0db7bfaf0 GCTaskThread "GC Thread#3" [stack: 0x000000b6c4300000,0x000000b6c4400000] [id=9052]
  0x000001e0c50b3d80 ConcurrentGCThread "G1 Main Marker" [stack: 0x000000b6c2d00000,0x000000b6c2e00000] [id=11452]
  0x000001e0c50b4f40 ConcurrentGCThread "G1 Conc#0" [stack: 0x000000b6c2e00000,0x000000b6c2f00000] [id=11896]
  0x000001e0d69420c0 ConcurrentGCThread "G1 Refine#0" [stack: 0x000000b6c2f00000,0x000000b6c3000000] [id=9836]
  0x000001e0db772fb0 ConcurrentGCThread "G1 Refine#1" [stack: 0x000000b6c4400000,0x000000b6c4500000] [id=1820]
  0x000001e0d6943b00 ConcurrentGCThread "G1 Service" [stack: 0x000000b6c3000000,0x000000b6c3100000] [id=10444]

Threads with active compile tasks:

VM state: at safepoint (normal execution)

VM Mutex/Monitor currently owned by a thread:  ([mutex/lock_event])
[0x000001e0c5043060] Threads_lock - owner thread: 0x000001e0d6a811d0
[0x000001e0c5043840] Heap_lock - owner thread: 0x000001e0ddb2c690

Heap address: 0x0000000080e00000, size: 2034 MB, Compressed Oops mode: 32-bit

CDS archive(s) mapped at: [0x000001e080000000-0x000001e080ba0000-0x000001e080ba0000), size 12189696, SharedBaseAddress: 0x000001e080000000, ArchiveRelocationMode: 1.
Compressed class space mapped at: 0x000001e081000000-0x000001e0c1000000, reserved size: 1073741824
Narrow klass base: 0x000001e080000000, Narrow klass shift: 0, Narrow klass range: 0x100000000

GC Precious Log:
 CPUs: 4 total, 4 available
 Memory: 8130M
 Large Page Support: Disabled
 NUMA Support: Disabled
 Compressed Oops: Enabled (32-bit)
 Heap Region Size: 1M
 Heap Min Capacity: 8M
 Heap Initial Capacity: 128M
 Heap Max Capacity: 2034M
 Pre-touch: Disabled
 Parallel Workers: 4
 Concurrent Workers: 1
 Concurrent Refinement Workers: 4
 Periodic GC: Disabled

Heap:
 garbage-first heap   total 109568K, used 43072K [0x0000000080e00000, 0x0000000100000000)
  region size 1024K, 5 young (5120K), 5 survivors (5120K)
 Metaspace       used 86923K, committed 90048K, reserved 1179648K
  class space    used 11611K, committed 12672K, reserved 1048576K

Heap Regions: E=young(eden), S=young(survivor), O=old, HS=humongous(starts), HC=humongous(continues), CS=collection set, F=free, OA=open archive, CA=closed archive, TAMS=top-at-mark-start (previous, next)
|   0|0x0000000080e00000, 0x0000000080f00000, 0x0000000080f00000|100%|HS|  |TAMS 0x0000000080f00000, 0x0000000080e00000| Untracked 
|   1|0x0000000080f00000, 0x0000000080fffff8, 0x0000000081000000| 99%| O|  |TAMS 0x0000000080fffff8, 0x0000000080f00000| Untracked 
|   2|0x0000000081000000, 0x00000000810ffff8, 0x0000000081100000| 99%| O|  |TAMS 0x00000000810ffff8, 0x0000000081000000| Untracked 
|   3|0x0000000081100000, 0x0000000081200000, 0x0000000081200000|100%| O|  |TAMS 0x0000000081200000, 0x0000000081100000| Untracked 
|   4|0x0000000081200000, 0x00000000812ffff0, 0x0000000081300000| 99%| O|  |TAMS 0x00000000812ffff0, 0x0000000081200000| Untracked 
|   5|0x0000000081300000, 0x00000000813fffc8, 0x0000000081400000| 99%| O|  |TAMS 0x00000000813fffc8, 0x0000000081300000| Untracked 
|   6|0x0000000081400000, 0x0000000081500000, 0x0000000081500000|100%| O|  |TAMS 0x0000000081500000, 0x0000000081400000| Untracked 
|   7|0x0000000081500000, 0x00000000815fe0f0, 0x0000000081600000| 99%| O|  |TAMS 0x00000000815fe0f0, 0x0000000081500000| Untracked 
|   8|0x0000000081600000, 0x0000000081700000, 0x0000000081700000|100%| O|  |TAMS 0x0000000081700000, 0x0000000081600000| Untracked 
|   9|0x0000000081700000, 0x00000000817fffe8, 0x0000000081800000| 99%| O|  |TAMS 0x00000000817fffe8, 0x0000000081700000| Untracked 
|  10|0x0000000081800000, 0x00000000818fffb0, 0x0000000081900000| 99%| O|  |TAMS 0x00000000818fffb0, 0x0000000081800000| Untracked 
|  11|0x0000000081900000, 0x00000000819fffb8, 0x0000000081a00000| 99%| O|  |TAMS 0x00000000819fffb8, 0x0000000081900000| Untracked 
|  12|0x0000000081a00000, 0x0000000081afffd8, 0x0000000081b00000| 99%| O|  |TAMS 0x0000000081afffd8, 0x0000000081a00000| Untracked 
|  13|0x0000000081b00000, 0x0000000081bffff8, 0x0000000081c00000| 99%| O|  |TAMS 0x0000000081bffff8, 0x0000000081b00000| Untracked 
|  14|0x0000000081c00000, 0x0000000081cff6b8, 0x0000000081d00000| 99%| O|  |TAMS 0x0000000081cff6b8, 0x0000000081c00000| Untracked 
|  15|0x0000000081d00000, 0x0000000081dffff8, 0x0000000081e00000| 99%| O|  |TAMS 0x0000000081dffff8, 0x0000000081d00000| Untracked 
|  16|0x0000000081e00000, 0x0000000081efffd8, 0x0000000081f00000| 99%| O|  |TAMS 0x0000000081efffd8, 0x0000000081e00000| Untracked 
|  17|0x0000000081f00000, 0x0000000081fffff0, 0x0000000082000000| 99%| O|  |TAMS 0x0000000081fffff0, 0x0000000081f00000| Untracked 
|  18|0x0000000082000000, 0x00000000820ffff0, 0x0000000082100000| 99%| O|  |TAMS 0x00000000820ffff0, 0x0000000082000000| Untracked 
|  19|0x0000000082100000, 0x00000000821ffff8, 0x0000000082200000| 99%| O|  |TAMS 0x00000000821ffff8, 0x0000000082100000| Untracked 
|  20|0x0000000082200000, 0x00000000822ffff8, 0x0000000082300000| 99%| O|  |TAMS 0x00000000822ffff8, 0x0000000082200000| Untracked 
|  21|0x0000000082300000, 0x0000000082400000, 0x0000000082400000|100%| O|  |TAMS 0x0000000082400000, 0x0000000082300000| Untracked 
|  22|0x0000000082400000, 0x00000000824fffb0, 0x0000000082500000| 99%| O|  |TAMS 0x0000000082400000, 0x0000000082400000| Untracked 
|  23|0x0000000082500000, 0x00000000825ffff0, 0x0000000082600000| 99%| O|  |TAMS 0x0000000082500000, 0x0000000082500000| Untracked 
|  24|0x0000000082600000, 0x0000000082700000, 0x0000000082700000|100%| O|  |TAMS 0x0000000082600000, 0x0000000082600000| Untracked 
|  25|0x0000000082700000, 0x00000000827ffff0, 0x0000000082800000| 99%| O|  |TAMS 0x0000000082700000, 0x0000000082700000| Untracked 
|  26|0x0000000082800000, 0x0000000082900000, 0x0000000082900000|100%| O|  |TAMS 0x0000000082800000, 0x0000000082800000| Untracked 
|  27|0x0000000082900000, 0x00000000829d5408, 0x0000000082a00000| 83%| O|  |TAMS 0x0000000082900000, 0x0000000082900000| Untracked 
|  28|0x0000000082a00000, 0x0000000082b00000, 0x0000000082b00000|100%| O|  |TAMS 0x0000000082a00000, 0x0000000082a00000| Untracked 
|  29|0x0000000082b00000, 0x0000000082bfffe8, 0x0000000082c00000| 99%| O|  |TAMS 0x0000000082b00000, 0x0000000082b00000| Untracked 
|  30|0x0000000082c00000, 0x0000000082d00000, 0x0000000082d00000|100%| O|  |TAMS 0x0000000082c00000, 0x0000000082c00000| Untracked 
|  31|0x0000000082d00000, 0x0000000082d839f8, 0x0000000082e00000| 51%| O|  |TAMS 0x0000000082d00000, 0x0000000082d00000| Untracked 
|  32|0x0000000082e00000, 0x0000000082f00000, 0x0000000082f00000|100%| O|  |TAMS 0x0000000082e00000, 0x0000000082e00000| Untracked 
|  33|0x0000000082f00000, 0x0000000083000000, 0x0000000083000000|100%| O|  |TAMS 0x0000000082f00000, 0x0000000082f00000| Untracked 
|  34|0x0000000083000000, 0x0000000083100000, 0x0000000083100000|100%| O|  |TAMS 0x0000000083000000, 0x0000000083000000| Untracked 
|  35|0x0000000083100000, 0x0000000083200000, 0x0000000083200000|100%| O|  |TAMS 0x0000000083100000, 0x0000000083100000| Untracked 
|  36|0x0000000083200000, 0x000000008321ca00, 0x0000000083300000| 11%| O|  |TAMS 0x0000000083200000, 0x0000000083200000| Untracked 
|  37|0x0000000083300000, 0x0000000083400000, 0x0000000083400000|100%| O|  |TAMS 0x0000000083300000, 0x0000000083300000| Untracked 
|  38|0x0000000083400000, 0x0000000083400000, 0x0000000083500000|  0%| F|  |TAMS 0x0000000083400000, 0x0000000083400000| Untracked 
|  39|0x0000000083500000, 0x0000000083500000, 0x0000000083600000|  0%| F|  |TAMS 0x0000000083500000, 0x0000000083500000| Untracked 
|  40|0x0000000083600000, 0x000000008369d620, 0x0000000083700000| 61%| O|  |TAMS 0x0000000083600000, 0x0000000083600000| Untracked 
|  41|0x0000000083700000, 0x0000000083700000, 0x0000000083800000|  0%| F|  |TAMS 0x0000000083700000, 0x0000000083700000| Untracked 
|  42|0x0000000083800000, 0x0000000083800000, 0x0000000083900000|  0%| F|  |TAMS 0x0000000083800000, 0x0000000083800000| Untracked 
|  43|0x0000000083900000, 0x0000000083900000, 0x0000000083a00000|  0%| F|  |TAMS 0x0000000083900000, 0x0000000083900000| Untracked 
|  44|0x0000000083a00000, 0x0000000083a00000, 0x0000000083b00000|  0%| F|  |TAMS 0x0000000083a00000, 0x0000000083a00000| Untracked 
|  45|0x0000000083b00000, 0x0000000083b00000, 0x0000000083c00000|  0%| F|  |TAMS 0x0000000083b00000, 0x0000000083b00000| Untracked 
|  46|0x0000000083c00000, 0x0000000083c00000, 0x0000000083d00000|  0%| F|  |TAMS 0x0000000083c00000, 0x0000000083c00000| Untracked 
|  47|0x0000000083d00000, 0x0000000083d00000, 0x0000000083e00000|  0%| F|  |TAMS 0x0000000083d00000, 0x0000000083d00000| Untracked 
|  48|0x0000000083e00000, 0x0000000083e00000, 0x0000000083f00000|  0%| F|  |TAMS 0x0000000083e00000, 0x0000000083e00000| Untracked 
|  49|0x0000000083f00000, 0x0000000084000000, 0x0000000084000000|100%| S|CS|TAMS 0x0000000083f00000, 0x0000000083f00000| Complete 
|  50|0x0000000084000000, 0x0000000084100000, 0x0000000084100000|100%| S|CS|TAMS 0x0000000084000000, 0x0000000084000000| Complete 
|  51|0x0000000084100000, 0x0000000084100000, 0x0000000084200000|  0%| F|  |TAMS 0x0000000084100000, 0x0000000084100000| Untracked 
|  52|0x0000000084200000, 0x0000000084200000, 0x0000000084300000|  0%| F|  |TAMS 0x0000000084200000, 0x0000000084200000| Untracked 
|  53|0x0000000084300000, 0x0000000084300000, 0x0000000084400000|  0%| F|  |TAMS 0x0000000084300000, 0x0000000084300000| Untracked 
|  54|0x0000000084400000, 0x0000000084500000, 0x0000000084500000|100%| S|CS|TAMS 0x0000000084400000, 0x0000000084400000| Complete 
|  55|0x0000000084500000, 0x0000000084600000, 0x0000000084600000|100%| S|CS|TAMS 0x0000000084500000, 0x0000000084500000| Complete 
|  56|0x0000000084600000, 0x0000000084700000, 0x0000000084700000|100%| S|CS|TAMS 0x0000000084600000, 0x0000000084600000| Complete 
|  57|0x0000000084700000, 0x0000000084700000, 0x0000000084800000|  0%| F|  |TAMS 0x0000000084700000, 0x0000000084700000| Untracked 
|  58|0x0000000084800000, 0x0000000084800000, 0x0000000084900000|  0%| F|  |TAMS 0x0000000084800000, 0x0000000084800000| Untracked 
|  59|0x0000000084900000, 0x0000000084900000, 0x0000000084a00000|  0%| F|  |TAMS 0x0000000084900000, 0x0000000084900000| Untracked 
|  60|0x0000000084a00000, 0x0000000084a00000, 0x0000000084b00000|  0%| F|  |TAMS 0x0000000084a00000, 0x0000000084a00000| Untracked 
|  61|0x0000000084b00000, 0x0000000084b00000, 0x0000000084c00000|  0%| F|  |TAMS 0x0000000084b00000, 0x0000000084b00000| Untracked 
|  62|0x0000000084c00000, 0x0000000084c00000, 0x0000000084d00000|  0%| F|  |TAMS 0x0000000084c00000, 0x0000000084c00000| Untracked 
|  63|0x0000000084d00000, 0x0000000084d00000, 0x0000000084e00000|  0%| F|  |TAMS 0x0000000084d00000, 0x0000000084d00000| Untracked 
|  64|0x0000000084e00000, 0x0000000084e00000, 0x0000000084f00000|  0%| F|  |TAMS 0x0000000084e00000, 0x0000000084e00000| Untracked 
|  65|0x0000000084f00000, 0x0000000084f00000, 0x0000000085000000|  0%| F|  |TAMS 0x0000000084f00000, 0x0000000084f00000| Untracked 
|  66|0x0000000085000000, 0x0000000085000000, 0x0000000085100000|  0%| F|  |TAMS 0x0000000085000000, 0x0000000085000000| Untracked 
|  67|0x0000000085100000, 0x0000000085100000, 0x0000000085200000|  0%| F|  |TAMS 0x0000000085100000, 0x0000000085100000| Untracked 
|  68|0x0000000085200000, 0x0000000085200000, 0x0000000085300000|  0%| F|  |TAMS 0x0000000085200000, 0x0000000085200000| Untracked 
|  69|0x0000000085300000, 0x0000000085300000, 0x0000000085400000|  0%| F|  |TAMS 0x0000000085300000, 0x0000000085300000| Untracked 
|  70|0x0000000085400000, 0x0000000085400000, 0x0000000085500000|  0%| F|  |TAMS 0x0000000085400000, 0x0000000085400000| Untracked 
|  71|0x0000000085500000, 0x0000000085500000, 0x0000000085600000|  0%| F|  |TAMS 0x0000000085500000, 0x0000000085500000| Untracked 
|  72|0x0000000085600000, 0x0000000085600000, 0x0000000085700000|  0%| F|  |TAMS 0x0000000085600000, 0x0000000085600000| Untracked 
|  73|0x0000000085700000, 0x0000000085700000, 0x0000000085800000|  0%| F|  |TAMS 0x0000000085700000, 0x0000000085700000| Untracked 
|  74|0x0000000085800000, 0x0000000085800000, 0x0000000085900000|  0%| F|  |TAMS 0x0000000085800000, 0x0000000085800000| Untracked 
|  75|0x0000000085900000, 0x0000000085900000, 0x0000000085a00000|  0%| F|  |TAMS 0x0000000085900000, 0x0000000085900000| Untracked 
|  76|0x0000000085a00000, 0x0000000085a00000, 0x0000000085b00000|  0%| F|  |TAMS 0x0000000085a00000, 0x0000000085a00000| Untracked 
|  77|0x0000000085b00000, 0x0000000085b00000, 0x0000000085c00000|  0%| F|  |TAMS 0x0000000085b00000, 0x0000000085b00000| Untracked 
|  78|0x0000000085c00000, 0x0000000085c00000, 0x0000000085d00000|  0%| F|  |TAMS 0x0000000085c00000, 0x0000000085c00000| Untracked 
|  79|0x0000000085d00000, 0x0000000085d00000, 0x0000000085e00000|  0%| F|  |TAMS 0x0000000085d00000, 0x0000000085d00000| Untracked 
|  80|0x0000000085e00000, 0x0000000085e00000, 0x0000000085f00000|  0%| F|  |TAMS 0x0000000085e00000, 0x0000000085e00000| Untracked 
|  81|0x0000000085f00000, 0x0000000085f00000, 0x0000000086000000|  0%| F|  |TAMS 0x0000000085f00000, 0x0000000085f00000| Untracked 
|  82|0x0000000086000000, 0x0000000086000000, 0x0000000086100000|  0%| F|  |TAMS 0x0000000086000000, 0x0000000086000000| Untracked 
|  83|0x0000000086100000, 0x0000000086100000, 0x0000000086200000|  0%| F|  |TAMS 0x0000000086100000, 0x0000000086100000| Untracked 
|  84|0x0000000086200000, 0x0000000086200000, 0x0000000086300000|  0%| F|  |TAMS 0x0000000086200000, 0x0000000086200000| Untracked 
|  85|0x0000000086300000, 0x0000000086300000, 0x0000000086400000|  0%| F|  |TAMS 0x0000000086300000, 0x0000000086300000| Untracked 
|  86|0x0000000086400000, 0x0000000086400000, 0x0000000086500000|  0%| F|  |TAMS 0x0000000086400000, 0x0000000086400000| Untracked 
|  87|0x0000000086500000, 0x0000000086500000, 0x0000000086600000|  0%| F|  |TAMS 0x0000000086500000, 0x0000000086500000| Untracked 
|  88|0x0000000086600000, 0x0000000086600000, 0x0000000086700000|  0%| F|  |TAMS 0x0000000086600000, 0x0000000086600000| Untracked 
|  89|0x0000000086700000, 0x0000000086700000, 0x0000000086800000|  0%| F|  |TAMS 0x0000000086700000, 0x0000000086700000| Untracked 
|  90|0x0000000086800000, 0x0000000086800000, 0x0000000086900000|  0%| F|  |TAMS 0x0000000086800000, 0x0000000086800000| Untracked 
|  91|0x0000000086900000, 0x0000000086900000, 0x0000000086a00000|  0%| F|  |TAMS 0x0000000086900000, 0x0000000086900000| Untracked 
|  92|0x0000000086a00000, 0x0000000086a00000, 0x0000000086b00000|  0%| F|  |TAMS 0x0000000086a00000, 0x0000000086a00000| Untracked 
|  93|0x0000000086b00000, 0x0000000086b00000, 0x0000000086c00000|  0%| F|  |TAMS 0x0000000086b00000, 0x0000000086b00000| Untracked 
|  94|0x0000000086c00000, 0x0000000086c00000, 0x0000000086d00000|  0%| F|  |TAMS 0x0000000086c00000, 0x0000000086c00000| Untracked 
|  95|0x0000000086d00000, 0x0000000086d00000, 0x0000000086e00000|  0%| F|  |TAMS 0x0000000086d00000, 0x0000000086d00000| Untracked 
|  96|0x0000000086e00000, 0x0000000086e00000, 0x0000000086f00000|  0%| F|  |TAMS 0x0000000086e00000, 0x0000000086e00000| Untracked 
|  97|0x0000000086f00000, 0x0000000086f00000, 0x0000000087000000|  0%| F|  |TAMS 0x0000000086f00000, 0x0000000086f00000| Untracked 
|  98|0x0000000087000000, 0x0000000087000000, 0x0000000087100000|  0%| F|  |TAMS 0x0000000087000000, 0x0000000087000000| Untracked 
|  99|0x0000000087100000, 0x0000000087100000, 0x0000000087200000|  0%| F|  |TAMS 0x0000000087100000, 0x0000000087100000| Untracked 
| 100|0x0000000087200000, 0x0000000087200000, 0x0000000087300000|  0%| F|  |TAMS 0x0000000087200000, 0x0000000087200000| Untracked 
| 101|0x0000000087300000, 0x0000000087300000, 0x0000000087400000|  0%| F|  |TAMS 0x0000000087300000, 0x0000000087300000| Untracked 
| 102|0x0000000087400000, 0x0000000087400000, 0x0000000087500000|  0%| F|  |TAMS 0x0000000087400000, 0x0000000087400000| Untracked 
| 103|0x0000000087500000, 0x0000000087500000, 0x0000000087600000|  0%| F|  |TAMS 0x0000000087500000, 0x0000000087500000| Untracked 
| 104|0x0000000087600000, 0x0000000087600000, 0x0000000087700000|  0%| F|  |TAMS 0x0000000087600000, 0x0000000087600000| Untracked 
| 105|0x0000000087700000, 0x0000000087700000, 0x0000000087800000|  0%| F|  |TAMS 0x0000000087700000, 0x0000000087700000| Untracked 
| 106|0x0000000087800000, 0x0000000087800000, 0x0000000087900000|  0%| F|  |TAMS 0x0000000087800000, 0x0000000087800000| Untracked 

Card table byte_map: [0x000001e0cff50000,0x000001e0d0350000] _byte_map_base: 0x000001e0cfb49000

Marking Bits (Prev, Next): (CMBitMap*) 0x000001e0c50a3610, (CMBitMap*) 0x000001e0c50a3650
 Prev Bits: [0x000001e0d0750000, 0x000001e0d2718000)
 Next Bits: [0x000001e0d2720000, 0x000001e0d46e8000)

Polling page: 0x000001e0c4800000

Metaspace:

Usage:
  Non-class:     73.55 MB used.
      Class:     11.34 MB used.
       Both:     84.89 MB used.

Virtual space:
  Non-class space:      128.00 MB reserved,      75.56 MB ( 59%) committed,  2 nodes.
      Class space:        1.00 GB reserved,      12.38 MB (  1%) committed,  1 nodes.
             Both:        1.12 GB reserved,      87.94 MB (  8%) committed. 

Chunk freelists:
   Non-Class:  21.67 MB
       Class:  4.01 MB
        Both:  25.68 MB

MaxMetaspaceSize: unlimited
CompressedClassSpaceSize: 1.00 GB
Initial GC threshold: 21.00 MB
Current GC threshold: 156.69 MB
CDS: on
MetaspaceReclaimPolicy: balanced
 - commit_granule_bytes: 65536.
 - commit_granule_words: 8192.
 - virtual_space_node_default_size: 8388608.
 - enlarge_chunks_in_place: 1.
 - new_chunks_are_fully_committed: 0.
 - uncommit_free_chunks: 1.
 - use_allocation_guard: 0.
 - handle_deallocations: 1.


Internal statistics:

num_allocs_failed_limit: 9.
num_arena_births: 6646.
num_arena_deaths: 5256.
num_vsnodes_births: 3.
num_vsnodes_deaths: 0.
num_space_committed: 1887.
num_space_uncommitted: 480.
num_chunks_returned_to_freelist: 12259.
num_chunks_taken_from_freelist: 17833.
num_chunk_merges: 2859.
num_chunk_splits: 7103.
num_chunks_enlarged: 3692.
num_inconsistent_stats: 0.

CodeCache: size=49152Kb used=40552Kb max_used=40575Kb free=8599Kb
 bounds [0x000001e0ccb50000, 0x000001e0cf350000, 0x000001e0cfb50000]
 total_blobs=23095 nmethods=22394 adapters=624
 compilation: enabled
              stopped_count=0, restarted_count=0
 full_count=0

Compilation events (20 events):
Event: 6158.583 Thread 0x000001e0d6aa5f30 22501       1       com.fasterxml.jackson.databind.introspect.JacksonAnnotationIntrospector::findPropertyDescription (26 bytes)
Event: 6158.583 Thread 0x000001e0d6aa5f30 nmethod 22501 0x000001e0cf1ea110 code [0x000001e0cf1ea2c0, 0x000001e0cf1ea458]
Event: 6158.583 Thread 0x000001e0d6aa5f30 22495       1       com.fasterxml.jackson.databind.introspect.POJOPropertyBuilder::findExplicitNames (52 bytes)
Event: 6158.583 Thread 0x000001e0d6aa5f30 nmethod 22495 0x000001e0cf1e9c90 code [0x000001e0cf1e9e60, 0x000001e0cf1ea018]
Event: 6158.583 Thread 0x000001e0d6aa5f30 22496       1       com.fasterxml.jackson.databind.introspect.POJOPropertyBuilder::mergeAnnotations (279 bytes)
Event: 6158.583 Thread 0x000001e0d6aa5f30 nmethod 22496 0x000001e0cf1e7f10 code [0x000001e0cf1e8200, 0x000001e0cf1e97d8]
Event: 6158.583 Thread 0x000001e0d6aa5f30 22490       1       com.fasterxml.jackson.databind.introspect.POJOPropertyBuilder::anyIgnorals (50 bytes)
Event: 6158.584 Thread 0x000001e0d6aa5f30 nmethod 22490 0x000001e0cf1e7990 code [0x000001e0cf1e7b20, 0x000001e0cf1e7d38]
Event: 6158.584 Thread 0x000001e0d6aa5f30 22505       1       com.fasterxml.jackson.databind.cfg.MapperConfigBase::getConfigOverride (21 bytes)
Event: 6158.584 Thread 0x000001e0d6aa5f30 nmethod 22505 0x000001e0cf1e7590 code [0x000001e0cf1e7740, 0x000001e0cf1e78a8]
Event: 6158.584 Thread 0x000001e0d6aa5f30 22508       1       com.fasterxml.jackson.databind.introspect.POJOPropertyBuilder::anyVisible (50 bytes)
Event: 6158.584 Thread 0x000001e0d6aa5f30 nmethod 22508 0x000001e0cf1e7010 code [0x000001e0cf1e71a0, 0x000001e0cf1e73b8]
Event: 6158.584 Thread 0x000001e0d6aa5f30 22506       1       com.fasterxml.jackson.databind.introspect.POJOPropertyBuilder::<init> (32 bytes)
Event: 6158.584 Thread 0x000001e0d6aa5f30 nmethod 22506 0x000001e0cf1e6b90 code [0x000001e0cf1e6d20, 0x000001e0cf1e6f58]
Event: 6158.584 Thread 0x000001e0d6aa5f30 22507       1       com.fasterxml.jackson.databind.introspect.BeanPropertyDefinition::<init> (5 bytes)
Event: 6158.584 Thread 0x000001e0d6aa5f30 nmethod 22507 0x000001e0cf1e6890 code [0x000001e0cf1e6a20, 0x000001e0cf1e6ad8]
Event: 6158.584 Thread 0x000001e0d6aa5f30 22488       1       com.fasterxml.jackson.databind.introspect.AnnotatedFieldCollector$FieldBuilder::build (23 bytes)
Event: 6158.584 Thread 0x000001e0d6aa5f30 nmethod 22488 0x000001e0cf1e6390 code [0x000001e0cf1e6540, 0x000001e0cf1e67e8]
Event: 6158.584 Thread 0x000001e0d6aa5f30 22504       1       com.fasterxml.jackson.databind.cfg.ConfigOverride::getIsIgnoredType (5 bytes)
Event: 6158.584 Thread 0x000001e0d6aa5f30 nmethod 22504 0x000001e0cf1e6090 code [0x000001e0cf1e6220, 0x000001e0cf1e62f8]

GC Heap History (20 events):
Event: 6130.182 GC heap after
{Heap after GC invocations=318 (full 51):
 garbage-first heap   total 112640K, used 45553K [0x0000000080e00000, 0x0000000100000000)
  region size 1024K, 2 young (2048K), 2 survivors (2048K)
 Metaspace       used 89846K, committed 91264K, reserved 1179648K
  class space    used 11888K, committed 12672K, reserved 1048576K
}
Event: 6130.198 GC heap before
{Heap before GC invocations=318 (full 51):
 garbage-first heap   total 112640K, used 46577K [0x0000000080e00000, 0x0000000100000000)
  region size 1024K, 4 young (4096K), 2 survivors (2048K)
 Metaspace       used 89849K, committed 91264K, reserved 1179648K
  class space    used 11889K, committed 12672K, reserved 1048576K
}
Event: 6130.267 GC heap after
{Heap after GC invocations=319 (full 52):
 garbage-first heap   total 112640K, used 33891K [0x0000000080e00000, 0x0000000100000000)
  region size 1024K, 0 young (0K), 0 survivors (0K)
 Metaspace       used 85497K, committed 90688K, reserved 1179648K
  class space    used 11487K, committed 12672K, reserved 1048576K
}
Event: 6130.842 GC heap before
{Heap before GC invocations=319 (full 52):
 garbage-first heap   total 112640K, used 96355K [0x0000000080e00000, 0x0000000100000000)
  region size 1024K, 62 young (63488K), 0 survivors (0K)
 Metaspace       used 85890K, committed 90688K, reserved 1179648K
  class space    used 11533K, committed 12672K, reserved 1048576K
}
Event: 6130.847 GC heap after
{Heap after GC invocations=320 (full 52):
 garbage-first heap   total 112640K, used 39622K [0x0000000080e00000, 0x0000000100000000)
  region size 1024K, 6 young (6144K), 6 survivors (6144K)
 Metaspace       used 85890K, committed 90688K, reserved 1179648K
  class space    used 11533K, committed 12672K, reserved 1048576K
}
Event: 6131.055 GC heap before
{Heap before GC invocations=320 (full 52):
 garbage-first heap   total 112640K, used 92870K [0x0000000080e00000, 0x0000000100000000)
  region size 1024K, 58 young (59392K), 6 survivors (6144K)
 Metaspace       used 86282K, committed 90688K, reserved 1179648K
  class space    used 11567K, committed 12672K, reserved 1048576K
}
Event: 6131.061 GC heap after
{Heap after GC invocations=321 (full 52):
 garbage-first heap   total 112640K, used 42300K [0x0000000080e00000, 0x0000000100000000)
  region size 1024K, 3 young (3072K), 3 survivors (3072K)
 Metaspace       used 86282K, committed 90688K, reserved 1179648K
  class space    used 11567K, committed 12672K, reserved 1048576K
}
Event: 6131.357 GC heap before
{Heap before GC invocations=321 (full 52):
 garbage-first heap   total 112640K, used 91452K [0x0000000080e00000, 0x0000000100000000)
  region size 1024K, 51 young (52224K), 3 survivors (3072K)
 Metaspace       used 86742K, committed 90688K, reserved 1179648K
  class space    used 11596K, committed 12672K, reserved 1048576K
}
Event: 6131.360 GC heap after
{Heap after GC invocations=322 (full 52):
 garbage-first heap   total 112640K, used 43324K [0x0000000080e00000, 0x0000000100000000)
  region size 1024K, 4 young (4096K), 4 survivors (4096K)
 Metaspace       used 86742K, committed 90688K, reserved 1179648K
  class space    used 11596K, committed 12672K, reserved 1048576K
}
Event: 6146.164 GC heap before
{Heap before GC invocations=322 (full 52):
 garbage-first heap   total 112640K, used 92476K [0x0000000080e00000, 0x0000000100000000)
  region size 1024K, 52 young (53248K), 4 survivors (4096K)
 Metaspace       used 86892K, committed 90688K, reserved 1179648K
  class space    used 11608K, committed 12672K, reserved 1048576K
}
Event: 6146.169 GC heap after
{Heap after GC invocations=323 (full 52):
 garbage-first heap   total 112640K, used 46110K [0x0000000080e00000, 0x0000000100000000)
  region size 1024K, 5 young (5120K), 5 survivors (5120K)
 Metaspace       used 86892K, committed 90688K, reserved 1179648K
  class space    used 11608K, committed 12672K, reserved 1048576K
}
Event: 6153.949 GC heap before
{Heap before GC invocations=323 (full 52):
 garbage-first heap   total 112640K, used 52254K [0x0000000080e00000, 0x0000000100000000)
  region size 1024K, 12 young (12288K), 5 survivors (5120K)
 Metaspace       used 86895K, committed 90688K, reserved 1179648K
  class space    used 11608K, committed 12672K, reserved 1048576K
}
Event: 6154.017 GC heap after
{Heap after GC invocations=324 (full 53):
 garbage-first heap   total 109568K, used 31694K [0x0000000080e00000, 0x0000000100000000)
  region size 1024K, 0 young (0K), 0 survivors (0K)
 Metaspace       used 85472K, committed 90048K, reserved 1179648K
  class space    used 11483K, committed 12672K, reserved 1048576K
}
Event: 6154.710 GC heap before
{Heap before GC invocations=324 (full 53):
 garbage-first heap   total 109568K, used 88014K [0x0000000080e00000, 0x0000000100000000)
  region size 1024K, 56 young (57344K), 0 survivors (0K)
 Metaspace       used 85844K, committed 90048K, reserved 1179648K
  class space    used 11525K, committed 12672K, reserved 1048576K
}
Event: 6154.713 GC heap after
{Heap after GC invocations=325 (full 53):
 garbage-first heap   total 109568K, used 36392K [0x0000000080e00000, 0x0000000100000000)
  region size 1024K, 5 young (5120K), 5 survivors (5120K)
 Metaspace       used 85844K, committed 90048K, reserved 1179648K
  class space    used 11525K, committed 12672K, reserved 1048576K
}
Event: 6154.914 GC heap before
{Heap before GC invocations=325 (full 53):
 garbage-first heap   total 109568K, used 87592K [0x0000000080e00000, 0x0000000100000000)
  region size 1024K, 55 young (56320K), 5 survivors (5120K)
 Metaspace       used 86299K, committed 90048K, reserved 1179648K
  class space    used 11569K, committed 12672K, reserved 1048576K
}
Event: 6154.920 GC heap after
{Heap after GC invocations=326 (full 53):
 garbage-first heap   total 109568K, used 38348K [0x0000000080e00000, 0x0000000100000000)
  region size 1024K, 3 young (3072K), 3 survivors (3072K)
 Metaspace       used 86299K, committed 90048K, reserved 1179648K
  class space    used 11569K, committed 12672K, reserved 1048576K
}
Event: 6155.072 GC heap before
{Heap before GC invocations=326 (full 53):
 garbage-first heap   total 109568K, used 88524K [0x0000000080e00000, 0x0000000100000000)
  region size 1024K, 52 young (53248K), 3 survivors (3072K)
 Metaspace       used 86734K, committed 90048K, reserved 1179648K
  class space    used 11596K, committed 12672K, reserved 1048576K
}
Event: 6155.075 GC heap after
{Heap after GC invocations=327 (full 53):
 garbage-first heap   total 109568K, used 39598K [0x0000000080e00000, 0x0000000100000000)
  region size 1024K, 4 young (4096K), 4 survivors (4096K)
 Metaspace       used 86734K, committed 90048K, reserved 1179648K
  class space    used 11596K, committed 12672K, reserved 1048576K
}
Event: 6159.475 GC heap before
{Heap before GC invocations=327 (full 53):
 garbage-first heap   total 109568K, used 89774K [0x0000000080e00000, 0x0000000100000000)
  region size 1024K, 53 young (54272K), 4 survivors (4096K)
 Metaspace       used 86923K, committed 90048K, reserved 1179648K
  class space    used 11611K, committed 12672K, reserved 1048576K
}

Dll operation events (13 events):
Event: 0.007 Loaded shared library C:\Users\TranAnh computer\.jdks\corretto-17.0.9-1\bin\java.dll
Event: 0.038 Loaded shared library C:\Users\TranAnh computer\.jdks\corretto-17.0.9-1\bin\jsvml.dll
Event: 0.118 Loaded shared library C:\Users\TranAnh computer\.jdks\corretto-17.0.9-1\bin\zip.dll
Event: 0.120 Loaded shared library C:\Users\TranAnh computer\.jdks\corretto-17.0.9-1\bin\instrument.dll
Event: 0.124 Loaded shared library C:\Users\TranAnh computer\.jdks\corretto-17.0.9-1\bin\net.dll
Event: 0.126 Loaded shared library C:\Users\TranAnh computer\.jdks\corretto-17.0.9-1\bin\nio.dll
Event: 0.127 Loaded shared library C:\Users\TranAnh computer\.jdks\corretto-17.0.9-1\bin\zip.dll
Event: 0.202 Loaded shared library C:\Program Files\JetBrains\IntelliJ IDEA 2023.2.3\bin\breakgen64.dll
Event: 0.207 Loaded shared library C:\Users\TranAnh computer\.jdks\corretto-17.0.9-1\bin\jimage.dll
Event: 0.225 Loaded shared library C:\Users\TranAnh computer\.jdks\corretto-17.0.9-1\bin\management.dll
Event: 0.240 Loaded shared library C:\Users\TranAnh computer\.jdks\corretto-17.0.9-1\bin\management_ext.dll
Event: 2.743 Loaded shared library C:\Users\TranAnh computer\.jdks\corretto-17.0.9-1\bin\sunmscapi.dll
Event: 3.478 Loaded shared library C:\Users\TranAnh computer\.jdks\corretto-17.0.9-1\bin\verify.dll

Deoptimization events (20 events):
Event: 1.213 Thread 0x000001e0db94b920 DEOPT PACKING pc=0x000001e0cd09ff19 sp=0x000000b6c46fc680
Event: 1.213 Thread 0x000001e0db94b920 DEOPT UNPACKING pc=0x000001e0ccba7143 sp=0x000000b6c46fbb60 mode 3
Event: 1.344 Thread 0x000001e0db94b920 DEOPT PACKING pc=0x000001e0cd0c951d sp=0x000000b6c46fd180
Event: 1.344 Thread 0x000001e0db94b920 DEOPT UNPACKING pc=0x000001e0ccba7143 sp=0x000000b6c46fc6e8 mode 3
Event: 1.358 Thread 0x000001e0db94b920 DEOPT PACKING pc=0x000001e0cd0e8555 sp=0x000000b6c46fcca0
Event: 1.358 Thread 0x000001e0db94b920 DEOPT UNPACKING pc=0x000001e0ccba7143 sp=0x000000b6c46fc148 mode 3
Event: 2.332 Thread 0x000001e0db94b920 DEOPT PACKING pc=0x000001e0cd2f1719 sp=0x000000b6c46fd020
Event: 2.332 Thread 0x000001e0db94b920 DEOPT UNPACKING pc=0x000001e0ccba7143 sp=0x000000b6c46fc500 mode 3
Event: 3.106 Thread 0x000001e0dc0e2ab0 DEOPT PACKING pc=0x000001e0cd015d97 sp=0x000000b6c4dfefe0
Event: 3.106 Thread 0x000001e0dc0e2ab0 DEOPT UNPACKING pc=0x000001e0ccba7143 sp=0x000000b6c4dfe438 mode 3
Event: 4.844 Thread 0x000001e0db94b920 DEOPT PACKING pc=0x000001e0cd105ca2 sp=0x000000b6c46fb2c0
Event: 4.844 Thread 0x000001e0db94b920 DEOPT UNPACKING pc=0x000001e0ccba7143 sp=0x000000b6c46fa7c8 mode 3
Event: 4.918 Thread 0x000001e0db94b920 DEOPT PACKING pc=0x000001e0cd0bb9a4 sp=0x000000b6c46fb8e0
Event: 4.918 Thread 0x000001e0db94b920 DEOPT UNPACKING pc=0x000001e0ccba7143 sp=0x000000b6c46fae38 mode 0
Event: 9.921 Thread 0x000001e0dca45c60 DEOPT PACKING pc=0x000001e0cd874b7c sp=0x000000b6c53fa940
Event: 9.921 Thread 0x000001e0dca45c60 DEOPT UNPACKING pc=0x000001e0ccba7143 sp=0x000000b6c53f9de8 mode 0
Event: 174.337 Thread 0x000001e0dca41a90 DEOPT PACKING pc=0x000001e0cd9c2b44 sp=0x000000b6c2afcf90
Event: 174.337 Thread 0x000001e0dca41a90 DEOPT UNPACKING pc=0x000001e0ccba7143 sp=0x000000b6c2afc428 mode 3
Event: 4645.950 Thread 0x000001e0dca43e00 DEOPT PACKING pc=0x000001e0ceb9f180 sp=0x000000b6c57fe9c0
Event: 4645.950 Thread 0x000001e0dca43e00 DEOPT UNPACKING pc=0x000001e0ccba7143 sp=0x000000b6c57fdf70 mode 3

Classes unloaded (20 events):
Event: 6153.972 Thread 0x000001e0d6a811d0 Unloading class 0x000001e081c44208 'project/fashion/controllerWeb/CtlCart'
Event: 6153.972 Thread 0x000001e0d6a811d0 Unloading class 0x000001e081c44000 'project/fashion/controllerError/CtlError'
Event: 6153.972 Thread 0x000001e0d6a811d0 Unloading class 0x000001e081bc5cf8 'project/fashion/controllerAdmin/CtlAdminProductDetail'
Event: 6153.972 Thread 0x000001e0d6a811d0 Unloading class 0x000001e081bc5ac0 'project/fashion/controllerAdmin/CtlAdminProduct'
Event: 6153.972 Thread 0x000001e0d6a811d0 Unloading class 0x000001e081bc58b8 'project/fashion/controllerAdmin/CtlAdminLogin'
Event: 6153.972 Thread 0x000001e0d6a811d0 Unloading class 0x000001e081bc5678 'project/fashion/controllerAdmin/CtlAdminInvoiceDetail'
Event: 6153.972 Thread 0x000001e0d6a811d0 Unloading class 0x000001e081bc5458 'project/fashion/controllerAdmin/CtlAdminInvoice'
Event: 6153.972 Thread 0x000001e0d6a811d0 Unloading class 0x000001e081bc5228 'project/fashion/controllerAdmin/CtlAdminImgProduct'
Event: 6153.972 Thread 0x000001e0d6a811d0 Unloading class 0x000001e081bc5000 'project/fashion/controllerAdmin/CtlAdminColor'
Event: 6153.972 Thread 0x000001e0d6a811d0 Unloading class 0x000001e081b63c58 'project/fashion/controllerAdmin/CtlAdminCategory'
Event: 6153.972 Thread 0x000001e0d6a811d0 Unloading class 0x000001e081b63a10 'project/fashion/controllerAdmin/CtlAdminAccount'
Event: 6153.972 Thread 0x000001e0d6a811d0 Unloading class 0x000001e081b63800 'project/fashion/controllerAdmin/CtlAdmin'
Event: 6153.972 Thread 0x000001e0d6a811d0 Unloading class 0x000001e081ae9c10 'project/fashion/config/WebConfig'
Event: 6153.972 Thread 0x000001e0d6a811d0 Unloading class 0x000001e081ae9a00 'project/fashion/config/SecurityConfig'
Event: 6153.972 Thread 0x000001e0d6a811d0 Unloading class 0x000001e081ae9800 'project/fashion/FashionApplication'
Event: 6153.972 Thread 0x000001e0d6a811d0 Unloading class 0x000001e08146a000 'jdk/internal/reflect/GeneratedMethodAccessor584'
Event: 6153.972 Thread 0x000001e0d6a811d0 Unloading class 0x000001e081c36000 'jdk/internal/reflect/GeneratedMethodAccessor576'
Event: 6153.972 Thread 0x000001e0d6a811d0 Unloading class 0x000001e081c02c00 'jdk/internal/reflect/GeneratedMethodAccessor575'
Event: 6153.972 Thread 0x000001e0d6a811d0 Unloading class 0x000001e08134ec00 'jdk/internal/reflect/GeneratedConstructorAccessor752'
Event: 6153.972 Thread 0x000001e0d6a811d0 Unloading class 0x000001e081a21c00 'jdk/internal/reflect/GeneratedConstructorAccessor751'

Classes redefined (0 events):
No events

Internal exceptions (20 events):
Event: 6131.069 Thread 0x000001e0dca438f0 Exception <a 'java/lang/reflect/InvocationTargetException'{0x00000000879cef40}> (0x00000000879cef40) 
thrown [s\src\hotspot\share\runtime\reflection.cpp, line 1121]
Event: 6131.070 Thread 0x000001e0dca438f0 Exception <a 'java/lang/reflect/InvocationTargetException'{0x00000000879da698}> (0x00000000879da698) 
thrown [s\src\hotspot\share\runtime\reflection.cpp, line 1121]
Event: 6131.480 Thread 0x000001e0dca438f0 Exception <a 'sun/nio/fs/WindowsException'{0x00000000867011d0}> (0x00000000867011d0) 
thrown [s\src\hotspot\share\prims\jni.cpp, line 516]
Event: 6153.943 Thread 0x000001e0dca43e00 Exception <a 'java/lang/InterruptedException'{0x00000000876d0d40}: sleep interrupted> (0x00000000876d0d40) 
thrown [s\src\hotspot\share\prims\jvm.cpp, line 3064]
Event: 6154.030 Thread 0x000001e0ddb2b760 Exception <a 'sun/nio/fs/WindowsException'{0x00000000878bfcb0}> (0x00000000878bfcb0) 
thrown [s\src\hotspot\share\prims\jni.cpp, line 516]
Event: 6154.045 Thread 0x000001e0ddb2b760 Exception <a 'sun/nio/fs/WindowsException'{0x00000000876f4b70}> (0x00000000876f4b70) 
thrown [s\src\hotspot\share\prims\jni.cpp, line 516]
Event: 6154.333 Thread 0x000001e0ddb2b760 Exception <a 'sun/nio/fs/WindowsException'{0x0000000085e027e0}> (0x0000000085e027e0) 
thrown [s\src\hotspot\share\prims\jni.cpp, line 516]
Event: 6154.356 Thread 0x000001e0ddb2b760 Exception <a 'sun/nio/fs/WindowsException'{0x0000000085c03d18}> (0x0000000085c03d18) 
thrown [s\src\hotspot\share\prims\jni.cpp, line 516]
Event: 6154.410 Thread 0x000001e0ddb2b760 Exception <a 'java/lang/NoClassDefFoundError'{0x0000000085693d60}: org/flywaydb/core/Flyway> (0x0000000085693d60) 
thrown [s\src\hotspot\share\oops\constantPool.cpp, line 835]
Event: 6154.410 Thread 0x000001e0ddb2b760 Exception <a 'java/lang/NoClassDefFoundError'{0x00000000856943b0}: liquibase/integration/spring/SpringLiquibase> (0x00000000856943b0) 
thrown [s\src\hotspot\share\oops\constantPool.cpp, line 835]
Event: 6154.415 Thread 0x000001e0ddb2b760 Exception <a 'java/lang/NoClassDefFoundError'{0x0000000085530eb8}: org/jooq/DSLContext> (0x0000000085530eb8) 
thrown [s\src\hotspot\share\oops\constantPool.cpp, line 835]
Event: 6154.416 Thread 0x000001e0ddb2b760 Exception <a 'java/lang/NoClassDefFoundError'{0x000000008554c2e8}: org/springframework/batch/core/repository/JobRepository> (0x000000008554c2e8) 
thrown [s\src\hotspot\share\oops\constantPool.cpp, line 835]
Event: 6154.416 Thread 0x000001e0ddb2b760 Exception <a 'java/lang/NoClassDefFoundError'{0x000000008554c930}: org/quartz/Scheduler> (0x000000008554c930) 
thrown [s\src\hotspot\share\oops\constantPool.cpp, line 835]
Event: 6154.416 Thread 0x000001e0ddb2b760 Exception <a 'java/lang/NoClassDefFoundError'{0x000000008554cfa0}: org/springframework/session/jdbc/JdbcIndexedSessionRepository> (0x000000008554cfa0) 
thrown [s\src\hotspot\share\oops\constantPool.cpp, line 835]
Event: 6154.465 Thread 0x000001e0ddb2b760 Exception <a 'sun/nio/fs/WindowsException'{0x0000000084c112e0}> (0x0000000084c112e0) 
thrown [s\src\hotspot\share\prims\jni.cpp, line 516]
Event: 6154.466 Thread 0x000001e0ddb2b760 Exception <a 'sun/nio/fs/WindowsException'{0x0000000084c11a08}> (0x0000000084c11a08) 
thrown [s\src\hotspot\share\prims\jni.cpp, line 516]
Event: 6154.466 Thread 0x000001e0ddb2b760 Exception <a 'sun/nio/fs/WindowsException'{0x0000000084c12100}> (0x0000000084c12100) 
thrown [s\src\hotspot\share\prims\jni.cpp, line 516]
Event: 6154.602 Thread 0x000001e0ddb2b760 Exception <a 'java/io/FileNotFoundException'{0x0000000084c5de60}> (0x0000000084c5de60) 
thrown [s\src\hotspot\share\prims\jni.cpp, line 516]
Event: 6154.682 Thread 0x000001e0ddb2b760 Exception <a 'sun/nio/fs/WindowsException'{0x00000000844a0f48}> (0x00000000844a0f48) 
thrown [s\src\hotspot\share\prims\jni.cpp, line 516]
Event: 6155.182 Thread 0x000001e0ddb2b760 Exception <a 'sun/nio/fs/WindowsException'{0x00000000861896e8}> (0x00000000861896e8) 
thrown [s\src\hotspot\share\prims\jni.cpp, line 516]

VM Operations (20 events):
Event: 6133.745 Executing VM operation: HandshakeAllThreads done
Event: 6146.164 Executing VM operation: G1CollectForAllocation
Event: 6146.169 Executing VM operation: G1CollectForAllocation done
Event: 6153.949 Executing VM operation: G1CollectFull
Event: 6154.017 Executing VM operation: G1CollectFull done
Event: 6154.709 Executing VM operation: G1CollectForAllocation
Event: 6154.713 Executing VM operation: G1CollectForAllocation done
Event: 6154.914 Executing VM operation: G1CollectForAllocation
Event: 6154.920 Executing VM operation: G1CollectForAllocation done
Event: 6155.072 Executing VM operation: G1CollectForAllocation
Event: 6155.075 Executing VM operation: G1CollectForAllocation done
Event: 6157.082 Executing VM operation: Cleanup
Event: 6157.083 Executing VM operation: Cleanup done
Event: 6159.104 Executing VM operation: Cleanup
Event: 6159.104 Executing VM operation: Cleanup done
Event: 6159.473 Executing VM operation: HandshakeAllThreads
Event: 6159.473 Executing VM operation: HandshakeAllThreads done
Event: 6159.473 Executing VM operation: HandshakeAllThreads
Event: 6159.473 Executing VM operation: HandshakeAllThreads done
Event: 6159.475 Executing VM operation: G1CollectForAllocation

Events (20 events):
Event: 6155.289 Thread 0x000001e0ddb284c0 Thread added: 0x000001e0ddb284c0
Event: 6155.289 Thread 0x000001e0ddb289d0 Thread added: 0x000001e0ddb289d0
Event: 6155.289 Thread 0x000001e0ddb28ee0 Thread added: 0x000001e0ddb28ee0
Event: 6155.289 Thread 0x000001e0ddb2c690 Thread added: 0x000001e0ddb2c690
Event: 6155.289 Thread 0x000001e0ddb2cba0 Thread added: 0x000001e0ddb2cba0
Event: 6155.289 Thread 0x000001e0ddb2d5c0 Thread added: 0x000001e0ddb2d5c0
Event: 6155.289 Thread 0x000001e0dca44d30 Thread added: 0x000001e0dca44d30
Event: 6155.289 Thread 0x000001e0dca41a90 Thread added: 0x000001e0dca41a90
Event: 6155.290 Thread 0x000001e0dca429c0 Thread added: 0x000001e0dca429c0
Event: 6155.290 Thread 0x000001e0dca45240 Thread added: 0x000001e0dca45240
Event: 6155.295 Thread 0x000001e0ddb2b760 Thread exited: 0x000001e0ddb2b760
Event: 6155.295 Thread 0x000001e0ddb2ea00 Thread exited: 0x000001e0ddb2ea00
Event: 6158.579 Thread 0x000001e0dde2ba60 Thread added: 0x000001e0dde2ba60
Event: 6158.580 Thread 0x000001e0dde23080 Thread added: 0x000001e0dde23080
Event: 6159.474 Thread 0x000001e0d6aa7940 flushing nmethod 0x000001e0ccd72190
Event: 6159.474 Thread 0x000001e0d6aa7940 flushing nmethod 0x000001e0ccdefc10
Event: 6159.474 Thread 0x000001e0d6aa7940 flushing nmethod 0x000001e0cce28690
Event: 6159.474 Thread 0x000001e0d6aa7940 flushing nmethod 0x000001e0cce4b910
Event: 6159.474 Thread 0x000001e0d6aa7940 flushing nmethod 0x000001e0cce5fe10
Event: 6159.475 Thread 0x000001e0d6aa7940 flushing nmethod 0x000001e0cce8be90


Dynamic libraries:
0x00007ff65d5d0000 - 0x00007ff65d5de000 	C:\Users\TranAnh computer\.jdks\corretto-17.0.9-1\bin\java.exe
0x00007ffa311d0000 - 0x00007ffa313c8000 	C:\WINDOWS\SYSTEM32\ntdll.dll
0x00007ffa2f4f0000 - 0x00007ffa2f5ad000 	C:\WINDOWS\System32\KERNEL32.DLL
0x00007ffa2ef30000 - 0x00007ffa2f226000 	C:\WINDOWS\System32\KERNELBASE.dll
0x00007ffa2eae0000 - 0x00007ffa2ebe0000 	C:\WINDOWS\System32\ucrtbase.dll
0x00007ff9f5df0000 - 0x00007ff9f5e0b000 	C:\Users\TranAnh computer\.jdks\corretto-17.0.9-1\bin\VCRUNTIME140.dll
0x00007ff9fa780000 - 0x00007ff9fa797000 	C:\Users\TranAnh computer\.jdks\corretto-17.0.9-1\bin\jli.dll
0x00007ffa1f410000 - 0x00007ffa1f6aa000 	C:\WINDOWS\WinSxS\amd64_microsoft.windows.common-controls_6595b64144ccf1df_6.0.19041.3636_none_60b6a03d71f818d5\COMCTL32.dll
0x00007ffa2fd10000 - 0x00007ffa2fdae000 	C:\WINDOWS\System32\msvcrt.dll
0x00007ffa30be0000 - 0x00007ffa30c0c000 	C:\WINDOWS\System32\GDI32.dll
0x00007ffa2ea80000 - 0x00007ffa2eaa2000 	C:\WINDOWS\System32\win32u.dll
0x00007ffa2e960000 - 0x00007ffa2ea7a000 	C:\WINDOWS\System32\gdi32full.dll
0x00007ffa2ed40000 - 0x00007ffa2eddd000 	C:\WINDOWS\System32\msvcp_win.dll
0x00007ffa2f230000 - 0x00007ffa2f3ce000 	C:\WINDOWS\System32\USER32.dll
0x00007ffa30170000 - 0x00007ffa301a0000 	C:\WINDOWS\System32\IMM32.DLL
0x00007ffa1d3b0000 - 0x00007ffa1d3bc000 	C:\Users\TranAnh computer\.jdks\corretto-17.0.9-1\bin\vcruntime140_1.dll
0x00007ff9c7ba0000 - 0x00007ff9c7c2d000 	C:\Users\TranAnh computer\.jdks\corretto-17.0.9-1\bin\msvcp140.dll
0x00007ff9c6f30000 - 0x00007ff9c7b91000 	C:\Users\TranAnh computer\.jdks\corretto-17.0.9-1\bin\server\jvm.dll
0x00007ffa305f0000 - 0x00007ffa3069f000 	C:\WINDOWS\System32\ADVAPI32.dll
0x00007ffa30e50000 - 0x00007ffa30eec000 	C:\WINDOWS\System32\sechost.dll
0x00007ffa30f60000 - 0x00007ffa31086000 	C:\WINDOWS\System32\RPCRT4.dll
0x00007ffa2df70000 - 0x00007ffa2dfbb000 	C:\WINDOWS\SYSTEM32\POWRPROF.dll
0x00007ffa20850000 - 0x00007ffa20859000 	C:\WINDOWS\SYSTEM32\WSOCK32.dll
0x00007ffa23740000 - 0x00007ffa23767000 	C:\WINDOWS\SYSTEM32\WINMM.dll
0x00007ffa29290000 - 0x00007ffa2929a000 	C:\WINDOWS\SYSTEM32\VERSION.dll
0x00007ffa30320000 - 0x00007ffa3038b000 	C:\WINDOWS\System32\WS2_32.dll
0x00007ffa2df30000 - 0x00007ffa2df42000 	C:\WINDOWS\SYSTEM32\UMPDC.dll
0x00007ffa2c790000 - 0x00007ffa2c7a2000 	C:\WINDOWS\SYSTEM32\kernel.appcore.dll
0x00007ffa1d370000 - 0x00007ffa1d37a000 	C:\Users\TranAnh computer\.jdks\corretto-17.0.9-1\bin\jimage.dll
0x00007ffa1fec0000 - 0x00007ffa200a4000 	C:\WINDOWS\SYSTEM32\DBGHELP.DLL
0x00007ffa1f6f0000 - 0x00007ffa1f724000 	C:\WINDOWS\SYSTEM32\dbgcore.DLL
0x00007ffa2eea0000 - 0x00007ffa2ef22000 	C:\WINDOWS\System32\bcryptPrimitives.dll
0x00007ffa2a770000 - 0x00007ffa2a77e000 	C:\Users\TranAnh computer\.jdks\corretto-17.0.9-1\bin\instrument.dll
0x00007ff9f5dc0000 - 0x00007ff9f5de5000 	C:\Users\TranAnh computer\.jdks\corretto-17.0.9-1\bin\java.dll
0x00007ff9c7d20000 - 0x00007ff9c7df7000 	C:\Users\TranAnh computer\.jdks\corretto-17.0.9-1\bin\jsvml.dll
0x00007ffa2f5b0000 - 0x00007ffa2fcf5000 	C:\WINDOWS\System32\SHELL32.dll
0x00007ffa2c990000 - 0x00007ffa2d12b000 	C:\WINDOWS\SYSTEM32\windows.storage.dll
0x00007ffa2fdb0000 - 0x00007ffa30104000 	C:\WINDOWS\System32\combase.dll
0x00007ffa2e2f0000 - 0x00007ffa2e31d000 	C:\WINDOWS\SYSTEM32\Wldp.dll
0x00007ffa30da0000 - 0x00007ffa30e4d000 	C:\WINDOWS\System32\SHCORE.dll
0x00007ffa30110000 - 0x00007ffa30165000 	C:\WINDOWS\System32\shlwapi.dll
0x00007ffa2e7e0000 - 0x00007ffa2e805000 	C:\WINDOWS\SYSTEM32\profapi.dll
0x00007ff9f5d60000 - 0x00007ff9f5d78000 	C:\Users\TranAnh computer\.jdks\corretto-17.0.9-1\bin\zip.dll
0x00007ff9f5da0000 - 0x00007ff9f5db9000 	C:\Users\TranAnh computer\.jdks\corretto-17.0.9-1\bin\net.dll
0x00007ffa28a70000 - 0x00007ffa28b7a000 	C:\WINDOWS\SYSTEM32\WINHTTP.dll
0x00007ffa2e050000 - 0x00007ffa2e0ba000 	C:\WINDOWS\system32\mswsock.dll
0x00007ff9f5d80000 - 0x00007ff9f5d96000 	C:\Users\TranAnh computer\.jdks\corretto-17.0.9-1\bin\nio.dll
0x00007ffa26180000 - 0x00007ffa2619a000 	C:\Program Files\JetBrains\IntelliJ IDEA 2023.2.3\bin\breakgen64.dll
0x00007ffa2dd10000 - 0x00007ffa2ddda000 	C:\WINDOWS\SYSTEM32\DNSAPI.dll
0x00007ffa2dcd0000 - 0x00007ffa2dd0b000 	C:\WINDOWS\SYSTEM32\IPHLPAPI.DLL
0x00007ffa30f50000 - 0x00007ffa30f58000 	C:\WINDOWS\System32\NSI.dll
0x00007ffa260f0000 - 0x00007ffa260fa000 	C:\Windows\System32\rasadhlp.dll
0x00007ffa26fd0000 - 0x00007ffa27050000 	C:\WINDOWS\System32\fwpuclnt.dll
0x00007ffa2eab0000 - 0x00007ffa2ead7000 	C:\WINDOWS\System32\bcrypt.dll
0x00007ffa2a6f0000 - 0x00007ffa2a6f9000 	C:\Users\TranAnh computer\.jdks\corretto-17.0.9-1\bin\management.dll
0x00007ffa2a680000 - 0x00007ffa2a68b000 	C:\Users\TranAnh computer\.jdks\corretto-17.0.9-1\bin\management_ext.dll
0x00007ffa2f3d0000 - 0x00007ffa2f3d8000 	C:\WINDOWS\System32\PSAPI.DLL
0x00007ffa2e240000 - 0x00007ffa2e258000 	C:\WINDOWS\SYSTEM32\CRYPTSP.dll
0x00007ffa2d910000 - 0x00007ffa2d944000 	C:\WINDOWS\system32\rsaenh.dll
0x00007ffa2e760000 - 0x00007ffa2e78e000 	C:\WINDOWS\SYSTEM32\USERENV.dll
0x00007ffa2e260000 - 0x00007ffa2e26c000 	C:\WINDOWS\SYSTEM32\CRYPTBASE.dll
0x00007ffa28e90000 - 0x00007ffa28ea7000 	C:\WINDOWS\SYSTEM32\dhcpcsvc6.DLL
0x00007ffa29450000 - 0x00007ffa2946d000 	C:\WINDOWS\SYSTEM32\dhcpcsvc.DLL
0x00007ffa1e0b0000 - 0x00007ffa1e0c7000 	C:\WINDOWS\system32\napinsp.dll
0x00007ffa1e090000 - 0x00007ffa1e0ab000 	C:\WINDOWS\system32\pnrpnsp.dll
0x00007ffa1ded0000 - 0x00007ffa1dee5000 	C:\WINDOWS\system32\wshbth.dll
0x00007ffa2a600000 - 0x00007ffa2a61d000 	C:\WINDOWS\system32\NLAapi.dll
0x00007ffa1deb0000 - 0x00007ffa1dec2000 	C:\WINDOWS\System32\winrnr.dll
0x00007ffa2a0f0000 - 0x00007ffa2a0fe000 	C:\Users\TranAnh computer\.jdks\corretto-17.0.9-1\bin\sunmscapi.dll
0x00007ffa2ebe0000 - 0x00007ffa2ed3d000 	C:\WINDOWS\System32\CRYPT32.dll
0x00007ffa2e360000 - 0x00007ffa2e387000 	C:\WINDOWS\SYSTEM32\ncrypt.dll
0x00007ffa2e320000 - 0x00007ffa2e35b000 	C:\WINDOWS\SYSTEM32\NTASN1.dll
0x00007ffa2a0e0000 - 0x00007ffa2a0f0000 	C:\Users\TranAnh computer\.jdks\corretto-17.0.9-1\bin\verify.dll
0x00007ffa21950000 - 0x00007ffa21957000 	C:\WINDOWS\system32\wshunix.dll

dbghelp: loaded successfully - version: 4.0.5 - missing functions: none
symbol engine: initialized successfully - sym options: 0x614 - pdb path: .;C:\Users\TranAnh computer\.jdks\corretto-17.0.9-1\bin;C:\WINDOWS\SYSTEM32;C:\WINDOWS\WinSxS\amd64_microsoft.windows.common-controls_6595b64144ccf1df_6.0.19041.3636_none_60b6a03d71f818d5;C:\Users\TranAnh computer\.jdks\corretto-17.0.9-1\bin\server;C:\Program Files\JetBrains\IntelliJ IDEA 2023.2.3\bin

VM Arguments:
jvm_args: -XX:TieredStopAtLevel=1 -Dspring.output.ansi.enabled=always -Dcom.sun.management.jmxremote -Dspring.jmx.enabled=true -Dspring.liveBeansView.mbeanDomain -Dspring.application.admin.enabled=true -Dmanagement.endpoints.jmx.exposure.include=* -javaagent:C:\Program Files\JetBrains\IntelliJ IDEA 2023.2.3\lib\idea_rt.jar=56630:C:\Program Files\JetBrains\IntelliJ IDEA 2023.2.3\bin -Dfile.encoding=UTF-8 
java_command: project.fashion.FashionApplication
java_class_path (initial): C:\Users\TranAnh computer\IdeaProjects\fashion\target\classes;C:\Users\TranAnh computer\.m2\repository\org\springframework\boot\spring-boot-starter-data-jpa\3.1.5\spring-boot-starter-data-jpa-3.1.5.jar;C:\Users\TranAnh computer\.m2\repository\org\springframework\boot\spring-boot-starter-aop\3.1.5\spring-boot-starter-aop-3.1.5.jar;C:\Users\TranAnh computer\.m2\repository\org\aspectj\aspectjweaver\1.9.20\aspectjweaver-1.9.20.jar;C:\Users\TranAnh computer\.m2\repository\org\springframework\boot\spring-boot-starter-jdbc\3.1.5\spring-boot-starter-jdbc-3.1.5.jar;C:\Users\TranAnh computer\.m2\repository\com\zaxxer\HikariCP\5.0.1\HikariCP-5.0.1.jar;C:\Users\TranAnh computer\.m2\repository\org\springframework\spring-jdbc\6.0.13\spring-jdbc-6.0.13.jar;C:\Users\TranAnh computer\.m2\repository\org\springframework\data\spring-data-jpa\3.1.5\spring-data-jpa-3.1.5.jar;C:\Users\TranAnh computer\.m2\repository\org\springframework\data\spring-data-commons\3.1.5\spring-data-commons-3.1.5.jar;C:\Users\TranAnh computer\.m2\repository\org\springframework\spring-orm\6.0.13\spring-orm-6.0.13.jar;C:\Users\TranAnh computer\.m2\repository\org\springframework\spring-tx\6.0.13\spring-tx-6.0.13.jar;C:\Users\TranAnh computer\.m2\repository\jakarta\annotation\jakarta.annotation-api\2.1.1\jakarta.annotation-api-2.1.1.jar;C:\Users\TranAnh computer\.m2\repository\org\springframework\spring-aspects\6.0.13\spring-aspects-6.0.13.jar;C:\Users\TranAnh computer\.m2\repository\org\springframework\boot\spring-boot-starter-thymeleaf\3.1.5\spring-boot-starter-thymeleaf-3.1.5.jar;C:\Users\TranAnh computer\.m2\repository\org\springframework\boot\spring-boot-starter\3.1.5\spring-boot-starter-3.1.5.jar;C:\Users\TranAnh computer\.m2\repository\org\springframework\boot\spring-boot-starter-logging\3.1.5\spring-boot-starter-logging-3.1.5.jar;C:\Users\TranAnh computer\.m2\repository\ch\qos\logback\logback-classic\1.4.11\logback-classic-1.4.11.jar;C:\Users\TranAnh computer\.m2\repository\ch\
Launcher Type: SUN_STANDARD

[Global flags]
     intx CICompilerCount                          = 3                                         {product} {ergonomic}
     uint ConcGCThreads                            = 1                                         {product} {ergonomic}
     uint G1ConcRefinementThreads                  = 4                                         {product} {ergonomic}
   size_t G1HeapRegionSize                         = 1048576                                   {product} {ergonomic}
    uintx GCDrainStackTargetSize                   = 64                                        {product} {ergonomic}
   size_t InitialHeapSize                          = 134217728                                 {product} {ergonomic}
     bool ManagementServer                         = true                                      {product} {command line}
   size_t MarkStackSize                            = 4194304                                   {product} {ergonomic}
   size_t MaxHeapSize                              = 2132803584                                {product} {ergonomic}
   size_t MaxNewSize                               = 1279262720                                {product} {ergonomic}
   size_t MinHeapDeltaBytes                        = 1048576                                   {product} {ergonomic}
   size_t MinHeapSize                              = 8388608                                   {product} {ergonomic}
    uintx NonProfiledCodeHeapSize                  = 0                                      {pd product} {ergonomic}
     bool ProfileInterpreter                       = false                                  {pd product} {command line}
    uintx ProfiledCodeHeapSize                     = 0                                      {pd product} {ergonomic}
   size_t SoftMaxHeapSize                          = 2132803584                             {manageable} {ergonomic}
     intx TieredStopAtLevel                        = 1                                         {product} {command line}
     bool UseCompressedClassPointers               = true                           {product lp64_product} {ergonomic}
     bool UseCompressedOops                        = true                           {product lp64_product} {ergonomic}
     bool UseG1GC                                  = true                                      {product} {ergonomic}
     bool UseLargePagesIndividualAllocation        = false                                  {pd product} {ergonomic}

Logging:
Log output configuration:
 #0: stdout all=warning uptime,level,tags
 #1: stderr all=off uptime,level,tags

Environment Variables:
PATH=C:\WINDOWS\system32;C:\WINDOWS;C:\WINDOWS\System32\Wbem;C:\WINDOWS\System32\WindowsPowerShell\v1.0\;C:\WINDOWS\System32\OpenSSH\;C:\Program Files\Git\cmd;C:\Program Files\Microsoft SQL Server\150\Tools\Binn\;C:\Program Files\Microsoft SQL Server\Client SDK\ODBC\170\Tools\Binn\;C:\Program Files\dotnet\;C:\Users\TranAnh computer\AppData\Local\Microsoft\WindowsApps;;C:\Users\TranAnh computer\AppData\Local\Programs\Microsoft VS Code\bin;C:\Users\TranAnh computer\.dotnet\tools
USERNAME=TranAnh computer
OS=Windows_NT
PROCESSOR_IDENTIFIER=Intel64 Family 6 Model 158 Stepping 11, GenuineIntel
TMP=C:\Users\TRANAN~1\AppData\Local\Temp
TEMP=C:\Users\TRANAN~1\AppData\Local\Temp



Periodic native trim disabled


---------------  S Y S T E M  ---------------

OS:
 Windows 10 , 64 bit Build 19041 (10.0.19041.3636)
OS uptime: 7 days 2:32 hours

CPU: total 4 (initial active 4) (4 cores per cpu, 1 threads per core) family 6 model 158 stepping 11 microcode 0xb4, cx8, cmov, fxsr, mmx, 3dnowpref, sse, sse2, sse3, ssse3, sse4.1, sse4.2, popcnt, lzcnt, tsc, tscinvbit, avx, avx2, aes, erms, clmul, bmi1, bmi2, adx, fma, vzeroupper, clflush, clflushopt
Processor Information for all 4 processors :
  Max Mhz: 3600, Current Mhz: 3600, Mhz Limit: 3600

Memory: 4k page, system-wide physical 8130M (801M free)
TotalPageFile size 12130M (AvailPageFile size 146M)
current process WorkingSet (physical memory assigned to process): 304M, peak: 412M
current process commit charge ("private bytes"): 352M, peak: 546M

vm_info: OpenJDK 64-Bit Server VM (17.0.9+8-LTS) for windows-amd64 JRE (17.0.9+8-LTS), built on Oct 12 2023 16:15:33 by "Administrator" with MS VC++ 16.10 / 16.11 (VS2019)

END.
